<?xml version="1.0" encoding="UTF-8"?>
<coverage generated="1712718008022" clover="3.2.0">
  <project timestamp="1712718008022" name="All files">
    <metrics statements="420" coveredstatements="210" conditionals="123" coveredconditionals="37" methods="77" coveredmethods="30" elements="620" coveredelements="277" complexity="0" loc="420" ncloc="420" packages="5" files="15" classes="15"/>
    <package name="api">
      <metrics statements="30" coveredstatements="28" conditionals="2" coveredconditionals="1" methods="2" coveredmethods="1"/>
      <file name="index.js" path="C:\Users\mrder\OneDrive\Documents\College Stuff\TAMU YEAR 3\CSCE331\project-3-full-stack-agile-web-project-3-903-13\api\index.js">
        <metrics statements="30" coveredstatements="28" conditionals="2" coveredconditionals="1" methods="2" coveredmethods="1"/>
        <line num="1" count="3" type="stmt"/>
        <line num="2" count="3" type="stmt"/>
        <line num="3" count="3" type="stmt"/>
        <line num="4" count="3" type="stmt"/>
        <line num="6" count="3" type="stmt"/>
        <line num="7" count="3" type="stmt"/>
        <line num="14" count="3" type="stmt"/>
        <line num="21" count="3" type="stmt"/>
        <line num="22" count="3" type="stmt"/>
        <line num="25" count="3" type="stmt"/>
        <line num="26" count="3" type="stmt"/>
        <line num="27" count="3" type="stmt"/>
        <line num="28" count="3" type="stmt"/>
        <line num="29" count="3" type="stmt"/>
        <line num="30" count="3" type="stmt"/>
        <line num="31" count="3" type="stmt"/>
        <line num="34" count="3" type="stmt"/>
        <line num="35" count="3" type="stmt"/>
        <line num="36" count="3" type="stmt"/>
        <line num="37" count="3" type="stmt"/>
        <line num="38" count="3" type="stmt"/>
        <line num="39" count="3" type="stmt"/>
        <line num="41" count="3" type="stmt"/>
        <line num="44" count="1" type="stmt"/>
        <line num="45" count="0" type="stmt"/>
        <line num="47" count="1" type="stmt"/>
        <line num="50" count="3" type="cond" truecount="1" falsecount="1"/>
        <line num="51" count="0" type="stmt"/>
        <line num="54" count="3" type="stmt"/>
        <line num="55" count="3" type="stmt"/>
      </file>
    </package>
    <package name="api.config">
      <metrics statements="3" coveredstatements="3" conditionals="0" coveredconditionals="0" methods="0" coveredmethods="0"/>
      <file name="db.js" path="C:\Users\mrder\OneDrive\Documents\College Stuff\TAMU YEAR 3\CSCE331\project-3-full-stack-agile-web-project-3-903-13\api\config\db.js">
        <metrics statements="3" coveredstatements="3" conditionals="0" coveredconditionals="0" methods="0" coveredmethods="0"/>
        <line num="1" count="5" type="stmt"/>
        <line num="3" count="5" type="stmt"/>
        <line num="11" count="5" type="stmt"/>
      </file>
    </package>
    <package name="api.routes">
      <metrics statements="69" coveredstatements="68" conditionals="8" coveredconditionals="8" methods="5" coveredmethods="5"/>
      <file name="employees.js" path="C:\Users\mrder\OneDrive\Documents\College Stuff\TAMU YEAR 3\CSCE331\project-3-full-stack-agile-web-project-3-903-13\api\routes\employees.js">
        <metrics statements="5" coveredstatements="5" conditionals="0" coveredconditionals="0" methods="1" coveredmethods="1"/>
        <line num="1" count="4" type="stmt"/>
        <line num="2" count="4" type="stmt"/>
        <line num="4" count="4" type="stmt"/>
        <line num="5" count="1" type="stmt"/>
        <line num="8" count="4" type="stmt"/>
      </file>
      <file name="foodItems.js" path="C:\Users\mrder\OneDrive\Documents\College Stuff\TAMU YEAR 3\CSCE331\project-3-full-stack-agile-web-project-3-903-13\api\routes\foodItems.js">
        <metrics statements="5" coveredstatements="5" conditionals="0" coveredconditionals="0" methods="1" coveredmethods="1"/>
        <line num="1" count="4" type="stmt"/>
        <line num="2" count="4" type="stmt"/>
        <line num="4" count="4" type="stmt"/>
        <line num="5" count="1" type="stmt"/>
        <line num="8" count="4" type="stmt"/>
      </file>
      <file name="ingredients.js" path="C:\Users\mrder\OneDrive\Documents\College Stuff\TAMU YEAR 3\CSCE331\project-3-full-stack-agile-web-project-3-903-13\api\routes\ingredients.js">
        <metrics statements="5" coveredstatements="5" conditionals="0" coveredconditionals="0" methods="1" coveredmethods="1"/>
        <line num="1" count="4" type="stmt"/>
        <line num="2" count="4" type="stmt"/>
        <line num="4" count="4" type="stmt"/>
        <line num="5" count="1" type="stmt"/>
        <line num="8" count="4" type="stmt"/>
      </file>
      <file name="inventory.js" path="C:\Users\mrder\OneDrive\Documents\College Stuff\TAMU YEAR 3\CSCE331\project-3-full-stack-agile-web-project-3-903-13\api\routes\inventory.js">
        <metrics statements="20" coveredstatements="20" conditionals="4" coveredconditionals="4" methods="1" coveredmethods="1"/>
        <line num="1" count="4" type="stmt"/>
        <line num="2" count="4" type="stmt"/>
        <line num="4" count="4" type="stmt"/>
        <line num="8" count="4" type="stmt"/>
        <line num="12" count="4" type="stmt"/>
        <line num="13" count="3" type="stmt"/>
        <line num="15" count="3" type="cond" truecount="4" falsecount="0"/>
        <line num="16" count="1" type="stmt"/>
        <line num="17" count="1" type="stmt"/>
        <line num="20" count="2" type="stmt"/>
        <line num="21" count="2" type="stmt"/>
        <line num="22" count="1" type="stmt"/>
        <line num="25" count="1" type="stmt"/>
        <line num="28" count="4" type="stmt"/>
        <line num="32" count="4" type="stmt"/>
        <line num="35" count="4" type="stmt"/>
        <line num="36" count="4" type="stmt"/>
        <line num="37" count="4" type="stmt"/>
        <line num="40" count="4" type="stmt"/>
        <line num="42" count="4" type="stmt"/>
      </file>
      <file name="menuItems.js" path="C:\Users\mrder\OneDrive\Documents\College Stuff\TAMU YEAR 3\CSCE331\project-3-full-stack-agile-web-project-3-903-13\api\routes\menuItems.js">
        <metrics statements="11" coveredstatements="11" conditionals="0" coveredconditionals="0" methods="0" coveredmethods="0"/>
        <line num="1" count="3" type="stmt"/>
        <line num="2" count="3" type="stmt"/>
        <line num="3" count="3" type="stmt"/>
        <line num="6" count="3" type="stmt"/>
        <line num="9" count="3" type="stmt"/>
        <line num="10" count="3" type="stmt"/>
        <line num="13" count="3" type="stmt"/>
        <line num="14" count="3" type="stmt"/>
        <line num="15" count="3" type="stmt"/>
        <line num="18" count="3" type="stmt"/>
        <line num="21" count="3" type="stmt"/>
      </file>
      <file name="reports.js" path="C:\Users\mrder\OneDrive\Documents\College Stuff\TAMU YEAR 3\CSCE331\project-3-full-stack-agile-web-project-3-903-13\api\routes\reports.js">
        <metrics statements="18" coveredstatements="17" conditionals="4" coveredconditionals="4" methods="1" coveredmethods="1"/>
        <line num="1" count="4" type="stmt"/>
        <line num="2" count="4" type="stmt"/>
        <line num="3" count="4" type="stmt"/>
        <line num="4" count="4" type="stmt"/>
        <line num="5" count="4" type="stmt"/>
        <line num="8" count="4" type="stmt"/>
        <line num="11" count="4" type="stmt"/>
        <line num="12" count="2" type="stmt"/>
        <line num="14" count="2" type="cond" truecount="4" falsecount="0"/>
        <line num="15" count="1" type="stmt"/>
        <line num="16" count="1" type="stmt"/>
        <line num="19" count="1" type="stmt"/>
        <line num="20" count="1" type="stmt"/>
        <line num="21" count="1" type="stmt"/>
        <line num="24" count="0" type="stmt"/>
        <line num="28" count="4" type="stmt"/>
        <line num="30" count="4" type="stmt"/>
        <line num="33" count="4" type="stmt"/>
      </file>
      <file name="transactions.js" path="C:\Users\mrder\OneDrive\Documents\College Stuff\TAMU YEAR 3\CSCE331\project-3-full-stack-agile-web-project-3-903-13\api\routes\transactions.js">
        <metrics statements="5" coveredstatements="5" conditionals="0" coveredconditionals="0" methods="0" coveredmethods="0"/>
        <line num="1" count="3" type="stmt"/>
        <line num="2" count="3" type="stmt"/>
        <line num="3" count="3" type="stmt"/>
        <line num="6" count="3" type="stmt"/>
        <line num="11" count="3" type="stmt"/>
      </file>
    </package>
    <package name="api.services">
      <metrics statements="271" coveredstatements="93" conditionals="99" coveredconditionals="26" methods="57" coveredmethods="20"/>
      <file name="inventory.js" path="C:\Users\mrder\OneDrive\Documents\College Stuff\TAMU YEAR 3\CSCE331\project-3-full-stack-agile-web-project-3-903-13\api\services\inventory.js">
        <metrics statements="91" coveredstatements="43" conditionals="36" coveredconditionals="14" methods="21" coveredmethods="10"/>
        <line num="1" count="5" type="stmt"/>
        <line num="6" count="5" type="stmt"/>
        <line num="7" count="2" type="stmt"/>
        <line num="8" count="2" type="cond" truecount="2" falsecount="0"/>
        <line num="9" count="1" type="stmt"/>
        <line num="10" count="1" type="stmt"/>
        <line num="12" count="1" type="stmt"/>
        <line num="19" count="5" type="stmt"/>
        <line num="20" count="0" type="stmt"/>
        <line num="21" count="0" type="stmt"/>
        <line num="24" count="0" type="cond" truecount="0" falsecount="2"/>
        <line num="26" count="0" type="stmt"/>
        <line num="27" count="0" type="stmt"/>
        <line num="28" count="0" type="cond" truecount="0" falsecount="2"/>
        <line num="29" count="0" type="stmt"/>
        <line num="30" count="0" type="stmt"/>
        <line num="32" count="0" type="stmt"/>
        <line num="36" count="0" type="cond" truecount="0" falsecount="2"/>
        <line num="38" count="0" type="stmt"/>
        <line num="39" count="0" type="stmt"/>
        <line num="41" count="0" type="stmt"/>
        <line num="53" count="5" type="stmt"/>
        <line num="54" count="0" type="stmt"/>
        <line num="55" count="0" type="stmt"/>
        <line num="58" count="0" type="cond" truecount="0" falsecount="2"/>
        <line num="60" count="0" type="stmt"/>
        <line num="61" count="0" type="stmt"/>
        <line num="62" count="0" type="cond" truecount="0" falsecount="2"/>
        <line num="63" count="0" type="stmt"/>
        <line num="64" count="0" type="stmt"/>
        <line num="66" count="0" type="stmt"/>
        <line num="70" count="0" type="cond" truecount="0" falsecount="2"/>
        <line num="72" count="0" type="stmt"/>
        <line num="73" count="0" type="stmt"/>
        <line num="75" count="0" type="stmt"/>
        <line num="87" count="5" type="stmt"/>
        <line num="88" count="0" type="stmt"/>
        <line num="89" count="0" type="stmt"/>
        <line num="92" count="0" type="cond" truecount="0" falsecount="2"/>
        <line num="94" count="0" type="stmt"/>
        <line num="95" count="0" type="stmt"/>
        <line num="96" count="0" type="cond" truecount="0" falsecount="2"/>
        <line num="97" count="0" type="stmt"/>
        <line num="98" count="0" type="stmt"/>
        <line num="100" count="0" type="stmt"/>
        <line num="104" count="0" type="cond" truecount="0" falsecount="2"/>
        <line num="106" count="0" type="stmt"/>
        <line num="107" count="0" type="stmt"/>
        <line num="109" count="0" type="stmt"/>
        <line num="121" count="5" type="stmt"/>
        <line num="122" count="3" type="stmt"/>
        <line num="123" count="3" type="stmt"/>
        <line num="126" count="3" type="cond" truecount="2" falsecount="0"/>
        <line num="128" count="1" type="stmt"/>
        <line num="129" count="1" type="stmt"/>
        <line num="130" count="2" type="cond" truecount="2" falsecount="0"/>
        <line num="131" count="1" type="stmt"/>
        <line num="132" count="1" type="stmt"/>
        <line num="134" count="1" type="stmt"/>
        <line num="138" count="1" type="cond" truecount="1" falsecount="1"/>
        <line num="140" count="0" type="stmt"/>
        <line num="141" count="0" type="stmt"/>
        <line num="143" count="1" type="stmt"/>
        <line num="155" count="5" type="stmt"/>
        <line num="156" count="3" type="stmt"/>
        <line num="157" count="3" type="stmt"/>
        <line num="161" count="3" type="cond" truecount="2" falsecount="0"/>
        <line num="163" count="1" type="stmt"/>
        <line num="164" count="1" type="stmt"/>
        <line num="166" count="2" type="cond" truecount="2" falsecount="0"/>
        <line num="168" count="1" type="stmt"/>
        <line num="169" count="1" type="stmt"/>
        <line num="171" count="1" type="stmt"/>
        <line num="181" count="5" type="stmt"/>
        <line num="182" count="0" type="stmt"/>
        <line num="211" count="0" type="stmt"/>
        <line num="213" count="0" type="stmt"/>
        <line num="214" count="0" type="cond" truecount="0" falsecount="2"/>
        <line num="215" count="0" type="stmt"/>
        <line num="217" count="0" type="stmt"/>
        <line num="227" count="5" type="stmt"/>
        <line num="228" count="2" type="stmt"/>
        <line num="229" count="2" type="cond" truecount="2" falsecount="0"/>
        <line num="230" count="1" type="stmt"/>
        <line num="231" count="1" type="stmt"/>
        <line num="235" count="1" type="stmt"/>
        <line num="265" count="1" type="stmt"/>
        <line num="266" count="1" type="cond" truecount="1" falsecount="1"/>
        <line num="267" count="0" type="stmt"/>
        <line num="269" count="1" type="stmt"/>
        <line num="277" count="5" type="stmt"/>
      </file>
      <file name="menuitems.js" path="C:\Users\mrder\OneDrive\Documents\College Stuff\TAMU YEAR 3\CSCE331\project-3-full-stack-agile-web-project-3-903-13\api\services\menuitems.js">
        <metrics statements="136" coveredstatements="13" conditionals="50" coveredconditionals="1" methods="26" coveredmethods="2"/>
        <line num="1" count="3" type="stmt"/>
        <line num="2" count="3" type="stmt"/>
        <line num="4" count="3" type="stmt"/>
        <line num="5" count="1" type="stmt"/>
        <line num="6" count="1" type="cond" truecount="1" falsecount="1"/>
        <line num="7" count="0" type="stmt"/>
        <line num="8" count="0" type="stmt"/>
        <line num="10" count="1" type="stmt"/>
        <line num="14" count="3" type="stmt"/>
        <line num="15" count="0" type="stmt"/>
        <line num="16" count="0" type="stmt"/>
        <line num="19" count="0" type="cond" truecount="0" falsecount="2"/>
        <line num="20" count="0" type="stmt"/>
        <line num="21" count="0" type="stmt"/>
        <line num="22" count="0" type="cond" truecount="0" falsecount="2"/>
        <line num="23" count="0" type="stmt"/>
        <line num="24" count="0" type="stmt"/>
        <line num="26" count="0" type="stmt"/>
        <line num="27" count="0" type="stmt"/>
        <line num="30" count="0" type="cond" truecount="0" falsecount="2"/>
        <line num="31" count="0" type="stmt"/>
        <line num="32" count="0" type="stmt"/>
        <line num="33" count="0" type="stmt"/>
        <line num="35" count="0" type="stmt"/>
        <line num="42" count="3" type="stmt"/>
        <line num="43" count="0" type="stmt"/>
        <line num="44" count="0" type="stmt"/>
        <line num="48" count="0" type="cond" truecount="0" falsecount="2"/>
        <line num="49" count="0" type="stmt"/>
        <line num="50" count="0" type="stmt"/>
        <line num="51" count="0" type="stmt"/>
        <line num="52" count="0" type="cond" truecount="0" falsecount="2"/>
        <line num="53" count="0" type="stmt"/>
        <line num="54" count="0" type="stmt"/>
        <line num="56" count="0" type="stmt"/>
        <line num="60" count="0" type="cond" truecount="0" falsecount="2"/>
        <line num="61" count="0" type="stmt"/>
        <line num="62" count="0" type="stmt"/>
        <line num="63" count="0" type="stmt"/>
        <line num="66" count="0" type="stmt"/>
        <line num="68" count="0" type="cond" truecount="0" falsecount="2"/>
        <line num="69" count="0" type="stmt"/>
        <line num="73" count="0" type="cond" truecount="0" falsecount="2"/>
        <line num="74" count="0" type="stmt"/>
        <line num="75" count="0" type="stmt"/>
        <line num="76" count="0" type="stmt"/>
        <line num="84" count="0" type="stmt"/>
        <line num="85" count="0" type="stmt"/>
        <line num="86" count="0" type="stmt"/>
        <line num="87" count="0" type="stmt"/>
        <line num="88" count="0" type="cond" truecount="0" falsecount="2"/>
        <line num="89" count="0" type="stmt"/>
        <line num="90" count="0" type="stmt"/>
        <line num="91" count="0" type="stmt"/>
        <line num="96" count="0" type="stmt"/>
        <line num="108" count="3" type="stmt"/>
        <line num="109" count="0" type="stmt"/>
        <line num="110" count="0" type="stmt"/>
        <line num="113" count="0" type="cond" truecount="0" falsecount="2"/>
        <line num="114" count="0" type="stmt"/>
        <line num="115" count="0" type="stmt"/>
        <line num="116" count="0" type="stmt"/>
        <line num="117" count="0" type="cond" truecount="0" falsecount="2"/>
        <line num="118" count="0" type="stmt"/>
        <line num="119" count="0" type="stmt"/>
        <line num="121" count="0" type="stmt"/>
        <line num="125" count="0" type="cond" truecount="0" falsecount="2"/>
        <line num="126" count="0" type="stmt"/>
        <line num="127" count="0" type="stmt"/>
        <line num="128" count="0" type="stmt"/>
        <line num="130" count="0" type="stmt"/>
        <line num="139" count="3" type="stmt"/>
        <line num="140" count="0" type="stmt"/>
        <line num="141" count="0" type="stmt"/>
        <line num="144" count="0" type="cond" truecount="0" falsecount="2"/>
        <line num="145" count="0" type="stmt"/>
        <line num="146" count="0" type="stmt"/>
        <line num="147" count="0" type="stmt"/>
        <line num="148" count="0" type="cond" truecount="0" falsecount="2"/>
        <line num="149" count="0" type="stmt"/>
        <line num="150" count="0" type="stmt"/>
        <line num="152" count="0" type="stmt"/>
        <line num="156" count="0" type="cond" truecount="0" falsecount="2"/>
        <line num="157" count="0" type="stmt"/>
        <line num="158" count="0" type="stmt"/>
        <line num="159" count="0" type="stmt"/>
        <line num="161" count="0" type="stmt"/>
        <line num="170" count="3" type="stmt"/>
        <line num="171" count="0" type="stmt"/>
        <line num="172" count="0" type="stmt"/>
        <line num="176" count="0" type="cond" truecount="0" falsecount="2"/>
        <line num="177" count="0" type="stmt"/>
        <line num="178" count="0" type="stmt"/>
        <line num="179" count="0" type="stmt"/>
        <line num="180" count="0" type="cond" truecount="0" falsecount="2"/>
        <line num="181" count="0" type="stmt"/>
        <line num="182" count="0" type="stmt"/>
        <line num="184" count="0" type="stmt"/>
        <line num="185" count="0" type="stmt"/>
        <line num="189" count="0" type="cond" truecount="0" falsecount="2"/>
        <line num="190" count="0" type="stmt"/>
        <line num="191" count="0" type="stmt"/>
        <line num="192" count="0" type="stmt"/>
        <line num="195" count="0" type="stmt"/>
        <line num="196" count="0" type="stmt"/>
        <line num="197" count="0" type="stmt"/>
        <line num="198" count="0" type="stmt"/>
        <line num="199" count="0" type="cond" truecount="0" falsecount="2"/>
        <line num="200" count="0" type="stmt"/>
        <line num="201" count="0" type="stmt"/>
        <line num="202" count="0" type="stmt"/>
        <line num="207" count="0" type="stmt"/>
        <line num="218" count="3" type="stmt"/>
        <line num="219" count="0" type="stmt"/>
        <line num="221" count="0" type="stmt"/>
        <line num="225" count="0" type="cond" truecount="0" falsecount="2"/>
        <line num="226" count="0" type="stmt"/>
        <line num="227" count="0" type="stmt"/>
        <line num="228" count="0" type="cond" truecount="0" falsecount="2"/>
        <line num="229" count="0" type="stmt"/>
        <line num="231" count="0" type="stmt"/>
        <line num="232" count="0" type="stmt"/>
        <line num="236" count="0" type="cond" truecount="0" falsecount="2"/>
        <line num="237" count="0" type="stmt"/>
        <line num="238" count="0" type="stmt"/>
        <line num="239" count="0" type="stmt"/>
        <line num="241" count="0" type="stmt"/>
        <line num="245" count="0" type="cond" truecount="0" falsecount="2"/>
        <line num="246" count="0" type="stmt"/>
        <line num="247" count="0" type="stmt"/>
        <line num="248" count="0" type="stmt"/>
        <line num="249" count="0" type="cond" truecount="0" falsecount="2"/>
        <line num="251" count="0" type="stmt"/>
        <line num="252" count="0" type="stmt"/>
        <line num="254" count="0" type="stmt"/>
        <line num="268" count="3" type="stmt"/>
      </file>
      <file name="transactions.js" path="C:\Users\mrder\OneDrive\Documents\College Stuff\TAMU YEAR 3\CSCE331\project-3-full-stack-agile-web-project-3-903-13\api\services\transactions.js">
        <metrics statements="44" coveredstatements="37" conditionals="13" coveredconditionals="11" methods="10" coveredmethods="8"/>
        <line num="1" count="3" type="stmt"/>
        <line num="3" count="3" type="stmt"/>
        <line num="4" count="2" type="stmt"/>
        <line num="5" count="2" type="stmt"/>
        <line num="6" count="3" type="cond" truecount="4" falsecount="0"/>
        <line num="7" count="1" type="stmt"/>
        <line num="10" count="2" type="stmt"/>
        <line num="13" count="3" type="stmt"/>
        <line num="14" count="1" type="stmt"/>
        <line num="16" count="1" type="stmt"/>
        <line num="17" count="1" type="stmt"/>
        <line num="18" count="1" type="stmt"/>
        <line num="20" count="0" type="stmt"/>
        <line num="24" count="3" type="stmt"/>
        <line num="25" count="1" type="stmt"/>
        <line num="27" count="1" type="stmt"/>
        <line num="28" count="0" type="cond" truecount="0" falsecount="2"/>
        <line num="29" count="0" type="stmt"/>
        <line num="35" count="3" type="stmt"/>
        <line num="36" count="1" type="stmt"/>
        <line num="38" count="1" type="stmt"/>
        <line num="39" count="1" type="stmt"/>
        <line num="40" count="0" type="stmt"/>
        <line num="41" count="0" type="stmt"/>
        <line num="44" count="0" type="stmt"/>
        <line num="49" count="3" type="stmt"/>
        <line num="50" count="5" type="stmt"/>
        <line num="51" count="5" type="stmt"/>
        <line num="52" count="5" type="stmt"/>
        <line num="54" count="5" type="cond" truecount="5" falsecount="0"/>
        <line num="55" count="3" type="stmt"/>
        <line num="56" count="3" type="stmt"/>
        <line num="59" count="2" type="stmt"/>
        <line num="60" count="2" type="stmt"/>
        <line num="61" count="2" type="cond" truecount="2" falsecount="0"/>
        <line num="62" count="1" type="stmt"/>
        <line num="63" count="1" type="stmt"/>
        <line num="66" count="1" type="stmt"/>
        <line num="67" count="1" type="stmt"/>
        <line num="68" count="1" type="stmt"/>
        <line num="69" count="1" type="stmt"/>
        <line num="70" count="1" type="stmt"/>
        <line num="72" count="0" type="stmt"/>
        <line num="76" count="3" type="stmt"/>
      </file>
    </package>
    <package name="api.services.reports">
      <metrics statements="47" coveredstatements="18" conditionals="14" coveredconditionals="2" methods="13" coveredmethods="4"/>
      <file name="restockReport.js" path="C:\Users\mrder\OneDrive\Documents\College Stuff\TAMU YEAR 3\CSCE331\project-3-full-stack-agile-web-project-3-903-13\api\services\reports\restockReport.js">
        <metrics statements="15" coveredstatements="4" conditionals="4" coveredconditionals="0" methods="4" coveredmethods="0"/>
        <line num="1" count="4" type="stmt"/>
        <line num="3" count="4" type="stmt"/>
        <line num="4" count="0" type="stmt"/>
        <line num="7" count="0" type="cond" truecount="0" falsecount="2"/>
        <line num="9" count="0" type="stmt"/>
        <line num="12" count="0" type="stmt"/>
        <line num="19" count="4" type="stmt"/>
        <line num="29" count="0" type="stmt"/>
        <line num="35" count="0" type="stmt"/>
        <line num="36" count="0" type="cond" truecount="0" falsecount="2"/>
        <line num="38" count="0" type="stmt"/>
        <line num="39" count="0" type="stmt"/>
        <line num="42" count="0" type="stmt"/>
        <line num="43" count="0" type="stmt"/>
        <line num="47" count="4" type="stmt"/>
      </file>
      <file name="salesReport.js" path="C:\Users\mrder\OneDrive\Documents\College Stuff\TAMU YEAR 3\CSCE331\project-3-full-stack-agile-web-project-3-903-13\api\services\reports\salesReport.js">
        <metrics statements="13" coveredstatements="11" conditionals="4" coveredconditionals="2" methods="5" coveredmethods="4"/>
        <line num="1" count="4" type="stmt"/>
        <line num="4" count="4" type="stmt"/>
        <line num="5" count="4" type="stmt"/>
        <line num="7" count="4" type="stmt"/>
        <line num="8" count="1" type="stmt"/>
        <line num="9" count="1" type="cond" truecount="1" falsecount="1"/>
        <line num="11" count="0" type="stmt"/>
        <line num="15" count="1" type="stmt"/>
        <line num="24" count="1" type="stmt"/>
        <line num="25" count="1" type="cond" truecount="1" falsecount="1"/>
        <line num="26" count="0" type="stmt"/>
        <line num="28" count="1" type="stmt"/>
        <line num="34" count="4" type="stmt"/>
      </file>
      <file name="whatSellsTogether.js" path="C:\Users\mrder\OneDrive\Documents\College Stuff\TAMU YEAR 3\CSCE331\project-3-full-stack-agile-web-project-3-903-13\api\services\reports\whatSellsTogether.js">
        <metrics statements="19" coveredstatements="3" conditionals="6" coveredconditionals="0" methods="4" coveredmethods="0"/>
        <line num="1" count="4" type="stmt"/>
        <line num="3" count="4" type="stmt"/>
        <line num="4" count="0" type="stmt"/>
        <line num="5" count="0" type="stmt"/>
        <line num="10" count="0" type="stmt"/>
        <line num="14" count="0" type="stmt"/>
        <line num="15" count="0" type="cond" truecount="0" falsecount="2"/>
        <line num="16" count="0" type="stmt"/>
        <line num="17" count="0" type="stmt"/>
        <line num="19" count="0" type="stmt"/>
        <line num="20" count="0" type="stmt"/>
        <line num="21" count="0" type="cond" truecount="0" falsecount="2"/>
        <line num="22" count="0" type="stmt"/>
        <line num="23" count="0" type="stmt"/>
        <line num="25" count="0" type="stmt"/>
        <line num="26" count="0" type="stmt"/>
        <line num="27" count="0" type="cond" truecount="0" falsecount="2"/>
        <line num="28" count="0" type="stmt"/>
        <line num="36" count="4" type="stmt"/>
      </file>
    </package>
  </project>
</coverage>
