{"/home/isaacambro/CSCE331/Project-3/project-3-full-stack-agile-web-project-3-903-13/api/index.js": {"path":"/home/isaacambro/CSCE331/Project-3/project-3-full-stack-agile-web-project-3-903-13/api/index.js","statementMap":{"0":{"start":{"line":1,"column":16},"end":{"line":1,"column":34}},"1":{"start":{"line":2,"column":13},"end":{"line":2,"column":28}},"2":{"start":{"line":3,"column":12},"end":{"line":3,"column":21}},"3":{"start":{"line":4,"column":13},"end":{"line":4,"column":17}},"4":{"start":{"line":6,"column":11},"end":{"line":6,"column":33}},"5":{"start":{"line":7,"column":0},"end":{"line":7,"column":12}},"6":{"start":{"line":14,"column":0},"end":{"line":14,"column":35}},"7":{"start":{"line":21,"column":0},"end":{"line":21,"column":15}},"8":{"start":{"line":22,"column":0},"end":{"line":22,"column":23}},"9":{"start":{"line":25,"column":24},"end":{"line":25,"column":53}},"10":{"start":{"line":26,"column":27},"end":{"line":26,"column":59}},"11":{"start":{"line":27,"column":26},"end":{"line":27,"column":57}},"12":{"start":{"line":28,"column":24},"end":{"line":28,"column":53}},"13":{"start":{"line":29,"column":24},"end":{"line":29,"column":53}},"14":{"start":{"line":30,"column":24},"end":{"line":30,"column":53}},"15":{"start":{"line":31,"column":22},"end":{"line":31,"column":49}},"16":{"start":{"line":34,"column":0},"end":{"line":34,"column":42}},"17":{"start":{"line":35,"column":0},"end":{"line":35,"column":48}},"18":{"start":{"line":36,"column":0},"end":{"line":36,"column":46}},"19":{"start":{"line":37,"column":0},"end":{"line":37,"column":42}},"20":{"start":{"line":38,"column":0},"end":{"line":38,"column":42}},"21":{"start":{"line":39,"column":0},"end":{"line":39,"column":42}},"22":{"start":{"line":41,"column":0},"end":{"line":41,"column":38}},"23":{"start":{"line":44,"column":19},"end":{"line":46,"column":6}},"24":{"start":{"line":45,"column":8},"end":{"line":45,"column":50}},"25":{"start":{"line":47,"column":4},"end":{"line":47,"column":18}},"26":{"start":{"line":50,"column":0},"end":{"line":52,"column":1}},"27":{"start":{"line":51,"column":4},"end":{"line":51,"column":18}},"28":{"start":{"line":54,"column":0},"end":{"line":54,"column":21}},"29":{"start":{"line":55,"column":0},"end":{"line":55,"column":41}}},"fnMap":{"0":{"name":"startServer","decl":{"start":{"line":43,"column":9},"end":{"line":43,"column":20}},"loc":{"start":{"line":43,"column":23},"end":{"line":48,"column":1}},"line":43},"1":{"name":"(anonymous_1)","decl":{"start":{"line":44,"column":36},"end":{"line":44,"column":37}},"loc":{"start":{"line":44,"column":42},"end":{"line":46,"column":5}},"line":44}},"branchMap":{"0":{"loc":{"start":{"line":50,"column":0},"end":{"line":52,"column":1}},"type":"if","locations":[{"start":{"line":50,"column":0},"end":{"line":52,"column":1}},{"start":{},"end":{}}],"line":50}},"s":{"0":3,"1":3,"2":3,"3":3,"4":3,"5":3,"6":3,"7":3,"8":3,"9":3,"10":3,"11":3,"12":3,"13":3,"14":3,"15":3,"16":3,"17":3,"18":3,"19":3,"20":3,"21":3,"22":3,"23":1,"24":0,"25":1,"26":3,"27":0,"28":3,"29":3},"f":{"0":1,"1":0},"b":{"0":[0,3]},"_coverageSchema":"1a1c01bbd47fc00a2c39e90264f33305004495a9","hash":"3764c24b7f26dcdde738d03053d31fc38fbb0da0"}
,"/home/isaacambro/CSCE331/Project-3/project-3-full-stack-agile-web-project-3-903-13/api/config/db.js": {"path":"/home/isaacambro/CSCE331/Project-3/project-3-full-stack-agile-web-project-3-903-13/api/config/db.js","statementMap":{"0":{"start":{"line":1,"column":13},"end":{"line":1,"column":31}},"1":{"start":{"line":3,"column":11},"end":{"line":9,"column":2}},"2":{"start":{"line":11,"column":0},"end":{"line":11,"column":19}}},"fnMap":{},"branchMap":{},"s":{"0":3,"1":3,"2":3},"f":{},"b":{},"_coverageSchema":"1a1c01bbd47fc00a2c39e90264f33305004495a9","hash":"6e4ffcb78e2ab698aa64d9d45db2dbef7bd6f06a"}
,"/home/isaacambro/CSCE331/Project-3/project-3-full-stack-agile-web-project-3-903-13/api/routes/employees.js": {"path":"/home/isaacambro/CSCE331/Project-3/project-3-full-stack-agile-web-project-3-903-13/api/routes/employees.js","statementMap":{"0":{"start":{"line":1,"column":16},"end":{"line":1,"column":34}},"1":{"start":{"line":2,"column":15},"end":{"line":2,"column":31}},"2":{"start":{"line":4,"column":0},"end":{"line":6,"column":2}},"3":{"start":{"line":5,"column":1},"end":{"line":5,"column":28}},"4":{"start":{"line":8,"column":0},"end":{"line":8,"column":23}}},"fnMap":{"0":{"name":"(anonymous_0)","decl":{"start":{"line":4,"column":16},"end":{"line":4,"column":17}},"loc":{"start":{"line":4,"column":29},"end":{"line":6,"column":1}},"line":4}},"branchMap":{},"s":{"0":3,"1":3,"2":3,"3":0,"4":3},"f":{"0":0},"b":{},"_coverageSchema":"1a1c01bbd47fc00a2c39e90264f33305004495a9","hash":"205ceb050604d57623ea4ca108c9fb4da245faf0"}
,"/home/isaacambro/CSCE331/Project-3/project-3-full-stack-agile-web-project-3-903-13/api/routes/foodItems.js": {"path":"/home/isaacambro/CSCE331/Project-3/project-3-full-stack-agile-web-project-3-903-13/api/routes/foodItems.js","statementMap":{"0":{"start":{"line":1,"column":16},"end":{"line":1,"column":34}},"1":{"start":{"line":2,"column":15},"end":{"line":2,"column":31}},"2":{"start":{"line":4,"column":0},"end":{"line":6,"column":2}},"3":{"start":{"line":5,"column":1},"end":{"line":5,"column":29}},"4":{"start":{"line":8,"column":0},"end":{"line":8,"column":23}}},"fnMap":{"0":{"name":"(anonymous_0)","decl":{"start":{"line":4,"column":16},"end":{"line":4,"column":17}},"loc":{"start":{"line":4,"column":29},"end":{"line":6,"column":1}},"line":4}},"branchMap":{},"s":{"0":3,"1":3,"2":3,"3":0,"4":3},"f":{"0":0},"b":{},"_coverageSchema":"1a1c01bbd47fc00a2c39e90264f33305004495a9","hash":"6a6dc1c56adf1e7b0a269894dd2e1ef62dc623eb"}
,"/home/isaacambro/CSCE331/Project-3/project-3-full-stack-agile-web-project-3-903-13/api/routes/ingredients.js": {"path":"/home/isaacambro/CSCE331/Project-3/project-3-full-stack-agile-web-project-3-903-13/api/routes/ingredients.js","statementMap":{"0":{"start":{"line":1,"column":16},"end":{"line":1,"column":34}},"1":{"start":{"line":2,"column":15},"end":{"line":2,"column":31}},"2":{"start":{"line":4,"column":0},"end":{"line":6,"column":2}},"3":{"start":{"line":5,"column":1},"end":{"line":5,"column":30}},"4":{"start":{"line":8,"column":0},"end":{"line":8,"column":23}}},"fnMap":{"0":{"name":"(anonymous_0)","decl":{"start":{"line":4,"column":16},"end":{"line":4,"column":17}},"loc":{"start":{"line":4,"column":29},"end":{"line":6,"column":1}},"line":4}},"branchMap":{},"s":{"0":3,"1":3,"2":3,"3":0,"4":3},"f":{"0":0},"b":{},"_coverageSchema":"1a1c01bbd47fc00a2c39e90264f33305004495a9","hash":"087884b79386825c22f99cb4e178ded226288880"}
,"/home/isaacambro/CSCE331/Project-3/project-3-full-stack-agile-web-project-3-903-13/api/routes/inventory.js": {"path":"/home/isaacambro/CSCE331/Project-3/project-3-full-stack-agile-web-project-3-903-13/api/routes/inventory.js","statementMap":{"0":{"start":{"line":1,"column":16},"end":{"line":1,"column":34}},"1":{"start":{"line":2,"column":15},"end":{"line":2,"column":31}},"2":{"start":{"line":4,"column":28},"end":{"line":4,"column":63}},"3":{"start":{"line":8,"column":0},"end":{"line":8,"column":54}},"4":{"start":{"line":12,"column":0},"end":{"line":27,"column":3}},"5":{"start":{"line":13,"column":35},"end":{"line":13,"column":44}},"6":{"start":{"line":15,"column":4},"end":{"line":18,"column":5}},"7":{"start":{"line":16,"column":8},"end":{"line":16,"column":73}},"8":{"start":{"line":17,"column":8},"end":{"line":17,"column":15}},"9":{"start":{"line":20,"column":4},"end":{"line":26,"column":5}},"10":{"start":{"line":21,"column":27},"end":{"line":21,"column":90}},"11":{"start":{"line":22,"column":8},"end":{"line":22,"column":41}},"12":{"start":{"line":24,"column":8},"end":{"line":24,"column":27}},"13":{"start":{"line":25,"column":8},"end":{"line":25,"column":70}},"14":{"start":{"line":28,"column":0},"end":{"line":28,"column":59}},"15":{"start":{"line":32,"column":0},"end":{"line":32,"column":54}},"16":{"start":{"line":35,"column":0},"end":{"line":35,"column":74}},"17":{"start":{"line":36,"column":0},"end":{"line":36,"column":71}},"18":{"start":{"line":37,"column":0},"end":{"line":37,"column":72}},"19":{"start":{"line":40,"column":0},"end":{"line":40,"column":59}},"20":{"start":{"line":42,"column":0},"end":{"line":42,"column":23}}},"fnMap":{"0":{"name":"(anonymous_0)","decl":{"start":{"line":12,"column":21},"end":{"line":12,"column":22}},"loc":{"start":{"line":12,"column":41},"end":{"line":27,"column":1}},"line":12}},"branchMap":{"0":{"loc":{"start":{"line":15,"column":4},"end":{"line":18,"column":5}},"type":"if","locations":[{"start":{"line":15,"column":4},"end":{"line":18,"column":5}},{"start":{},"end":{}}],"line":15},"1":{"loc":{"start":{"line":15,"column":8},"end":{"line":15,"column":30}},"type":"binary-expr","locations":[{"start":{"line":15,"column":8},"end":{"line":15,"column":18}},{"start":{"line":15,"column":22},"end":{"line":15,"column":30}}],"line":15}},"s":{"0":3,"1":3,"2":3,"3":3,"4":3,"5":0,"6":0,"7":0,"8":0,"9":0,"10":0,"11":0,"12":0,"13":0,"14":3,"15":3,"16":3,"17":3,"18":3,"19":3,"20":3},"f":{"0":0},"b":{"0":[0,0],"1":[0,0]},"_coverageSchema":"1a1c01bbd47fc00a2c39e90264f33305004495a9","hash":"72e5ba2f437e0906540975e010277a577c268bdc"}
,"/home/isaacambro/CSCE331/Project-3/project-3-full-stack-agile-web-project-3-903-13/api/routes/menuItems.js": {"path":"/home/isaacambro/CSCE331/Project-3/project-3-full-stack-agile-web-project-3-903-13/api/routes/menuItems.js","statementMap":{"0":{"start":{"line":1,"column":16},"end":{"line":1,"column":34}},"1":{"start":{"line":2,"column":15},"end":{"line":2,"column":31}},"2":{"start":{"line":3,"column":28},"end":{"line":3,"column":60}},"3":{"start":{"line":6,"column":0},"end":{"line":6,"column":50}},"4":{"start":{"line":9,"column":0},"end":{"line":9,"column":55}},"5":{"start":{"line":10,"column":0},"end":{"line":10,"column":75}},"6":{"start":{"line":13,"column":0},"end":{"line":13,"column":70}},"7":{"start":{"line":14,"column":0},"end":{"line":14,"column":66}},"8":{"start":{"line":15,"column":0},"end":{"line":15,"column":72}},"9":{"start":{"line":18,"column":0},"end":{"line":18,"column":55}},"10":{"start":{"line":21,"column":0},"end":{"line":21,"column":23}}},"fnMap":{},"branchMap":{},"s":{"0":3,"1":3,"2":3,"3":3,"4":3,"5":3,"6":3,"7":3,"8":3,"9":3,"10":3},"f":{},"b":{},"_coverageSchema":"1a1c01bbd47fc00a2c39e90264f33305004495a9","hash":"1d70b1e295e028f06df6e5c91ed0a6b8872b5304"}
,"/home/isaacambro/CSCE331/Project-3/project-3-full-stack-agile-web-project-3-903-13/api/routes/reports.js": {"path":"/home/isaacambro/CSCE331/Project-3/project-3-full-stack-agile-web-project-3-903-13/api/routes/reports.js","statementMap":{"0":{"start":{"line":1,"column":16},"end":{"line":1,"column":34}},"1":{"start":{"line":2,"column":15},"end":{"line":2,"column":31}},"2":{"start":{"line":3,"column":25},"end":{"line":3,"column":73}},"3":{"start":{"line":4,"column":30},"end":{"line":4,"column":72}},"4":{"start":{"line":5,"column":49},"end":{"line":5,"column":93}},"5":{"start":{"line":8,"column":0},"end":{"line":8,"column":49}},"6":{"start":{"line":11,"column":0},"end":{"line":26,"column":3}},"7":{"start":{"line":12,"column":35},"end":{"line":12,"column":44}},"8":{"start":{"line":14,"column":4},"end":{"line":17,"column":5}},"9":{"start":{"line":15,"column":8},"end":{"line":15,"column":73}},"10":{"start":{"line":16,"column":8},"end":{"line":16,"column":15}},"11":{"start":{"line":19,"column":4},"end":{"line":25,"column":5}},"12":{"start":{"line":20,"column":27},"end":{"line":20,"column":72}},"13":{"start":{"line":21,"column":8},"end":{"line":21,"column":41}},"14":{"start":{"line":23,"column":8},"end":{"line":23,"column":27}},"15":{"start":{"line":24,"column":8},"end":{"line":24,"column":67}},"16":{"start":{"line":28,"column":0},"end":{"line":28,"column":52}},"17":{"start":{"line":30,"column":0},"end":{"line":30,"column":50}},"18":{"start":{"line":33,"column":0},"end":{"line":33,"column":23}}},"fnMap":{"0":{"name":"(anonymous_0)","decl":{"start":{"line":11,"column":27},"end":{"line":11,"column":28}},"loc":{"start":{"line":11,"column":47},"end":{"line":26,"column":1}},"line":11}},"branchMap":{"0":{"loc":{"start":{"line":14,"column":4},"end":{"line":17,"column":5}},"type":"if","locations":[{"start":{"line":14,"column":4},"end":{"line":17,"column":5}},{"start":{},"end":{}}],"line":14},"1":{"loc":{"start":{"line":14,"column":8},"end":{"line":14,"column":30}},"type":"binary-expr","locations":[{"start":{"line":14,"column":8},"end":{"line":14,"column":18}},{"start":{"line":14,"column":22},"end":{"line":14,"column":30}}],"line":14}},"s":{"0":3,"1":3,"2":3,"3":3,"4":3,"5":3,"6":3,"7":0,"8":0,"9":0,"10":0,"11":0,"12":0,"13":0,"14":0,"15":0,"16":3,"17":3,"18":3},"f":{"0":0},"b":{"0":[0,0],"1":[0,0]},"_coverageSchema":"1a1c01bbd47fc00a2c39e90264f33305004495a9","hash":"554a51ebe32c5472cebfe8e8b0753832f932a3e7"}
,"/home/isaacambro/CSCE331/Project-3/project-3-full-stack-agile-web-project-3-903-13/api/routes/transactions.js": {"path":"/home/isaacambro/CSCE331/Project-3/project-3-full-stack-agile-web-project-3-903-13/api/routes/transactions.js","statementMap":{"0":{"start":{"line":1,"column":16},"end":{"line":1,"column":34}},"1":{"start":{"line":2,"column":15},"end":{"line":2,"column":31}},"2":{"start":{"line":3,"column":31},"end":{"line":3,"column":66}},"3":{"start":{"line":6,"column":0},"end":{"line":6,"column":61}},"4":{"start":{"line":11,"column":0},"end":{"line":11,"column":23}}},"fnMap":{},"branchMap":{},"s":{"0":3,"1":3,"2":3,"3":3,"4":3},"f":{},"b":{},"_coverageSchema":"1a1c01bbd47fc00a2c39e90264f33305004495a9","hash":"a7fb9e2b3fb3f230b41b469e6a16eedc22862a60"}
,"/home/isaacambro/CSCE331/Project-3/project-3-full-stack-agile-web-project-3-903-13/api/services/inventory.js": {"path":"/home/isaacambro/CSCE331/Project-3/project-3-full-stack-agile-web-project-3-903-13/api/services/inventory.js","statementMap":{"0":{"start":{"line":1,"column":11},"end":{"line":1,"column":34}},"1":{"start":{"line":6,"column":26},"end":{"line":13,"column":1}},"2":{"start":{"line":7,"column":1},"end":{"line":12,"column":3}},"3":{"start":{"line":8,"column":2},"end":{"line":10,"column":3}},"4":{"start":{"line":9,"column":3},"end":{"line":9,"column":40}},"5":{"start":{"line":11,"column":2},"end":{"line":11,"column":37}},"6":{"start":{"line":18,"column":30},"end":{"line":47,"column":1}},"7":{"start":{"line":19,"column":35},"end":{"line":19,"column":43}},"8":{"start":{"line":20,"column":1},"end":{"line":45,"column":3}},"9":{"start":{"line":23,"column":3},"end":{"line":43,"column":4}},"10":{"start":{"line":24,"column":4},"end":{"line":24,"column":21}},"11":{"start":{"line":25,"column":4},"end":{"line":25,"column":20}},"12":{"start":{"line":26,"column":4},"end":{"line":26,"column":11}},"13":{"start":{"line":27,"column":10},"end":{"line":43,"column":4}},"14":{"start":{"line":28,"column":4},"end":{"line":28,"column":47}},"15":{"start":{"line":29,"column":4},"end":{"line":29,"column":11}},"16":{"start":{"line":31,"column":4},"end":{"line":42,"column":6}},"17":{"start":{"line":35,"column":6},"end":{"line":39,"column":7}},"18":{"start":{"line":36,"column":7},"end":{"line":36,"column":24}},"19":{"start":{"line":37,"column":7},"end":{"line":37,"column":23}},"20":{"start":{"line":38,"column":7},"end":{"line":38,"column":14}},"21":{"start":{"line":40,"column":6},"end":{"line":40,"column":72}},"22":{"start":{"line":52,"column":30},"end":{"line":81,"column":1}},"23":{"start":{"line":53,"column":35},"end":{"line":53,"column":43}},"24":{"start":{"line":54,"column":1},"end":{"line":79,"column":3}},"25":{"start":{"line":57,"column":3},"end":{"line":77,"column":4}},"26":{"start":{"line":58,"column":4},"end":{"line":58,"column":21}},"27":{"start":{"line":59,"column":4},"end":{"line":59,"column":20}},"28":{"start":{"line":60,"column":4},"end":{"line":60,"column":11}},"29":{"start":{"line":61,"column":10},"end":{"line":77,"column":4}},"30":{"start":{"line":62,"column":4},"end":{"line":62,"column":47}},"31":{"start":{"line":63,"column":4},"end":{"line":63,"column":11}},"32":{"start":{"line":65,"column":4},"end":{"line":76,"column":6}},"33":{"start":{"line":69,"column":6},"end":{"line":73,"column":7}},"34":{"start":{"line":70,"column":7},"end":{"line":70,"column":24}},"35":{"start":{"line":71,"column":7},"end":{"line":71,"column":23}},"36":{"start":{"line":72,"column":7},"end":{"line":72,"column":14}},"37":{"start":{"line":74,"column":6},"end":{"line":74,"column":72}},"38":{"start":{"line":86,"column":28},"end":{"line":115,"column":1}},"39":{"start":{"line":87,"column":35},"end":{"line":87,"column":43}},"40":{"start":{"line":88,"column":1},"end":{"line":113,"column":3}},"41":{"start":{"line":91,"column":3},"end":{"line":111,"column":4}},"42":{"start":{"line":92,"column":4},"end":{"line":92,"column":21}},"43":{"start":{"line":93,"column":4},"end":{"line":93,"column":20}},"44":{"start":{"line":94,"column":4},"end":{"line":94,"column":11}},"45":{"start":{"line":95,"column":10},"end":{"line":111,"column":4}},"46":{"start":{"line":96,"column":4},"end":{"line":96,"column":47}},"47":{"start":{"line":97,"column":4},"end":{"line":97,"column":11}},"48":{"start":{"line":99,"column":4},"end":{"line":110,"column":6}},"49":{"start":{"line":103,"column":6},"end":{"line":107,"column":7}},"50":{"start":{"line":104,"column":7},"end":{"line":104,"column":24}},"51":{"start":{"line":105,"column":7},"end":{"line":105,"column":23}},"52":{"start":{"line":106,"column":7},"end":{"line":106,"column":14}},"53":{"start":{"line":108,"column":6},"end":{"line":108,"column":75}},"54":{"start":{"line":120,"column":25},"end":{"line":149,"column":1}},"55":{"start":{"line":121,"column":49},"end":{"line":121,"column":57}},"56":{"start":{"line":122,"column":1},"end":{"line":147,"column":3}},"57":{"start":{"line":125,"column":3},"end":{"line":145,"column":4}},"58":{"start":{"line":126,"column":4},"end":{"line":126,"column":21}},"59":{"start":{"line":127,"column":4},"end":{"line":127,"column":20}},"60":{"start":{"line":128,"column":4},"end":{"line":128,"column":11}},"61":{"start":{"line":129,"column":10},"end":{"line":145,"column":4}},"62":{"start":{"line":130,"column":4},"end":{"line":130,"column":48}},"63":{"start":{"line":131,"column":4},"end":{"line":131,"column":11}},"64":{"start":{"line":133,"column":4},"end":{"line":144,"column":6}},"65":{"start":{"line":137,"column":6},"end":{"line":141,"column":7}},"66":{"start":{"line":138,"column":7},"end":{"line":138,"column":24}},"67":{"start":{"line":139,"column":7},"end":{"line":139,"column":23}},"68":{"start":{"line":140,"column":7},"end":{"line":140,"column":14}},"69":{"start":{"line":142,"column":6},"end":{"line":142,"column":64}},"70":{"start":{"line":154,"column":28},"end":{"line":173,"column":1}},"71":{"start":{"line":155,"column":25},"end":{"line":155,"column":33}},"72":{"start":{"line":156,"column":4},"end":{"line":172,"column":6}},"73":{"start":{"line":160,"column":12},"end":{"line":164,"column":13}},"74":{"start":{"line":161,"column":16},"end":{"line":161,"column":69}},"75":{"start":{"line":162,"column":16},"end":{"line":162,"column":62}},"76":{"start":{"line":163,"column":16},"end":{"line":163,"column":23}},"77":{"start":{"line":165,"column":12},"end":{"line":169,"column":13}},"78":{"start":{"line":167,"column":16},"end":{"line":167,"column":65}},"79":{"start":{"line":168,"column":16},"end":{"line":168,"column":23}},"80":{"start":{"line":170,"column":12},"end":{"line":170,"column":94}},"81":{"start":{"line":180,"column":26},"end":{"line":219,"column":1}},"82":{"start":{"line":181,"column":18},"end":{"line":208,"column":5}},"83":{"start":{"line":210,"column":24},"end":{"line":210,"column":37}},"84":{"start":{"line":212,"column":4},"end":{"line":218,"column":7}},"85":{"start":{"line":213,"column":8},"end":{"line":217,"column":9}},"86":{"start":{"line":214,"column":12},"end":{"line":214,"column":24}},"87":{"start":{"line":216,"column":12},"end":{"line":216,"column":51}},"88":{"start":{"line":226,"column":26},"end":{"line":272,"column":1}},"89":{"start":{"line":227,"column":4},"end":{"line":271,"column":7}},"90":{"start":{"line":228,"column":8},"end":{"line":231,"column":9}},"91":{"start":{"line":229,"column":12},"end":{"line":229,"column":69}},"92":{"start":{"line":230,"column":12},"end":{"line":230,"column":19}},"93":{"start":{"line":234,"column":22},"end":{"line":262,"column":9}},"94":{"start":{"line":264,"column":8},"end":{"line":270,"column":11}},"95":{"start":{"line":265,"column":12},"end":{"line":269,"column":13}},"96":{"start":{"line":266,"column":16},"end":{"line":266,"column":28}},"97":{"start":{"line":268,"column":16},"end":{"line":268,"column":38}},"98":{"start":{"line":276,"column":0},"end":{"line":285,"column":1}}},"fnMap":{"0":{"name":"(anonymous_0)","decl":{"start":{"line":6,"column":26},"end":{"line":6,"column":27}},"loc":{"start":{"line":6,"column":39},"end":{"line":13,"column":1}},"line":6},"1":{"name":"(anonymous_1)","decl":{"start":{"line":7,"column":37},"end":{"line":7,"column":38}},"loc":{"start":{"line":7,"column":54},"end":{"line":12,"column":2}},"line":7},"2":{"name":"(anonymous_2)","decl":{"start":{"line":18,"column":30},"end":{"line":18,"column":31}},"loc":{"start":{"line":18,"column":44},"end":{"line":47,"column":1}},"line":18},"3":{"name":"(anonymous_3)","decl":{"start":{"line":22,"column":2},"end":{"line":22,"column":3}},"loc":{"start":{"line":22,"column":19},"end":{"line":44,"column":3}},"line":22},"4":{"name":"(anonymous_4)","decl":{"start":{"line":34,"column":5},"end":{"line":34,"column":6}},"loc":{"start":{"line":34,"column":22},"end":{"line":41,"column":6}},"line":34},"5":{"name":"(anonymous_5)","decl":{"start":{"line":52,"column":30},"end":{"line":52,"column":31}},"loc":{"start":{"line":52,"column":44},"end":{"line":81,"column":1}},"line":52},"6":{"name":"(anonymous_6)","decl":{"start":{"line":56,"column":2},"end":{"line":56,"column":3}},"loc":{"start":{"line":56,"column":19},"end":{"line":78,"column":3}},"line":56},"7":{"name":"(anonymous_7)","decl":{"start":{"line":68,"column":5},"end":{"line":68,"column":6}},"loc":{"start":{"line":68,"column":22},"end":{"line":75,"column":6}},"line":68},"8":{"name":"(anonymous_8)","decl":{"start":{"line":86,"column":28},"end":{"line":86,"column":29}},"loc":{"start":{"line":86,"column":42},"end":{"line":115,"column":1}},"line":86},"9":{"name":"(anonymous_9)","decl":{"start":{"line":90,"column":2},"end":{"line":90,"column":3}},"loc":{"start":{"line":90,"column":19},"end":{"line":112,"column":3}},"line":90},"10":{"name":"(anonymous_10)","decl":{"start":{"line":102,"column":5},"end":{"line":102,"column":6}},"loc":{"start":{"line":102,"column":22},"end":{"line":109,"column":6}},"line":102},"11":{"name":"(anonymous_11)","decl":{"start":{"line":120,"column":25},"end":{"line":120,"column":26}},"loc":{"start":{"line":120,"column":39},"end":{"line":149,"column":1}},"line":120},"12":{"name":"(anonymous_12)","decl":{"start":{"line":124,"column":2},"end":{"line":124,"column":3}},"loc":{"start":{"line":124,"column":19},"end":{"line":146,"column":3}},"line":124},"13":{"name":"(anonymous_13)","decl":{"start":{"line":136,"column":5},"end":{"line":136,"column":6}},"loc":{"start":{"line":136,"column":22},"end":{"line":143,"column":6}},"line":136},"14":{"name":"(anonymous_14)","decl":{"start":{"line":154,"column":28},"end":{"line":154,"column":29}},"loc":{"start":{"line":154,"column":42},"end":{"line":173,"column":1}},"line":154},"15":{"name":"(anonymous_15)","decl":{"start":{"line":159,"column":8},"end":{"line":159,"column":9}},"loc":{"start":{"line":159,"column":25},"end":{"line":171,"column":9}},"line":159},"16":{"name":"(anonymous_16)","decl":{"start":{"line":180,"column":26},"end":{"line":180,"column":27}},"loc":{"start":{"line":180,"column":49},"end":{"line":219,"column":1}},"line":180},"17":{"name":"(anonymous_17)","decl":{"start":{"line":212,"column":33},"end":{"line":212,"column":34}},"loc":{"start":{"line":212,"column":51},"end":{"line":218,"column":5}},"line":212},"18":{"name":"(anonymous_18)","decl":{"start":{"line":226,"column":26},"end":{"line":226,"column":27}},"loc":{"start":{"line":226,"column":50},"end":{"line":272,"column":1}},"line":226},"19":{"name":"(anonymous_19)","decl":{"start":{"line":227,"column":23},"end":{"line":227,"column":24}},"loc":{"start":{"line":227,"column":44},"end":{"line":271,"column":5}},"line":227},"20":{"name":"(anonymous_20)","decl":{"start":{"line":264,"column":46},"end":{"line":264,"column":47}},"loc":{"start":{"line":264,"column":64},"end":{"line":270,"column":9}},"line":264}},"branchMap":{"0":{"loc":{"start":{"line":8,"column":2},"end":{"line":10,"column":3}},"type":"if","locations":[{"start":{"line":8,"column":2},"end":{"line":10,"column":3}},{"start":{},"end":{}}],"line":8},"1":{"loc":{"start":{"line":23,"column":3},"end":{"line":43,"column":4}},"type":"if","locations":[{"start":{"line":23,"column":3},"end":{"line":43,"column":4}},{"start":{"line":27,"column":10},"end":{"line":43,"column":4}}],"line":23},"2":{"loc":{"start":{"line":27,"column":10},"end":{"line":43,"column":4}},"type":"if","locations":[{"start":{"line":27,"column":10},"end":{"line":43,"column":4}},{"start":{"line":30,"column":10},"end":{"line":43,"column":4}}],"line":27},"3":{"loc":{"start":{"line":35,"column":6},"end":{"line":39,"column":7}},"type":"if","locations":[{"start":{"line":35,"column":6},"end":{"line":39,"column":7}},{"start":{},"end":{}}],"line":35},"4":{"loc":{"start":{"line":57,"column":3},"end":{"line":77,"column":4}},"type":"if","locations":[{"start":{"line":57,"column":3},"end":{"line":77,"column":4}},{"start":{"line":61,"column":10},"end":{"line":77,"column":4}}],"line":57},"5":{"loc":{"start":{"line":61,"column":10},"end":{"line":77,"column":4}},"type":"if","locations":[{"start":{"line":61,"column":10},"end":{"line":77,"column":4}},{"start":{"line":64,"column":10},"end":{"line":77,"column":4}}],"line":61},"6":{"loc":{"start":{"line":69,"column":6},"end":{"line":73,"column":7}},"type":"if","locations":[{"start":{"line":69,"column":6},"end":{"line":73,"column":7}},{"start":{},"end":{}}],"line":69},"7":{"loc":{"start":{"line":91,"column":3},"end":{"line":111,"column":4}},"type":"if","locations":[{"start":{"line":91,"column":3},"end":{"line":111,"column":4}},{"start":{"line":95,"column":10},"end":{"line":111,"column":4}}],"line":91},"8":{"loc":{"start":{"line":95,"column":10},"end":{"line":111,"column":4}},"type":"if","locations":[{"start":{"line":95,"column":10},"end":{"line":111,"column":4}},{"start":{"line":98,"column":10},"end":{"line":111,"column":4}}],"line":95},"9":{"loc":{"start":{"line":103,"column":6},"end":{"line":107,"column":7}},"type":"if","locations":[{"start":{"line":103,"column":6},"end":{"line":107,"column":7}},{"start":{},"end":{}}],"line":103},"10":{"loc":{"start":{"line":125,"column":3},"end":{"line":145,"column":4}},"type":"if","locations":[{"start":{"line":125,"column":3},"end":{"line":145,"column":4}},{"start":{"line":129,"column":10},"end":{"line":145,"column":4}}],"line":125},"11":{"loc":{"start":{"line":129,"column":10},"end":{"line":145,"column":4}},"type":"if","locations":[{"start":{"line":129,"column":10},"end":{"line":145,"column":4}},{"start":{"line":132,"column":10},"end":{"line":145,"column":4}}],"line":129},"12":{"loc":{"start":{"line":137,"column":6},"end":{"line":141,"column":7}},"type":"if","locations":[{"start":{"line":137,"column":6},"end":{"line":141,"column":7}},{"start":{},"end":{}}],"line":137},"13":{"loc":{"start":{"line":160,"column":12},"end":{"line":164,"column":13}},"type":"if","locations":[{"start":{"line":160,"column":12},"end":{"line":164,"column":13}},{"start":{},"end":{}}],"line":160},"14":{"loc":{"start":{"line":165,"column":12},"end":{"line":169,"column":13}},"type":"if","locations":[{"start":{"line":165,"column":12},"end":{"line":169,"column":13}},{"start":{},"end":{}}],"line":165},"15":{"loc":{"start":{"line":213,"column":8},"end":{"line":217,"column":9}},"type":"if","locations":[{"start":{"line":213,"column":8},"end":{"line":217,"column":9}},{"start":{"line":215,"column":15},"end":{"line":217,"column":9}}],"line":213},"16":{"loc":{"start":{"line":228,"column":8},"end":{"line":231,"column":9}},"type":"if","locations":[{"start":{"line":228,"column":8},"end":{"line":231,"column":9}},{"start":{},"end":{}}],"line":228},"17":{"loc":{"start":{"line":265,"column":12},"end":{"line":269,"column":13}},"type":"if","locations":[{"start":{"line":265,"column":12},"end":{"line":269,"column":13}},{"start":{"line":267,"column":19},"end":{"line":269,"column":13}}],"line":265}},"s":{"0":3,"1":3,"2":0,"3":0,"4":0,"5":0,"6":3,"7":0,"8":0,"9":0,"10":0,"11":0,"12":0,"13":0,"14":0,"15":0,"16":0,"17":0,"18":0,"19":0,"20":0,"21":0,"22":3,"23":0,"24":0,"25":0,"26":0,"27":0,"28":0,"29":0,"30":0,"31":0,"32":0,"33":0,"34":0,"35":0,"36":0,"37":0,"38":3,"39":0,"40":0,"41":0,"42":0,"43":0,"44":0,"45":0,"46":0,"47":0,"48":0,"49":0,"50":0,"51":0,"52":0,"53":0,"54":3,"55":0,"56":0,"57":0,"58":0,"59":0,"60":0,"61":0,"62":0,"63":0,"64":0,"65":0,"66":0,"67":0,"68":0,"69":0,"70":3,"71":0,"72":0,"73":0,"74":0,"75":0,"76":0,"77":0,"78":0,"79":0,"80":0,"81":3,"82":0,"83":0,"84":0,"85":0,"86":0,"87":0,"88":3,"89":0,"90":0,"91":0,"92":0,"93":0,"94":0,"95":0,"96":0,"97":0,"98":3},"f":{"0":0,"1":0,"2":0,"3":0,"4":0,"5":0,"6":0,"7":0,"8":0,"9":0,"10":0,"11":0,"12":0,"13":0,"14":0,"15":0,"16":0,"17":0,"18":0,"19":0,"20":0},"b":{"0":[0,0],"1":[0,0],"2":[0,0],"3":[0,0],"4":[0,0],"5":[0,0],"6":[0,0],"7":[0,0],"8":[0,0],"9":[0,0],"10":[0,0],"11":[0,0],"12":[0,0],"13":[0,0],"14":[0,0],"15":[0,0],"16":[0,0],"17":[0,0]},"_coverageSchema":"1a1c01bbd47fc00a2c39e90264f33305004495a9","hash":"39431b75baef9be9e8c3402f168d76e5dec23b9d"}
,"/home/isaacambro/CSCE331/Project-3/project-3-full-stack-agile-web-project-3-903-13/api/services/menuitems.js": {"path":"/home/isaacambro/CSCE331/Project-3/project-3-full-stack-agile-web-project-3-903-13/api/services/menuitems.js","statementMap":{"0":{"start":{"line":1,"column":11},"end":{"line":1,"column":34}},"1":{"start":{"line":3,"column":26},"end":{"line":11,"column":1}},"2":{"start":{"line":4,"column":1},"end":{"line":10,"column":3}},"3":{"start":{"line":5,"column":2},"end":{"line":8,"column":3}},"4":{"start":{"line":6,"column":3},"end":{"line":6,"column":49}},"5":{"start":{"line":7,"column":3},"end":{"line":7,"column":10}},"6":{"start":{"line":9,"column":2},"end":{"line":9,"column":36}},"7":{"start":{"line":13,"column":36},"end":{"line":39,"column":1}},"8":{"start":{"line":14,"column":22},"end":{"line":14,"column":31}},"9":{"start":{"line":15,"column":1},"end":{"line":38,"column":3}},"10":{"start":{"line":18,"column":2},"end":{"line":37,"column":3}},"11":{"start":{"line":19,"column":3},"end":{"line":19,"column":40}},"12":{"start":{"line":20,"column":3},"end":{"line":20,"column":10}},"13":{"start":{"line":21,"column":9},"end":{"line":37,"column":3}},"14":{"start":{"line":22,"column":3},"end":{"line":22,"column":46}},"15":{"start":{"line":23,"column":3},"end":{"line":23,"column":10}},"16":{"start":{"line":25,"column":18},"end":{"line":25,"column":39}},"17":{"start":{"line":26,"column":3},"end":{"line":36,"column":4}},"18":{"start":{"line":29,"column":4},"end":{"line":33,"column":5}},"19":{"start":{"line":30,"column":5},"end":{"line":30,"column":58}},"20":{"start":{"line":31,"column":5},"end":{"line":31,"column":51}},"21":{"start":{"line":32,"column":5},"end":{"line":32,"column":12}},"22":{"start":{"line":34,"column":4},"end":{"line":34,"column":39}},"23":{"start":{"line":41,"column":20},"end":{"line":101,"column":1}},"24":{"start":{"line":42,"column":83},"end":{"line":42,"column":91}},"25":{"start":{"line":43,"column":4},"end":{"line":100,"column":6}},"26":{"start":{"line":47,"column":12},"end":{"line":98,"column":13}},"27":{"start":{"line":48,"column":16},"end":{"line":48,"column":69}},"28":{"start":{"line":49,"column":16},"end":{"line":49,"column":62}},"29":{"start":{"line":50,"column":16},"end":{"line":50,"column":23}},"30":{"start":{"line":51,"column":19},"end":{"line":98,"column":13}},"31":{"start":{"line":52,"column":16},"end":{"line":52,"column":60}},"32":{"start":{"line":53,"column":16},"end":{"line":53,"column":23}},"33":{"start":{"line":55,"column":16},"end":{"line":97,"column":6}},"34":{"start":{"line":59,"column":6},"end":{"line":63,"column":7}},"35":{"start":{"line":60,"column":7},"end":{"line":60,"column":57}},"36":{"start":{"line":61,"column":7},"end":{"line":61,"column":53}},"37":{"start":{"line":62,"column":7},"end":{"line":62,"column":14}},"38":{"start":{"line":65,"column":21},"end":{"line":65,"column":42}},"39":{"start":{"line":67,"column":6},"end":{"line":80,"column":7}},"40":{"start":{"line":68,"column":7},"end":{"line":79,"column":9}},"41":{"start":{"line":72,"column":9},"end":{"line":76,"column":10}},"42":{"start":{"line":73,"column":10},"end":{"line":73,"column":61}},"43":{"start":{"line":74,"column":10},"end":{"line":74,"column":75}},"44":{"start":{"line":75,"column":10},"end":{"line":75,"column":17}},"45":{"start":{"line":83,"column":37},"end":{"line":83,"column":110}},"46":{"start":{"line":84,"column":21},"end":{"line":84,"column":102}},"47":{"start":{"line":84,"column":51},"end":{"line":84,"column":101}},"48":{"start":{"line":85,"column":6},"end":{"line":94,"column":7}},"49":{"start":{"line":85,"column":19},"end":{"line":85,"column":20}},"50":{"start":{"line":86,"column":7},"end":{"line":93,"column":10}},"51":{"start":{"line":87,"column":8},"end":{"line":91,"column":9}},"52":{"start":{"line":88,"column":9},"end":{"line":88,"column":60}},"53":{"start":{"line":89,"column":9},"end":{"line":89,"column":55}},"54":{"start":{"line":90,"column":9},"end":{"line":90,"column":16}},"55":{"start":{"line":95,"column":6},"end":{"line":95,"column":59}},"56":{"start":{"line":107,"column":28},"end":{"line":136,"column":1}},"57":{"start":{"line":108,"column":35},"end":{"line":108,"column":43}},"58":{"start":{"line":109,"column":1},"end":{"line":134,"column":3}},"59":{"start":{"line":112,"column":3},"end":{"line":132,"column":4}},"60":{"start":{"line":113,"column":4},"end":{"line":113,"column":21}},"61":{"start":{"line":114,"column":4},"end":{"line":114,"column":20}},"62":{"start":{"line":115,"column":4},"end":{"line":115,"column":11}},"63":{"start":{"line":116,"column":10},"end":{"line":132,"column":4}},"64":{"start":{"line":117,"column":4},"end":{"line":117,"column":47}},"65":{"start":{"line":118,"column":4},"end":{"line":118,"column":11}},"66":{"start":{"line":120,"column":4},"end":{"line":131,"column":6}},"67":{"start":{"line":124,"column":6},"end":{"line":128,"column":7}},"68":{"start":{"line":125,"column":7},"end":{"line":125,"column":24}},"69":{"start":{"line":126,"column":7},"end":{"line":126,"column":23}},"70":{"start":{"line":127,"column":7},"end":{"line":127,"column":14}},"71":{"start":{"line":129,"column":6},"end":{"line":129,"column":72}},"72":{"start":{"line":138,"column":26},"end":{"line":167,"column":1}},"73":{"start":{"line":139,"column":33},"end":{"line":139,"column":41}},"74":{"start":{"line":140,"column":1},"end":{"line":165,"column":3}},"75":{"start":{"line":143,"column":3},"end":{"line":163,"column":4}},"76":{"start":{"line":144,"column":4},"end":{"line":144,"column":21}},"77":{"start":{"line":145,"column":4},"end":{"line":145,"column":20}},"78":{"start":{"line":146,"column":4},"end":{"line":146,"column":11}},"79":{"start":{"line":147,"column":10},"end":{"line":163,"column":4}},"80":{"start":{"line":148,"column":4},"end":{"line":148,"column":47}},"81":{"start":{"line":149,"column":4},"end":{"line":149,"column":11}},"82":{"start":{"line":151,"column":4},"end":{"line":162,"column":6}},"83":{"start":{"line":155,"column":6},"end":{"line":159,"column":7}},"84":{"start":{"line":156,"column":7},"end":{"line":156,"column":24}},"85":{"start":{"line":157,"column":7},"end":{"line":157,"column":23}},"86":{"start":{"line":158,"column":7},"end":{"line":158,"column":14}},"87":{"start":{"line":160,"column":6},"end":{"line":160,"column":75}},"88":{"start":{"line":169,"column":29},"end":{"line":215,"column":1}},"89":{"start":{"line":170,"column":38},"end":{"line":170,"column":46}},"90":{"start":{"line":171,"column":1},"end":{"line":213,"column":3}},"91":{"start":{"line":175,"column":3},"end":{"line":211,"column":4}},"92":{"start":{"line":176,"column":4},"end":{"line":176,"column":21}},"93":{"start":{"line":177,"column":4},"end":{"line":177,"column":20}},"94":{"start":{"line":178,"column":4},"end":{"line":178,"column":11}},"95":{"start":{"line":179,"column":10},"end":{"line":211,"column":4}},"96":{"start":{"line":180,"column":4},"end":{"line":180,"column":47}},"97":{"start":{"line":181,"column":4},"end":{"line":181,"column":11}},"98":{"start":{"line":183,"column":19},"end":{"line":183,"column":40}},"99":{"start":{"line":184,"column":4},"end":{"line":210,"column":6}},"100":{"start":{"line":188,"column":6},"end":{"line":207,"column":7}},"101":{"start":{"line":189,"column":7},"end":{"line":189,"column":24}},"102":{"start":{"line":190,"column":7},"end":{"line":190,"column":23}},"103":{"start":{"line":191,"column":7},"end":{"line":191,"column":14}},"104":{"start":{"line":194,"column":38},"end":{"line":194,"column":111}},"105":{"start":{"line":195,"column":22},"end":{"line":195,"column":103}},"106":{"start":{"line":195,"column":52},"end":{"line":195,"column":102}},"107":{"start":{"line":196,"column":7},"end":{"line":205,"column":8}},"108":{"start":{"line":196,"column":20},"end":{"line":196,"column":21}},"109":{"start":{"line":197,"column":8},"end":{"line":204,"column":11}},"110":{"start":{"line":198,"column":9},"end":{"line":202,"column":10}},"111":{"start":{"line":199,"column":10},"end":{"line":199,"column":61}},"112":{"start":{"line":200,"column":10},"end":{"line":200,"column":56}},"113":{"start":{"line":201,"column":10},"end":{"line":201,"column":17}},"114":{"start":{"line":206,"column":7},"end":{"line":206,"column":79}},"115":{"start":{"line":217,"column":23},"end":{"line":277,"column":1}},"116":{"start":{"line":218,"column":25},"end":{"line":218,"column":33}},"117":{"start":{"line":220,"column":1},"end":{"line":275,"column":3}},"118":{"start":{"line":224,"column":3},"end":{"line":273,"column":4}},"119":{"start":{"line":225,"column":4},"end":{"line":225,"column":50}},"120":{"start":{"line":226,"column":4},"end":{"line":226,"column":11}},"121":{"start":{"line":227,"column":10},"end":{"line":273,"column":4}},"122":{"start":{"line":228,"column":4},"end":{"line":228,"column":48}},"123":{"start":{"line":230,"column":19},"end":{"line":230,"column":40}},"124":{"start":{"line":231,"column":4},"end":{"line":272,"column":6}},"125":{"start":{"line":235,"column":6},"end":{"line":270,"column":7}},"126":{"start":{"line":236,"column":7},"end":{"line":236,"column":72}},"127":{"start":{"line":237,"column":7},"end":{"line":237,"column":53}},"128":{"start":{"line":238,"column":7},"end":{"line":238,"column":14}},"129":{"start":{"line":240,"column":7},"end":{"line":268,"column":8}},"130":{"start":{"line":244,"column":9},"end":{"line":266,"column":10}},"131":{"start":{"line":245,"column":10},"end":{"line":245,"column":77}},"132":{"start":{"line":246,"column":10},"end":{"line":246,"column":56}},"133":{"start":{"line":247,"column":10},"end":{"line":247,"column":17}},"134":{"start":{"line":249,"column":10},"end":{"line":265,"column":12}},"135":{"start":{"line":253,"column":12},"end":{"line":263,"column":13}},"136":{"start":{"line":254,"column":13},"end":{"line":254,"column":76}},"137":{"start":{"line":255,"column":13},"end":{"line":255,"column":59}},"138":{"start":{"line":256,"column":13},"end":{"line":256,"column":20}},"139":{"start":{"line":257,"column":19},"end":{"line":263,"column":13}},"140":{"start":{"line":259,"column":13},"end":{"line":259,"column":57}},"141":{"start":{"line":260,"column":13},"end":{"line":260,"column":20}},"142":{"start":{"line":262,"column":13},"end":{"line":262,"column":90}},"143":{"start":{"line":280,"column":0},"end":{"line":289,"column":1}}},"fnMap":{"0":{"name":"(anonymous_0)","decl":{"start":{"line":3,"column":26},"end":{"line":3,"column":27}},"loc":{"start":{"line":3,"column":39},"end":{"line":11,"column":1}},"line":3},"1":{"name":"(anonymous_1)","decl":{"start":{"line":4,"column":37},"end":{"line":4,"column":38}},"loc":{"start":{"line":4,"column":54},"end":{"line":10,"column":2}},"line":4},"2":{"name":"(anonymous_2)","decl":{"start":{"line":13,"column":36},"end":{"line":13,"column":37}},"loc":{"start":{"line":13,"column":49},"end":{"line":39,"column":1}},"line":13},"3":{"name":"(anonymous_3)","decl":{"start":{"line":17,"column":1},"end":{"line":17,"column":2}},"loc":{"start":{"line":17,"column":17},"end":{"line":38,"column":2}},"line":17},"4":{"name":"(anonymous_4)","decl":{"start":{"line":28,"column":3},"end":{"line":28,"column":4}},"loc":{"start":{"line":28,"column":21},"end":{"line":35,"column":4}},"line":28},"5":{"name":"(anonymous_5)","decl":{"start":{"line":41,"column":20},"end":{"line":41,"column":21}},"loc":{"start":{"line":41,"column":34},"end":{"line":101,"column":1}},"line":41},"6":{"name":"(anonymous_6)","decl":{"start":{"line":46,"column":8},"end":{"line":46,"column":9}},"loc":{"start":{"line":46,"column":25},"end":{"line":99,"column":9}},"line":46},"7":{"name":"(anonymous_7)","decl":{"start":{"line":58,"column":5},"end":{"line":58,"column":6}},"loc":{"start":{"line":58,"column":22},"end":{"line":96,"column":6}},"line":58},"8":{"name":"(anonymous_8)","decl":{"start":{"line":71,"column":8},"end":{"line":71,"column":9}},"loc":{"start":{"line":71,"column":17},"end":{"line":77,"column":9}},"line":71},"9":{"name":"(anonymous_9)","decl":{"start":{"line":84,"column":37},"end":{"line":84,"column":38}},"loc":{"start":{"line":84,"column":51},"end":{"line":84,"column":101}},"line":84},"10":{"name":"(anonymous_10)","decl":{"start":{"line":86,"column":51},"end":{"line":86,"column":52}},"loc":{"start":{"line":86,"column":68},"end":{"line":93,"column":8}},"line":86},"11":{"name":"(anonymous_11)","decl":{"start":{"line":107,"column":28},"end":{"line":107,"column":29}},"loc":{"start":{"line":107,"column":42},"end":{"line":136,"column":1}},"line":107},"12":{"name":"(anonymous_12)","decl":{"start":{"line":111,"column":2},"end":{"line":111,"column":3}},"loc":{"start":{"line":111,"column":19},"end":{"line":133,"column":3}},"line":111},"13":{"name":"(anonymous_13)","decl":{"start":{"line":123,"column":5},"end":{"line":123,"column":6}},"loc":{"start":{"line":123,"column":22},"end":{"line":130,"column":6}},"line":123},"14":{"name":"(anonymous_14)","decl":{"start":{"line":138,"column":26},"end":{"line":138,"column":27}},"loc":{"start":{"line":138,"column":40},"end":{"line":167,"column":1}},"line":138},"15":{"name":"(anonymous_15)","decl":{"start":{"line":142,"column":2},"end":{"line":142,"column":3}},"loc":{"start":{"line":142,"column":19},"end":{"line":164,"column":3}},"line":142},"16":{"name":"(anonymous_16)","decl":{"start":{"line":154,"column":5},"end":{"line":154,"column":6}},"loc":{"start":{"line":154,"column":22},"end":{"line":161,"column":6}},"line":154},"17":{"name":"(anonymous_17)","decl":{"start":{"line":169,"column":29},"end":{"line":169,"column":30}},"loc":{"start":{"line":169,"column":43},"end":{"line":215,"column":1}},"line":169},"18":{"name":"(anonymous_18)","decl":{"start":{"line":174,"column":2},"end":{"line":174,"column":3}},"loc":{"start":{"line":174,"column":19},"end":{"line":212,"column":3}},"line":174},"19":{"name":"(anonymous_19)","decl":{"start":{"line":187,"column":5},"end":{"line":187,"column":6}},"loc":{"start":{"line":187,"column":14},"end":{"line":209,"column":6}},"line":187},"20":{"name":"(anonymous_20)","decl":{"start":{"line":195,"column":38},"end":{"line":195,"column":39}},"loc":{"start":{"line":195,"column":52},"end":{"line":195,"column":102}},"line":195},"21":{"name":"(anonymous_21)","decl":{"start":{"line":197,"column":52},"end":{"line":197,"column":53}},"loc":{"start":{"line":197,"column":69},"end":{"line":204,"column":9}},"line":197},"22":{"name":"(anonymous_22)","decl":{"start":{"line":217,"column":23},"end":{"line":217,"column":24}},"loc":{"start":{"line":217,"column":37},"end":{"line":277,"column":1}},"line":217},"23":{"name":"(anonymous_23)","decl":{"start":{"line":223,"column":2},"end":{"line":223,"column":3}},"loc":{"start":{"line":223,"column":19},"end":{"line":274,"column":3}},"line":223},"24":{"name":"(anonymous_24)","decl":{"start":{"line":234,"column":5},"end":{"line":234,"column":6}},"loc":{"start":{"line":234,"column":14},"end":{"line":271,"column":6}},"line":234},"25":{"name":"(anonymous_25)","decl":{"start":{"line":243,"column":8},"end":{"line":243,"column":9}},"loc":{"start":{"line":243,"column":25},"end":{"line":267,"column":9}},"line":243},"26":{"name":"(anonymous_26)","decl":{"start":{"line":252,"column":11},"end":{"line":252,"column":12}},"loc":{"start":{"line":252,"column":28},"end":{"line":264,"column":12}},"line":252}},"branchMap":{"0":{"loc":{"start":{"line":5,"column":2},"end":{"line":8,"column":3}},"type":"if","locations":[{"start":{"line":5,"column":2},"end":{"line":8,"column":3}},{"start":{},"end":{}}],"line":5},"1":{"loc":{"start":{"line":18,"column":2},"end":{"line":37,"column":3}},"type":"if","locations":[{"start":{"line":18,"column":2},"end":{"line":37,"column":3}},{"start":{"line":21,"column":9},"end":{"line":37,"column":3}}],"line":18},"2":{"loc":{"start":{"line":21,"column":9},"end":{"line":37,"column":3}},"type":"if","locations":[{"start":{"line":21,"column":9},"end":{"line":37,"column":3}},{"start":{"line":24,"column":9},"end":{"line":37,"column":3}}],"line":21},"3":{"loc":{"start":{"line":29,"column":4},"end":{"line":33,"column":5}},"type":"if","locations":[{"start":{"line":29,"column":4},"end":{"line":33,"column":5}},{"start":{},"end":{}}],"line":29},"4":{"loc":{"start":{"line":47,"column":12},"end":{"line":98,"column":13}},"type":"if","locations":[{"start":{"line":47,"column":12},"end":{"line":98,"column":13}},{"start":{"line":51,"column":19},"end":{"line":98,"column":13}}],"line":47},"5":{"loc":{"start":{"line":51,"column":19},"end":{"line":98,"column":13}},"type":"if","locations":[{"start":{"line":51,"column":19},"end":{"line":98,"column":13}},{"start":{"line":54,"column":19},"end":{"line":98,"column":13}}],"line":51},"6":{"loc":{"start":{"line":59,"column":6},"end":{"line":63,"column":7}},"type":"if","locations":[{"start":{"line":59,"column":6},"end":{"line":63,"column":7}},{"start":{},"end":{}}],"line":59},"7":{"loc":{"start":{"line":67,"column":6},"end":{"line":80,"column":7}},"type":"if","locations":[{"start":{"line":67,"column":6},"end":{"line":80,"column":7}},{"start":{},"end":{}}],"line":67},"8":{"loc":{"start":{"line":72,"column":9},"end":{"line":76,"column":10}},"type":"if","locations":[{"start":{"line":72,"column":9},"end":{"line":76,"column":10}},{"start":{},"end":{}}],"line":72},"9":{"loc":{"start":{"line":87,"column":8},"end":{"line":91,"column":9}},"type":"if","locations":[{"start":{"line":87,"column":8},"end":{"line":91,"column":9}},{"start":{},"end":{}}],"line":87},"10":{"loc":{"start":{"line":112,"column":3},"end":{"line":132,"column":4}},"type":"if","locations":[{"start":{"line":112,"column":3},"end":{"line":132,"column":4}},{"start":{"line":116,"column":10},"end":{"line":132,"column":4}}],"line":112},"11":{"loc":{"start":{"line":116,"column":10},"end":{"line":132,"column":4}},"type":"if","locations":[{"start":{"line":116,"column":10},"end":{"line":132,"column":4}},{"start":{"line":119,"column":10},"end":{"line":132,"column":4}}],"line":116},"12":{"loc":{"start":{"line":124,"column":6},"end":{"line":128,"column":7}},"type":"if","locations":[{"start":{"line":124,"column":6},"end":{"line":128,"column":7}},{"start":{},"end":{}}],"line":124},"13":{"loc":{"start":{"line":143,"column":3},"end":{"line":163,"column":4}},"type":"if","locations":[{"start":{"line":143,"column":3},"end":{"line":163,"column":4}},{"start":{"line":147,"column":10},"end":{"line":163,"column":4}}],"line":143},"14":{"loc":{"start":{"line":147,"column":10},"end":{"line":163,"column":4}},"type":"if","locations":[{"start":{"line":147,"column":10},"end":{"line":163,"column":4}},{"start":{"line":150,"column":10},"end":{"line":163,"column":4}}],"line":147},"15":{"loc":{"start":{"line":155,"column":6},"end":{"line":159,"column":7}},"type":"if","locations":[{"start":{"line":155,"column":6},"end":{"line":159,"column":7}},{"start":{},"end":{}}],"line":155},"16":{"loc":{"start":{"line":175,"column":3},"end":{"line":211,"column":4}},"type":"if","locations":[{"start":{"line":175,"column":3},"end":{"line":211,"column":4}},{"start":{"line":179,"column":10},"end":{"line":211,"column":4}}],"line":175},"17":{"loc":{"start":{"line":179,"column":10},"end":{"line":211,"column":4}},"type":"if","locations":[{"start":{"line":179,"column":10},"end":{"line":211,"column":4}},{"start":{"line":182,"column":10},"end":{"line":211,"column":4}}],"line":179},"18":{"loc":{"start":{"line":188,"column":6},"end":{"line":207,"column":7}},"type":"if","locations":[{"start":{"line":188,"column":6},"end":{"line":207,"column":7}},{"start":{"line":192,"column":13},"end":{"line":207,"column":7}}],"line":188},"19":{"loc":{"start":{"line":198,"column":9},"end":{"line":202,"column":10}},"type":"if","locations":[{"start":{"line":198,"column":9},"end":{"line":202,"column":10}},{"start":{},"end":{}}],"line":198},"20":{"loc":{"start":{"line":224,"column":3},"end":{"line":273,"column":4}},"type":"if","locations":[{"start":{"line":224,"column":3},"end":{"line":273,"column":4}},{"start":{"line":227,"column":10},"end":{"line":273,"column":4}}],"line":224},"21":{"loc":{"start":{"line":227,"column":10},"end":{"line":273,"column":4}},"type":"if","locations":[{"start":{"line":227,"column":10},"end":{"line":273,"column":4}},{"start":{"line":229,"column":10},"end":{"line":273,"column":4}}],"line":227},"22":{"loc":{"start":{"line":235,"column":6},"end":{"line":270,"column":7}},"type":"if","locations":[{"start":{"line":235,"column":6},"end":{"line":270,"column":7}},{"start":{"line":239,"column":13},"end":{"line":270,"column":7}}],"line":235},"23":{"loc":{"start":{"line":244,"column":9},"end":{"line":266,"column":10}},"type":"if","locations":[{"start":{"line":244,"column":9},"end":{"line":266,"column":10}},{"start":{"line":248,"column":16},"end":{"line":266,"column":10}}],"line":244},"24":{"loc":{"start":{"line":253,"column":12},"end":{"line":263,"column":13}},"type":"if","locations":[{"start":{"line":253,"column":12},"end":{"line":263,"column":13}},{"start":{"line":257,"column":19},"end":{"line":263,"column":13}}],"line":253},"25":{"loc":{"start":{"line":257,"column":19},"end":{"line":263,"column":13}},"type":"if","locations":[{"start":{"line":257,"column":19},"end":{"line":263,"column":13}},{"start":{"line":261,"column":19},"end":{"line":263,"column":13}}],"line":257}},"s":{"0":3,"1":3,"2":1,"3":1,"4":0,"5":0,"6":1,"7":3,"8":1,"9":1,"10":1,"11":0,"12":0,"13":1,"14":0,"15":0,"16":1,"17":1,"18":1,"19":0,"20":0,"21":0,"22":1,"23":3,"24":3,"25":3,"26":3,"27":0,"28":0,"29":0,"30":3,"31":1,"32":1,"33":2,"34":2,"35":0,"36":0,"37":0,"38":2,"39":2,"40":1,"41":1,"42":0,"43":0,"44":0,"45":2,"46":2,"47":2,"48":2,"49":2,"50":2,"51":2,"52":0,"53":0,"54":0,"55":2,"56":3,"57":1,"58":1,"59":1,"60":0,"61":0,"62":0,"63":1,"64":0,"65":0,"66":1,"67":1,"68":0,"69":0,"70":0,"71":1,"72":3,"73":1,"74":1,"75":1,"76":0,"77":0,"78":0,"79":1,"80":0,"81":0,"82":1,"83":1,"84":0,"85":0,"86":0,"87":1,"88":3,"89":1,"90":1,"91":1,"92":0,"93":0,"94":0,"95":1,"96":0,"97":0,"98":1,"99":1,"100":1,"101":0,"102":0,"103":0,"104":1,"105":1,"106":1,"107":1,"108":1,"109":1,"110":1,"111":0,"112":0,"113":0,"114":1,"115":3,"116":3,"117":3,"118":3,"119":0,"120":0,"121":3,"122":1,"123":2,"124":2,"125":2,"126":0,"127":0,"128":0,"129":2,"130":2,"131":0,"132":0,"133":0,"134":2,"135":2,"136":0,"137":0,"138":0,"139":2,"140":0,"141":0,"142":2,"143":3},"f":{"0":1,"1":1,"2":1,"3":1,"4":1,"5":3,"6":3,"7":2,"8":1,"9":2,"10":2,"11":1,"12":1,"13":1,"14":1,"15":1,"16":1,"17":1,"18":1,"19":1,"20":1,"21":1,"22":3,"23":3,"24":2,"25":2,"26":2},"b":{"0":[0,1],"1":[0,1],"2":[0,1],"3":[0,1],"4":[0,3],"5":[1,2],"6":[0,2],"7":[1,1],"8":[0,1],"9":[0,2],"10":[0,1],"11":[0,1],"12":[0,1],"13":[0,1],"14":[0,1],"15":[0,1],"16":[0,1],"17":[0,1],"18":[0,1],"19":[0,1],"20":[0,3],"21":[1,2],"22":[0,2],"23":[0,2],"24":[0,2],"25":[0,2]},"_coverageSchema":"1a1c01bbd47fc00a2c39e90264f33305004495a9","hash":"908c07bb9339b67f745ec509058e220275199cd2"}
,"/home/isaacambro/CSCE331/Project-3/project-3-full-stack-agile-web-project-3-903-13/api/services/transactions.js": {"path":"/home/isaacambro/CSCE331/Project-3/project-3-full-stack-agile-web-project-3-903-13/api/services/transactions.js","statementMap":{"0":{"start":{"line":1,"column":11},"end":{"line":1,"column":34}},"1":{"start":{"line":3,"column":30},"end":{"line":11,"column":1}},"2":{"start":{"line":4,"column":15},"end":{"line":4,"column":19}},"3":{"start":{"line":5,"column":1},"end":{"line":9,"column":4}},"4":{"start":{"line":6,"column":2},"end":{"line":8,"column":3}},"5":{"start":{"line":7,"column":3},"end":{"line":7,"column":18}},"6":{"start":{"line":10,"column":1},"end":{"line":10,"column":15}},"7":{"start":{"line":13,"column":26},"end":{"line":22,"column":1}},"8":{"start":{"line":14,"column":19},"end":{"line":14,"column":46}},"9":{"start":{"line":16,"column":1},"end":{"line":21,"column":2}},"10":{"start":{"line":17,"column":18},"end":{"line":17,"column":159}},"11":{"start":{"line":18,"column":2},"end":{"line":18,"column":38}},"12":{"start":{"line":20,"column":2},"end":{"line":20,"column":18}},"13":{"start":{"line":24,"column":29},"end":{"line":33,"column":1}},"14":{"start":{"line":25,"column":1},"end":{"line":32,"column":3}},"15":{"start":{"line":27,"column":2},"end":{"line":31,"column":4}},"16":{"start":{"line":28,"column":3},"end":{"line":30,"column":4}},"17":{"start":{"line":29,"column":4},"end":{"line":29,"column":13}},"18":{"start":{"line":35,"column":27},"end":{"line":47,"column":1}},"19":{"start":{"line":36,"column":1},"end":{"line":46,"column":3}},"20":{"start":{"line":38,"column":2},"end":{"line":45,"column":3}},"21":{"start":{"line":39,"column":19},"end":{"line":39,"column":108}},"22":{"start":{"line":40,"column":3},"end":{"line":42,"column":5}},"23":{"start":{"line":41,"column":4},"end":{"line":41,"column":131}},"24":{"start":{"line":44,"column":3},"end":{"line":44,"column":19}},"25":{"start":{"line":49,"column":26},"end":{"line":74,"column":1}},"26":{"start":{"line":50,"column":19},"end":{"line":50,"column":37}},"27":{"start":{"line":51,"column":19},"end":{"line":51,"column":37}},"28":{"start":{"line":52,"column":23},"end":{"line":52,"column":45}},"29":{"start":{"line":54,"column":1},"end":{"line":57,"column":2}},"30":{"start":{"line":55,"column":2},"end":{"line":55,"column":50}},"31":{"start":{"line":56,"column":2},"end":{"line":56,"column":8}},"32":{"start":{"line":59,"column":15},"end":{"line":59,"column":51}},"33":{"start":{"line":60,"column":1},"end":{"line":60,"column":19}},"34":{"start":{"line":61,"column":1},"end":{"line":64,"column":2}},"35":{"start":{"line":62,"column":2},"end":{"line":62,"column":63}},"36":{"start":{"line":63,"column":2},"end":{"line":63,"column":8}},"37":{"start":{"line":66,"column":1},"end":{"line":73,"column":2}},"38":{"start":{"line":67,"column":24},"end":{"line":67,"column":68}},"39":{"start":{"line":68,"column":2},"end":{"line":68,"column":68}},"40":{"start":{"line":69,"column":2},"end":{"line":69,"column":52}},"41":{"start":{"line":70,"column":2},"end":{"line":70,"column":35}},"42":{"start":{"line":72,"column":2},"end":{"line":72,"column":20}},"43":{"start":{"line":76,"column":0},"end":{"line":78,"column":1}}},"fnMap":{"0":{"name":"(anonymous_0)","decl":{"start":{"line":3,"column":30},"end":{"line":3,"column":31}},"loc":{"start":{"line":3,"column":49},"end":{"line":11,"column":1}},"line":3},"1":{"name":"(anonymous_1)","decl":{"start":{"line":5,"column":23},"end":{"line":5,"column":24}},"loc":{"start":{"line":5,"column":36},"end":{"line":9,"column":2}},"line":5},"2":{"name":"(anonymous_2)","decl":{"start":{"line":13,"column":26},"end":{"line":13,"column":27}},"loc":{"start":{"line":13,"column":58},"end":{"line":22,"column":1}},"line":13},"3":{"name":"(anonymous_3)","decl":{"start":{"line":24,"column":29},"end":{"line":24,"column":30}},"loc":{"start":{"line":24,"column":58},"end":{"line":33,"column":1}},"line":24},"4":{"name":"(anonymous_4)","decl":{"start":{"line":25,"column":19},"end":{"line":25,"column":20}},"loc":{"start":{"line":25,"column":29},"end":{"line":32,"column":2}},"line":25},"5":{"name":"(anonymous_5)","decl":{"start":{"line":27,"column":95},"end":{"line":27,"column":96}},"loc":{"start":{"line":27,"column":104},"end":{"line":31,"column":3}},"line":27},"6":{"name":"(anonymous_6)","decl":{"start":{"line":35,"column":27},"end":{"line":35,"column":28}},"loc":{"start":{"line":35,"column":52},"end":{"line":47,"column":1}},"line":35},"7":{"name":"(anonymous_7)","decl":{"start":{"line":36,"column":19},"end":{"line":36,"column":20}},"loc":{"start":{"line":36,"column":35},"end":{"line":46,"column":2}},"line":36},"8":{"name":"(anonymous_8)","decl":{"start":{"line":40,"column":20},"end":{"line":40,"column":21}},"loc":{"start":{"line":40,"column":35},"end":{"line":42,"column":4}},"line":40},"9":{"name":"(anonymous_9)","decl":{"start":{"line":49,"column":26},"end":{"line":49,"column":27}},"loc":{"start":{"line":49,"column":45},"end":{"line":74,"column":1}},"line":49}},"branchMap":{"0":{"loc":{"start":{"line":6,"column":2},"end":{"line":8,"column":3}},"type":"if","locations":[{"start":{"line":6,"column":2},"end":{"line":8,"column":3}},{"start":{},"end":{}}],"line":6},"1":{"loc":{"start":{"line":6,"column":6},"end":{"line":6,"column":64}},"type":"binary-expr","locations":[{"start":{"line":6,"column":6},"end":{"line":6,"column":30}},{"start":{"line":6,"column":34},"end":{"line":6,"column":64}}],"line":6},"2":{"loc":{"start":{"line":28,"column":3},"end":{"line":30,"column":4}},"type":"if","locations":[{"start":{"line":28,"column":3},"end":{"line":30,"column":4}},{"start":{},"end":{}}],"line":28},"3":{"loc":{"start":{"line":54,"column":1},"end":{"line":57,"column":2}},"type":"if","locations":[{"start":{"line":54,"column":1},"end":{"line":57,"column":2}},{"start":{},"end":{}}],"line":54},"4":{"loc":{"start":{"line":54,"column":5},"end":{"line":54,"column":47}},"type":"binary-expr","locations":[{"start":{"line":54,"column":5},"end":{"line":54,"column":15}},{"start":{"line":54,"column":19},"end":{"line":54,"column":29}},{"start":{"line":54,"column":33},"end":{"line":54,"column":47}}],"line":54},"5":{"loc":{"start":{"line":61,"column":1},"end":{"line":64,"column":2}},"type":"if","locations":[{"start":{"line":61,"column":1},"end":{"line":64,"column":2}},{"start":{},"end":{}}],"line":61}},"s":{"0":3,"1":3,"2":2,"3":2,"4":3,"5":1,"6":2,"7":3,"8":1,"9":1,"10":1,"11":1,"12":0,"13":3,"14":1,"15":1,"16":0,"17":0,"18":3,"19":1,"20":1,"21":1,"22":0,"23":0,"24":0,"25":3,"26":5,"27":5,"28":5,"29":5,"30":3,"31":3,"32":2,"33":2,"34":2,"35":1,"36":1,"37":1,"38":1,"39":1,"40":1,"41":1,"42":0,"43":3},"f":{"0":2,"1":3,"2":1,"3":1,"4":1,"5":0,"6":1,"7":1,"8":0,"9":5},"b":{"0":[1,2],"1":[3,2],"2":[0,0],"3":[3,2],"4":[5,4,3],"5":[1,1]},"_coverageSchema":"1a1c01bbd47fc00a2c39e90264f33305004495a9","hash":"1104ec991fda4874028795e10b5eec9fe97a3454"}
,"/home/isaacambro/CSCE331/Project-3/project-3-full-stack-agile-web-project-3-903-13/api/services/reports/restockReport.js": {"path":"/home/isaacambro/CSCE331/Project-3/project-3-full-stack-agile-web-project-3-903-13/api/services/reports/restockReport.js","statementMap":{"0":{"start":{"line":1,"column":11},"end":{"line":1,"column":37}},"1":{"start":{"line":3,"column":30},"end":{"line":17,"column":1}},"2":{"start":{"line":4,"column":1},"end":{"line":14,"column":2}},"3":{"start":{"line":7,"column":3},"end":{"line":10,"column":4}},"4":{"start":{"line":9,"column":4},"end":{"line":9,"column":14}},"5":{"start":{"line":12,"column":3},"end":{"line":12,"column":38}},"6":{"start":{"line":19,"column":23},"end":{"line":45,"column":1}},"7":{"start":{"line":29,"column":24},"end":{"line":33,"column":2}},"8":{"start":{"line":35,"column":4},"end":{"line":44,"column":7}},"9":{"start":{"line":36,"column":8},"end":{"line":40,"column":9}},"10":{"start":{"line":38,"column":12},"end":{"line":38,"column":72}},"11":{"start":{"line":39,"column":12},"end":{"line":39,"column":93}},"12":{"start":{"line":42,"column":8},"end":{"line":42,"column":67}},"13":{"start":{"line":43,"column":8},"end":{"line":43,"column":119}},"14":{"start":{"line":47,"column":0},"end":{"line":50,"column":1}}},"fnMap":{"0":{"name":"(anonymous_0)","decl":{"start":{"line":3,"column":30},"end":{"line":3,"column":31}},"loc":{"start":{"line":3,"column":43},"end":{"line":17,"column":1}},"line":3},"1":{"name":"(anonymous_1)","decl":{"start":{"line":5,"column":52},"end":{"line":5,"column":53}},"loc":{"start":{"line":6,"column":2},"end":{"line":13,"column":3}},"line":6},"2":{"name":"(anonymous_2)","decl":{"start":{"line":19,"column":23},"end":{"line":19,"column":24}},"loc":{"start":{"line":19,"column":43},"end":{"line":45,"column":1}},"line":19},"3":{"name":"(anonymous_3)","decl":{"start":{"line":35,"column":26},"end":{"line":35,"column":27}},"loc":{"start":{"line":35,"column":43},"end":{"line":44,"column":5}},"line":35}},"branchMap":{"0":{"loc":{"start":{"line":7,"column":3},"end":{"line":10,"column":4}},"type":"if","locations":[{"start":{"line":7,"column":3},"end":{"line":10,"column":4}},{"start":{},"end":{}}],"line":7},"1":{"loc":{"start":{"line":36,"column":8},"end":{"line":40,"column":9}},"type":"if","locations":[{"start":{"line":36,"column":8},"end":{"line":40,"column":9}},{"start":{},"end":{}}],"line":36}},"s":{"0":3,"1":3,"2":0,"3":0,"4":0,"5":0,"6":3,"7":0,"8":0,"9":0,"10":0,"11":0,"12":0,"13":0,"14":3},"f":{"0":0,"1":0,"2":0,"3":0},"b":{"0":[0,0],"1":[0,0]},"_coverageSchema":"1a1c01bbd47fc00a2c39e90264f33305004495a9","hash":"64b6d13ca76e41608a127682910dee9fc96e02d0"}
,"/home/isaacambro/CSCE331/Project-3/project-3-full-stack-agile-web-project-3-903-13/api/services/reports/salesReport.js": {"path":"/home/isaacambro/CSCE331/Project-3/project-3-full-stack-agile-web-project-3-903-13/api/services/reports/salesReport.js","statementMap":{"0":{"start":{"line":1,"column":11},"end":{"line":1,"column":37}},"1":{"start":{"line":4,"column":20},"end":{"line":4,"column":62}},"2":{"start":{"line":4,"column":30},"end":{"line":4,"column":62}},"3":{"start":{"line":5,"column":33},"end":{"line":5,"column":96}},"4":{"start":{"line":5,"column":57},"end":{"line":5,"column":96}},"5":{"start":{"line":7,"column":28},"end":{"line":32,"column":1}},"6":{"start":{"line":8,"column":4},"end":{"line":31,"column":7}},"7":{"start":{"line":9,"column":8},"end":{"line":12,"column":9}},"8":{"start":{"line":10,"column":12},"end":{"line":10,"column":69}},"9":{"start":{"line":11,"column":12},"end":{"line":11,"column":19}},"10":{"start":{"line":15,"column":12},"end":{"line":22,"column":38}},"11":{"start":{"line":24,"column":8},"end":{"line":30,"column":11}},"12":{"start":{"line":25,"column":12},"end":{"line":29,"column":13}},"13":{"start":{"line":26,"column":16},"end":{"line":26,"column":28}},"14":{"start":{"line":28,"column":16},"end":{"line":28,"column":38}},"15":{"start":{"line":34,"column":0},"end":{"line":36,"column":2}}},"fnMap":{"0":{"name":"(anonymous_0)","decl":{"start":{"line":4,"column":20},"end":{"line":4,"column":21}},"loc":{"start":{"line":4,"column":30},"end":{"line":4,"column":62}},"line":4},"1":{"name":"(anonymous_1)","decl":{"start":{"line":5,"column":33},"end":{"line":5,"column":34}},"loc":{"start":{"line":5,"column":57},"end":{"line":5,"column":96}},"line":5},"2":{"name":"(anonymous_2)","decl":{"start":{"line":7,"column":28},"end":{"line":7,"column":29}},"loc":{"start":{"line":7,"column":52},"end":{"line":32,"column":1}},"line":7},"3":{"name":"(anonymous_3)","decl":{"start":{"line":8,"column":23},"end":{"line":8,"column":24}},"loc":{"start":{"line":8,"column":44},"end":{"line":31,"column":5}},"line":8},"4":{"name":"(anonymous_4)","decl":{"start":{"line":24,"column":46},"end":{"line":24,"column":47}},"loc":{"start":{"line":24,"column":64},"end":{"line":30,"column":9}},"line":24}},"branchMap":{"0":{"loc":{"start":{"line":9,"column":8},"end":{"line":12,"column":9}},"type":"if","locations":[{"start":{"line":9,"column":8},"end":{"line":12,"column":9}},{"start":{},"end":{}}],"line":9},"1":{"loc":{"start":{"line":25,"column":12},"end":{"line":29,"column":13}},"type":"if","locations":[{"start":{"line":25,"column":12},"end":{"line":29,"column":13}},{"start":{"line":27,"column":19},"end":{"line":29,"column":13}}],"line":25}},"s":{"0":3,"1":3,"2":0,"3":3,"4":0,"5":3,"6":0,"7":0,"8":0,"9":0,"10":0,"11":0,"12":0,"13":0,"14":0,"15":3},"f":{"0":0,"1":0,"2":0,"3":0,"4":0},"b":{"0":[0,0],"1":[0,0]},"_coverageSchema":"1a1c01bbd47fc00a2c39e90264f33305004495a9","hash":"3dd3a856490af76971c8a26699210bb13d7b1c39"}
,"/home/isaacambro/CSCE331/Project-3/project-3-full-stack-agile-web-project-3-903-13/api/services/reports/whatSellsTogether.js": {"path":"/home/isaacambro/CSCE331/Project-3/project-3-full-stack-agile-web-project-3-903-13/api/services/reports/whatSellsTogether.js","statementMap":{"0":{"start":{"line":1,"column":11},"end":{"line":1,"column":37}},"1":{"start":{"line":3,"column":23},"end":{"line":34,"column":1}},"2":{"start":{"line":4,"column":19},"end":{"line":4,"column":37}},"3":{"start":{"line":5,"column":17},"end":{"line":5,"column":33}},"4":{"start":{"line":10,"column":19},"end":{"line":12,"column":70}},"5":{"start":{"line":14,"column":1},"end":{"line":33,"column":3}},"6":{"start":{"line":15,"column":3},"end":{"line":32,"column":4}},"7":{"start":{"line":16,"column":4},"end":{"line":16,"column":19}},"8":{"start":{"line":17,"column":4},"end":{"line":17,"column":14}},"9":{"start":{"line":19,"column":24},"end":{"line":19,"column":241}},"10":{"start":{"line":20,"column":4},"end":{"line":31,"column":6}},"11":{"start":{"line":21,"column":5},"end":{"line":24,"column":6}},"12":{"start":{"line":22,"column":6},"end":{"line":22,"column":21}},"13":{"start":{"line":23,"column":6},"end":{"line":23,"column":15}},"14":{"start":{"line":25,"column":5},"end":{"line":25,"column":39}},"15":{"start":{"line":26,"column":5},"end":{"line":30,"column":7}},"16":{"start":{"line":27,"column":6},"end":{"line":29,"column":7}},"17":{"start":{"line":28,"column":7},"end":{"line":28,"column":16}},"18":{"start":{"line":36,"column":0},"end":{"line":38,"column":1}}},"fnMap":{"0":{"name":"(anonymous_0)","decl":{"start":{"line":3,"column":23},"end":{"line":3,"column":24}},"loc":{"start":{"line":3,"column":36},"end":{"line":34,"column":1}},"line":3},"1":{"name":"(anonymous_1)","decl":{"start":{"line":14,"column":21},"end":{"line":14,"column":22}},"loc":{"start":{"line":14,"column":39},"end":{"line":33,"column":2}},"line":14},"2":{"name":"(anonymous_2)","decl":{"start":{"line":20,"column":26},"end":{"line":20,"column":27}},"loc":{"start":{"line":20,"column":44},"end":{"line":31,"column":5}},"line":20},"3":{"name":"(anonymous_3)","decl":{"start":{"line":26,"column":33},"end":{"line":26,"column":34}},"loc":{"start":{"line":26,"column":51},"end":{"line":30,"column":6}},"line":26}},"branchMap":{"0":{"loc":{"start":{"line":15,"column":3},"end":{"line":32,"column":4}},"type":"if","locations":[{"start":{"line":15,"column":3},"end":{"line":32,"column":4}},{"start":{"line":18,"column":10},"end":{"line":32,"column":4}}],"line":15},"1":{"loc":{"start":{"line":21,"column":5},"end":{"line":24,"column":6}},"type":"if","locations":[{"start":{"line":21,"column":5},"end":{"line":24,"column":6}},{"start":{},"end":{}}],"line":21},"2":{"loc":{"start":{"line":27,"column":6},"end":{"line":29,"column":7}},"type":"if","locations":[{"start":{"line":27,"column":6},"end":{"line":29,"column":7}},{"start":{},"end":{}}],"line":27}},"s":{"0":3,"1":3,"2":0,"3":0,"4":0,"5":0,"6":0,"7":0,"8":0,"9":0,"10":0,"11":0,"12":0,"13":0,"14":0,"15":0,"16":0,"17":0,"18":3},"f":{"0":0,"1":0,"2":0,"3":0},"b":{"0":[0,0],"1":[0,0],"2":[0,0]},"_coverageSchema":"1a1c01bbd47fc00a2c39e90264f33305004495a9","hash":"d508b4f91bc2d0ff4bc1c934e0671e9763cbb3c4"}
}
