{"C:\\Users\\mrder\\OneDrive\\Documents\\College Stuff\\TAMU YEAR 3\\CSCE331\\project-3-full-stack-agile-web-project-3-903-13\\api\\index.js": {"path":"C:\\Users\\mrder\\OneDrive\\Documents\\College Stuff\\TAMU YEAR 3\\CSCE331\\project-3-full-stack-agile-web-project-3-903-13\\api\\index.js","statementMap":{"0":{"start":{"line":1,"column":16},"end":{"line":1,"column":34}},"1":{"start":{"line":2,"column":13},"end":{"line":2,"column":28}},"2":{"start":{"line":3,"column":12},"end":{"line":3,"column":21}},"3":{"start":{"line":4,"column":13},"end":{"line":4,"column":17}},"4":{"start":{"line":6,"column":11},"end":{"line":6,"column":33}},"5":{"start":{"line":7,"column":0},"end":{"line":7,"column":12}},"6":{"start":{"line":14,"column":0},"end":{"line":14,"column":35}},"7":{"start":{"line":21,"column":0},"end":{"line":21,"column":15}},"8":{"start":{"line":22,"column":0},"end":{"line":22,"column":23}},"9":{"start":{"line":25,"column":24},"end":{"line":25,"column":53}},"10":{"start":{"line":26,"column":27},"end":{"line":26,"column":59}},"11":{"start":{"line":27,"column":26},"end":{"line":27,"column":57}},"12":{"start":{"line":28,"column":24},"end":{"line":28,"column":53}},"13":{"start":{"line":29,"column":24},"end":{"line":29,"column":53}},"14":{"start":{"line":30,"column":24},"end":{"line":30,"column":53}},"15":{"start":{"line":31,"column":22},"end":{"line":31,"column":49}},"16":{"start":{"line":34,"column":0},"end":{"line":34,"column":42}},"17":{"start":{"line":35,"column":0},"end":{"line":35,"column":48}},"18":{"start":{"line":36,"column":0},"end":{"line":36,"column":46}},"19":{"start":{"line":37,"column":0},"end":{"line":37,"column":42}},"20":{"start":{"line":38,"column":0},"end":{"line":38,"column":42}},"21":{"start":{"line":39,"column":0},"end":{"line":39,"column":42}},"22":{"start":{"line":40,"column":0},"end":{"line":40,"column":38}},"23":{"start":{"line":43,"column":19},"end":{"line":45,"column":6}},"24":{"start":{"line":44,"column":8},"end":{"line":44,"column":50}},"25":{"start":{"line":46,"column":4},"end":{"line":46,"column":18}},"26":{"start":{"line":49,"column":0},"end":{"line":51,"column":1}},"27":{"start":{"line":50,"column":4},"end":{"line":50,"column":18}},"28":{"start":{"line":53,"column":0},"end":{"line":53,"column":21}},"29":{"start":{"line":54,"column":0},"end":{"line":54,"column":41}}},"fnMap":{"0":{"name":"startServer","decl":{"start":{"line":42,"column":9},"end":{"line":42,"column":20}},"loc":{"start":{"line":42,"column":23},"end":{"line":47,"column":1}},"line":42},"1":{"name":"(anonymous_1)","decl":{"start":{"line":43,"column":36},"end":{"line":43,"column":37}},"loc":{"start":{"line":43,"column":42},"end":{"line":45,"column":5}},"line":43}},"branchMap":{"0":{"loc":{"start":{"line":49,"column":0},"end":{"line":51,"column":1}},"type":"if","locations":[{"start":{"line":49,"column":0},"end":{"line":51,"column":1}},{"start":{},"end":{}}],"line":49}},"s":{"0":2,"1":2,"2":2,"3":2,"4":2,"5":2,"6":2,"7":2,"8":2,"9":2,"10":2,"11":2,"12":2,"13":2,"14":2,"15":2,"16":2,"17":2,"18":2,"19":2,"20":2,"21":2,"22":2,"23":1,"24":0,"25":1,"26":2,"27":0,"28":2,"29":2},"f":{"0":1,"1":0},"b":{"0":[0,2]},"_coverageSchema":"1a1c01bbd47fc00a2c39e90264f33305004495a9","hash":"6fc3391f44b56bcbd966fef4fc690c3c11969b1e"}
,"C:\\Users\\mrder\\OneDrive\\Documents\\College Stuff\\TAMU YEAR 3\\CSCE331\\project-3-full-stack-agile-web-project-3-903-13\\api\\config\\db.js": {"path":"C:\\Users\\mrder\\OneDrive\\Documents\\College Stuff\\TAMU YEAR 3\\CSCE331\\project-3-full-stack-agile-web-project-3-903-13\\api\\config\\db.js","statementMap":{"0":{"start":{"line":1,"column":13},"end":{"line":1,"column":31}},"1":{"start":{"line":3,"column":11},"end":{"line":9,"column":2}},"2":{"start":{"line":11,"column":0},"end":{"line":11,"column":19}}},"fnMap":{},"branchMap":{},"s":{"0":9,"1":9,"2":9},"f":{},"b":{},"_coverageSchema":"1a1c01bbd47fc00a2c39e90264f33305004495a9","hash":"fb61f1162b35a436b3e3cbe8665f37589cdc6b1b"}
,"C:\\Users\\mrder\\OneDrive\\Documents\\College Stuff\\TAMU YEAR 3\\CSCE331\\project-3-full-stack-agile-web-project-3-903-13\\api\\routes\\employees.js": {"path":"C:\\Users\\mrder\\OneDrive\\Documents\\College Stuff\\TAMU YEAR 3\\CSCE331\\project-3-full-stack-agile-web-project-3-903-13\\api\\routes\\employees.js","statementMap":{"0":{"start":{"line":1,"column":16},"end":{"line":1,"column":34}},"1":{"start":{"line":2,"column":15},"end":{"line":2,"column":31}},"2":{"start":{"line":4,"column":0},"end":{"line":6,"column":2}},"3":{"start":{"line":5,"column":1},"end":{"line":5,"column":28}},"4":{"start":{"line":8,"column":0},"end":{"line":8,"column":23}}},"fnMap":{"0":{"name":"(anonymous_0)","decl":{"start":{"line":4,"column":16},"end":{"line":4,"column":17}},"loc":{"start":{"line":4,"column":29},"end":{"line":6,"column":1}},"line":4}},"branchMap":{},"s":{"0":3,"1":3,"2":3,"3":1,"4":3},"f":{"0":1},"b":{},"_coverageSchema":"1a1c01bbd47fc00a2c39e90264f33305004495a9","hash":"5301006b12ba04506e344782ef78e57782c4401e"}
,"C:\\Users\\mrder\\OneDrive\\Documents\\College Stuff\\TAMU YEAR 3\\CSCE331\\project-3-full-stack-agile-web-project-3-903-13\\api\\routes\\foodItems.js": {"path":"C:\\Users\\mrder\\OneDrive\\Documents\\College Stuff\\TAMU YEAR 3\\CSCE331\\project-3-full-stack-agile-web-project-3-903-13\\api\\routes\\foodItems.js","statementMap":{"0":{"start":{"line":1,"column":16},"end":{"line":1,"column":34}},"1":{"start":{"line":2,"column":15},"end":{"line":2,"column":31}},"2":{"start":{"line":4,"column":0},"end":{"line":6,"column":2}},"3":{"start":{"line":5,"column":1},"end":{"line":5,"column":29}},"4":{"start":{"line":8,"column":0},"end":{"line":8,"column":23}}},"fnMap":{"0":{"name":"(anonymous_0)","decl":{"start":{"line":4,"column":16},"end":{"line":4,"column":17}},"loc":{"start":{"line":4,"column":29},"end":{"line":6,"column":1}},"line":4}},"branchMap":{},"s":{"0":3,"1":3,"2":3,"3":1,"4":3},"f":{"0":1},"b":{},"_coverageSchema":"1a1c01bbd47fc00a2c39e90264f33305004495a9","hash":"e06a33cf6741a8c42158d3ba9ad145481174b5e1"}
,"C:\\Users\\mrder\\OneDrive\\Documents\\College Stuff\\TAMU YEAR 3\\CSCE331\\project-3-full-stack-agile-web-project-3-903-13\\api\\routes\\ingredients.js": {"path":"C:\\Users\\mrder\\OneDrive\\Documents\\College Stuff\\TAMU YEAR 3\\CSCE331\\project-3-full-stack-agile-web-project-3-903-13\\api\\routes\\ingredients.js","statementMap":{"0":{"start":{"line":1,"column":16},"end":{"line":1,"column":34}},"1":{"start":{"line":2,"column":15},"end":{"line":2,"column":31}},"2":{"start":{"line":4,"column":0},"end":{"line":6,"column":2}},"3":{"start":{"line":5,"column":1},"end":{"line":5,"column":30}},"4":{"start":{"line":8,"column":0},"end":{"line":8,"column":23}}},"fnMap":{"0":{"name":"(anonymous_0)","decl":{"start":{"line":4,"column":16},"end":{"line":4,"column":17}},"loc":{"start":{"line":4,"column":29},"end":{"line":6,"column":1}},"line":4}},"branchMap":{},"s":{"0":3,"1":3,"2":3,"3":1,"4":3},"f":{"0":1},"b":{},"_coverageSchema":"1a1c01bbd47fc00a2c39e90264f33305004495a9","hash":"b625ccfeeee7b0bf710366a9bb7854b52c5693f2"}
,"C:\\Users\\mrder\\OneDrive\\Documents\\College Stuff\\TAMU YEAR 3\\CSCE331\\project-3-full-stack-agile-web-project-3-903-13\\api\\routes\\inventory.js": {"path":"C:\\Users\\mrder\\OneDrive\\Documents\\College Stuff\\TAMU YEAR 3\\CSCE331\\project-3-full-stack-agile-web-project-3-903-13\\api\\routes\\inventory.js","statementMap":{"0":{"start":{"line":1,"column":16},"end":{"line":1,"column":34}},"1":{"start":{"line":2,"column":15},"end":{"line":2,"column":31}},"2":{"start":{"line":4,"column":28},"end":{"line":4,"column":63}},"3":{"start":{"line":8,"column":0},"end":{"line":8,"column":54}},"4":{"start":{"line":12,"column":0},"end":{"line":27,"column":3}},"5":{"start":{"line":13,"column":35},"end":{"line":13,"column":44}},"6":{"start":{"line":15,"column":4},"end":{"line":18,"column":5}},"7":{"start":{"line":16,"column":8},"end":{"line":16,"column":73}},"8":{"start":{"line":17,"column":8},"end":{"line":17,"column":15}},"9":{"start":{"line":20,"column":4},"end":{"line":26,"column":5}},"10":{"start":{"line":21,"column":27},"end":{"line":21,"column":90}},"11":{"start":{"line":22,"column":8},"end":{"line":22,"column":41}},"12":{"start":{"line":25,"column":8},"end":{"line":25,"column":70}},"13":{"start":{"line":28,"column":0},"end":{"line":28,"column":59}},"14":{"start":{"line":32,"column":0},"end":{"line":32,"column":54}},"15":{"start":{"line":35,"column":0},"end":{"line":35,"column":74}},"16":{"start":{"line":36,"column":0},"end":{"line":36,"column":71}},"17":{"start":{"line":37,"column":0},"end":{"line":37,"column":72}},"18":{"start":{"line":40,"column":0},"end":{"line":40,"column":59}},"19":{"start":{"line":42,"column":0},"end":{"line":42,"column":23}}},"fnMap":{"0":{"name":"(anonymous_0)","decl":{"start":{"line":12,"column":21},"end":{"line":12,"column":22}},"loc":{"start":{"line":12,"column":41},"end":{"line":27,"column":1}},"line":12}},"branchMap":{"0":{"loc":{"start":{"line":15,"column":4},"end":{"line":18,"column":5}},"type":"if","locations":[{"start":{"line":15,"column":4},"end":{"line":18,"column":5}},{"start":{},"end":{}}],"line":15},"1":{"loc":{"start":{"line":15,"column":8},"end":{"line":15,"column":30}},"type":"binary-expr","locations":[{"start":{"line":15,"column":8},"end":{"line":15,"column":18}},{"start":{"line":15,"column":22},"end":{"line":15,"column":30}}],"line":15}},"s":{"0":3,"1":3,"2":3,"3":3,"4":3,"5":3,"6":3,"7":1,"8":1,"9":2,"10":2,"11":1,"12":1,"13":3,"14":3,"15":3,"16":3,"17":3,"18":3,"19":3},"f":{"0":3},"b":{"0":[1,2],"1":[3,2]},"_coverageSchema":"1a1c01bbd47fc00a2c39e90264f33305004495a9","hash":"3f3e64485725ccedaa7fd626112f77173848b57a"}
,"C:\\Users\\mrder\\OneDrive\\Documents\\College Stuff\\TAMU YEAR 3\\CSCE331\\project-3-full-stack-agile-web-project-3-903-13\\api\\routes\\menuItems.js": {"path":"C:\\Users\\mrder\\OneDrive\\Documents\\College Stuff\\TAMU YEAR 3\\CSCE331\\project-3-full-stack-agile-web-project-3-903-13\\api\\routes\\menuItems.js","statementMap":{"0":{"start":{"line":1,"column":16},"end":{"line":1,"column":34}},"1":{"start":{"line":2,"column":15},"end":{"line":2,"column":31}},"2":{"start":{"line":3,"column":28},"end":{"line":3,"column":60}},"3":{"start":{"line":6,"column":0},"end":{"line":6,"column":50}},"4":{"start":{"line":9,"column":0},"end":{"line":9,"column":55}},"5":{"start":{"line":10,"column":0},"end":{"line":10,"column":75}},"6":{"start":{"line":13,"column":0},"end":{"line":13,"column":70}},"7":{"start":{"line":14,"column":0},"end":{"line":14,"column":66}},"8":{"start":{"line":15,"column":0},"end":{"line":15,"column":72}},"9":{"start":{"line":18,"column":0},"end":{"line":18,"column":55}},"10":{"start":{"line":21,"column":0},"end":{"line":21,"column":23}}},"fnMap":{},"branchMap":{},"s":{"0":2,"1":2,"2":2,"3":2,"4":2,"5":2,"6":2,"7":2,"8":2,"9":2,"10":2},"f":{},"b":{},"_coverageSchema":"1a1c01bbd47fc00a2c39e90264f33305004495a9","hash":"cb8de2a5e5687e77fce94a270a301ef0a9d05216"}
,"C:\\Users\\mrder\\OneDrive\\Documents\\College Stuff\\TAMU YEAR 3\\CSCE331\\project-3-full-stack-agile-web-project-3-903-13\\api\\routes\\reports.js": {"path":"C:\\Users\\mrder\\OneDrive\\Documents\\College Stuff\\TAMU YEAR 3\\CSCE331\\project-3-full-stack-agile-web-project-3-903-13\\api\\routes\\reports.js","statementMap":{"0":{"start":{"line":1,"column":16},"end":{"line":1,"column":34}},"1":{"start":{"line":2,"column":15},"end":{"line":2,"column":31}},"2":{"start":{"line":3,"column":25},"end":{"line":3,"column":73}},"3":{"start":{"line":4,"column":30},"end":{"line":4,"column":72}},"4":{"start":{"line":5,"column":49},"end":{"line":5,"column":93}},"5":{"start":{"line":8,"column":0},"end":{"line":8,"column":49}},"6":{"start":{"line":11,"column":0},"end":{"line":26,"column":3}},"7":{"start":{"line":12,"column":35},"end":{"line":12,"column":44}},"8":{"start":{"line":14,"column":4},"end":{"line":17,"column":5}},"9":{"start":{"line":15,"column":8},"end":{"line":15,"column":73}},"10":{"start":{"line":16,"column":8},"end":{"line":16,"column":15}},"11":{"start":{"line":19,"column":4},"end":{"line":25,"column":5}},"12":{"start":{"line":20,"column":27},"end":{"line":20,"column":72}},"13":{"start":{"line":21,"column":8},"end":{"line":21,"column":41}},"14":{"start":{"line":24,"column":8},"end":{"line":24,"column":67}},"15":{"start":{"line":28,"column":0},"end":{"line":28,"column":52}},"16":{"start":{"line":30,"column":0},"end":{"line":30,"column":50}},"17":{"start":{"line":33,"column":0},"end":{"line":33,"column":23}}},"fnMap":{"0":{"name":"(anonymous_0)","decl":{"start":{"line":11,"column":27},"end":{"line":11,"column":28}},"loc":{"start":{"line":11,"column":47},"end":{"line":26,"column":1}},"line":11}},"branchMap":{"0":{"loc":{"start":{"line":14,"column":4},"end":{"line":17,"column":5}},"type":"if","locations":[{"start":{"line":14,"column":4},"end":{"line":17,"column":5}},{"start":{},"end":{}}],"line":14},"1":{"loc":{"start":{"line":14,"column":8},"end":{"line":14,"column":30}},"type":"binary-expr","locations":[{"start":{"line":14,"column":8},"end":{"line":14,"column":18}},{"start":{"line":14,"column":22},"end":{"line":14,"column":30}}],"line":14}},"s":{"0":3,"1":3,"2":3,"3":3,"4":3,"5":3,"6":3,"7":2,"8":2,"9":1,"10":1,"11":1,"12":1,"13":1,"14":0,"15":3,"16":3,"17":3},"f":{"0":2},"b":{"0":[1,1],"1":[2,1]},"_coverageSchema":"1a1c01bbd47fc00a2c39e90264f33305004495a9","hash":"0a7ac93bb41cd97e09fc2261bef84e098b62a1d4"}
,"C:\\Users\\mrder\\OneDrive\\Documents\\College Stuff\\TAMU YEAR 3\\CSCE331\\project-3-full-stack-agile-web-project-3-903-13\\api\\routes\\transactions.js": {"path":"C:\\Users\\mrder\\OneDrive\\Documents\\College Stuff\\TAMU YEAR 3\\CSCE331\\project-3-full-stack-agile-web-project-3-903-13\\api\\routes\\transactions.js","statementMap":{"0":{"start":{"line":1,"column":16},"end":{"line":1,"column":34}},"1":{"start":{"line":2,"column":15},"end":{"line":2,"column":31}},"2":{"start":{"line":3,"column":31},"end":{"line":3,"column":66}},"3":{"start":{"line":5,"column":0},"end":{"line":5,"column":61}},"4":{"start":{"line":7,"column":0},"end":{"line":17,"column":3}},"5":{"start":{"line":8,"column":29},"end":{"line":8,"column":41}},"6":{"start":{"line":10,"column":4},"end":{"line":16,"column":5}},"7":{"start":{"line":11,"column":24},"end":{"line":11,"column":86}},"8":{"start":{"line":12,"column":8},"end":{"line":12,"column":43}},"9":{"start":{"line":14,"column":8},"end":{"line":14,"column":117}},"10":{"start":{"line":19,"column":0},"end":{"line":19,"column":87}},"11":{"start":{"line":20,"column":0},"end":{"line":20,"column":77}},"12":{"start":{"line":22,"column":0},"end":{"line":22,"column":75}},"13":{"start":{"line":23,"column":0},"end":{"line":23,"column":67}},"14":{"start":{"line":25,"column":0},"end":{"line":25,"column":76}},"15":{"start":{"line":28,"column":0},"end":{"line":28,"column":23}}},"fnMap":{"0":{"name":"(anonymous_0)","decl":{"start":{"line":7,"column":35},"end":{"line":7,"column":36}},"loc":{"start":{"line":7,"column":64},"end":{"line":17,"column":1}},"line":7}},"branchMap":{},"s":{"0":2,"1":2,"2":2,"3":2,"4":2,"5":0,"6":0,"7":0,"8":0,"9":0,"10":2,"11":2,"12":2,"13":2,"14":2,"15":2},"f":{"0":0},"b":{},"_coverageSchema":"1a1c01bbd47fc00a2c39e90264f33305004495a9","hash":"e4dac84bd35bab385f922dee8dac449e7d745305"}
,"C:\\Users\\mrder\\OneDrive\\Documents\\College Stuff\\TAMU YEAR 3\\CSCE331\\project-3-full-stack-agile-web-project-3-903-13\\api\\services\\inventory.js": {"path":"C:\\Users\\mrder\\OneDrive\\Documents\\College Stuff\\TAMU YEAR 3\\CSCE331\\project-3-full-stack-agile-web-project-3-903-13\\api\\services\\inventory.js","statementMap":{"0":{"start":{"line":1,"column":11},"end":{"line":1,"column":34}},"1":{"start":{"line":6,"column":26},"end":{"line":14,"column":1}},"2":{"start":{"line":7,"column":1},"end":{"line":13,"column":3}},"3":{"start":{"line":8,"column":2},"end":{"line":11,"column":3}},"4":{"start":{"line":9,"column":3},"end":{"line":9,"column":40}},"5":{"start":{"line":10,"column":3},"end":{"line":10,"column":10}},"6":{"start":{"line":12,"column":2},"end":{"line":12,"column":37}},"7":{"start":{"line":19,"column":30},"end":{"line":48,"column":1}},"8":{"start":{"line":20,"column":35},"end":{"line":20,"column":43}},"9":{"start":{"line":21,"column":1},"end":{"line":46,"column":3}},"10":{"start":{"line":24,"column":3},"end":{"line":44,"column":4}},"11":{"start":{"line":26,"column":4},"end":{"line":26,"column":20}},"12":{"start":{"line":27,"column":4},"end":{"line":27,"column":11}},"13":{"start":{"line":28,"column":10},"end":{"line":44,"column":4}},"14":{"start":{"line":29,"column":4},"end":{"line":29,"column":47}},"15":{"start":{"line":30,"column":4},"end":{"line":30,"column":11}},"16":{"start":{"line":32,"column":4},"end":{"line":43,"column":6}},"17":{"start":{"line":36,"column":6},"end":{"line":40,"column":7}},"18":{"start":{"line":38,"column":7},"end":{"line":38,"column":23}},"19":{"start":{"line":39,"column":7},"end":{"line":39,"column":14}},"20":{"start":{"line":41,"column":6},"end":{"line":41,"column":72}},"21":{"start":{"line":53,"column":30},"end":{"line":82,"column":1}},"22":{"start":{"line":54,"column":35},"end":{"line":54,"column":43}},"23":{"start":{"line":55,"column":1},"end":{"line":80,"column":3}},"24":{"start":{"line":58,"column":3},"end":{"line":78,"column":4}},"25":{"start":{"line":60,"column":4},"end":{"line":60,"column":20}},"26":{"start":{"line":61,"column":4},"end":{"line":61,"column":11}},"27":{"start":{"line":62,"column":10},"end":{"line":78,"column":4}},"28":{"start":{"line":63,"column":4},"end":{"line":63,"column":47}},"29":{"start":{"line":64,"column":4},"end":{"line":64,"column":11}},"30":{"start":{"line":66,"column":4},"end":{"line":77,"column":6}},"31":{"start":{"line":70,"column":6},"end":{"line":74,"column":7}},"32":{"start":{"line":72,"column":7},"end":{"line":72,"column":23}},"33":{"start":{"line":73,"column":7},"end":{"line":73,"column":14}},"34":{"start":{"line":75,"column":6},"end":{"line":75,"column":72}},"35":{"start":{"line":87,"column":28},"end":{"line":116,"column":1}},"36":{"start":{"line":88,"column":35},"end":{"line":88,"column":43}},"37":{"start":{"line":89,"column":1},"end":{"line":114,"column":3}},"38":{"start":{"line":92,"column":3},"end":{"line":112,"column":4}},"39":{"start":{"line":94,"column":4},"end":{"line":94,"column":20}},"40":{"start":{"line":95,"column":4},"end":{"line":95,"column":11}},"41":{"start":{"line":96,"column":10},"end":{"line":112,"column":4}},"42":{"start":{"line":97,"column":4},"end":{"line":97,"column":47}},"43":{"start":{"line":98,"column":4},"end":{"line":98,"column":11}},"44":{"start":{"line":100,"column":4},"end":{"line":111,"column":6}},"45":{"start":{"line":104,"column":6},"end":{"line":108,"column":7}},"46":{"start":{"line":106,"column":7},"end":{"line":106,"column":23}},"47":{"start":{"line":107,"column":7},"end":{"line":107,"column":14}},"48":{"start":{"line":109,"column":6},"end":{"line":109,"column":75}},"49":{"start":{"line":121,"column":25},"end":{"line":150,"column":1}},"50":{"start":{"line":122,"column":49},"end":{"line":122,"column":57}},"51":{"start":{"line":123,"column":1},"end":{"line":148,"column":3}},"52":{"start":{"line":126,"column":3},"end":{"line":146,"column":4}},"53":{"start":{"line":128,"column":4},"end":{"line":128,"column":20}},"54":{"start":{"line":129,"column":4},"end":{"line":129,"column":11}},"55":{"start":{"line":130,"column":10},"end":{"line":146,"column":4}},"56":{"start":{"line":131,"column":4},"end":{"line":131,"column":48}},"57":{"start":{"line":132,"column":4},"end":{"line":132,"column":11}},"58":{"start":{"line":134,"column":4},"end":{"line":145,"column":6}},"59":{"start":{"line":138,"column":6},"end":{"line":142,"column":7}},"60":{"start":{"line":140,"column":7},"end":{"line":140,"column":23}},"61":{"start":{"line":141,"column":7},"end":{"line":141,"column":14}},"62":{"start":{"line":143,"column":6},"end":{"line":143,"column":64}},"63":{"start":{"line":155,"column":28},"end":{"line":174,"column":1}},"64":{"start":{"line":156,"column":25},"end":{"line":156,"column":33}},"65":{"start":{"line":157,"column":4},"end":{"line":173,"column":6}},"66":{"start":{"line":161,"column":12},"end":{"line":165,"column":13}},"67":{"start":{"line":163,"column":16},"end":{"line":163,"column":62}},"68":{"start":{"line":164,"column":16},"end":{"line":164,"column":23}},"69":{"start":{"line":166,"column":12},"end":{"line":170,"column":13}},"70":{"start":{"line":168,"column":16},"end":{"line":168,"column":65}},"71":{"start":{"line":169,"column":16},"end":{"line":169,"column":23}},"72":{"start":{"line":171,"column":12},"end":{"line":171,"column":94}},"73":{"start":{"line":181,"column":26},"end":{"line":220,"column":1}},"74":{"start":{"line":182,"column":18},"end":{"line":209,"column":5}},"75":{"start":{"line":211,"column":24},"end":{"line":211,"column":37}},"76":{"start":{"line":213,"column":4},"end":{"line":219,"column":7}},"77":{"start":{"line":214,"column":8},"end":{"line":218,"column":9}},"78":{"start":{"line":215,"column":12},"end":{"line":215,"column":24}},"79":{"start":{"line":217,"column":12},"end":{"line":217,"column":51}},"80":{"start":{"line":227,"column":26},"end":{"line":273,"column":1}},"81":{"start":{"line":228,"column":4},"end":{"line":272,"column":7}},"82":{"start":{"line":229,"column":8},"end":{"line":232,"column":9}},"83":{"start":{"line":230,"column":12},"end":{"line":230,"column":69}},"84":{"start":{"line":231,"column":12},"end":{"line":231,"column":19}},"85":{"start":{"line":235,"column":22},"end":{"line":263,"column":9}},"86":{"start":{"line":265,"column":8},"end":{"line":271,"column":11}},"87":{"start":{"line":266,"column":12},"end":{"line":270,"column":13}},"88":{"start":{"line":267,"column":16},"end":{"line":267,"column":28}},"89":{"start":{"line":269,"column":16},"end":{"line":269,"column":38}},"90":{"start":{"line":277,"column":0},"end":{"line":286,"column":1}}},"fnMap":{"0":{"name":"(anonymous_0)","decl":{"start":{"line":6,"column":26},"end":{"line":6,"column":27}},"loc":{"start":{"line":6,"column":39},"end":{"line":14,"column":1}},"line":6},"1":{"name":"(anonymous_1)","decl":{"start":{"line":7,"column":37},"end":{"line":7,"column":38}},"loc":{"start":{"line":7,"column":54},"end":{"line":13,"column":2}},"line":7},"2":{"name":"(anonymous_2)","decl":{"start":{"line":19,"column":30},"end":{"line":19,"column":31}},"loc":{"start":{"line":19,"column":44},"end":{"line":48,"column":1}},"line":19},"3":{"name":"(anonymous_3)","decl":{"start":{"line":23,"column":2},"end":{"line":23,"column":3}},"loc":{"start":{"line":23,"column":19},"end":{"line":45,"column":3}},"line":23},"4":{"name":"(anonymous_4)","decl":{"start":{"line":35,"column":5},"end":{"line":35,"column":6}},"loc":{"start":{"line":35,"column":22},"end":{"line":42,"column":6}},"line":35},"5":{"name":"(anonymous_5)","decl":{"start":{"line":53,"column":30},"end":{"line":53,"column":31}},"loc":{"start":{"line":53,"column":44},"end":{"line":82,"column":1}},"line":53},"6":{"name":"(anonymous_6)","decl":{"start":{"line":57,"column":2},"end":{"line":57,"column":3}},"loc":{"start":{"line":57,"column":19},"end":{"line":79,"column":3}},"line":57},"7":{"name":"(anonymous_7)","decl":{"start":{"line":69,"column":5},"end":{"line":69,"column":6}},"loc":{"start":{"line":69,"column":22},"end":{"line":76,"column":6}},"line":69},"8":{"name":"(anonymous_8)","decl":{"start":{"line":87,"column":28},"end":{"line":87,"column":29}},"loc":{"start":{"line":87,"column":42},"end":{"line":116,"column":1}},"line":87},"9":{"name":"(anonymous_9)","decl":{"start":{"line":91,"column":2},"end":{"line":91,"column":3}},"loc":{"start":{"line":91,"column":19},"end":{"line":113,"column":3}},"line":91},"10":{"name":"(anonymous_10)","decl":{"start":{"line":103,"column":5},"end":{"line":103,"column":6}},"loc":{"start":{"line":103,"column":22},"end":{"line":110,"column":6}},"line":103},"11":{"name":"(anonymous_11)","decl":{"start":{"line":121,"column":25},"end":{"line":121,"column":26}},"loc":{"start":{"line":121,"column":39},"end":{"line":150,"column":1}},"line":121},"12":{"name":"(anonymous_12)","decl":{"start":{"line":125,"column":2},"end":{"line":125,"column":3}},"loc":{"start":{"line":125,"column":19},"end":{"line":147,"column":3}},"line":125},"13":{"name":"(anonymous_13)","decl":{"start":{"line":137,"column":5},"end":{"line":137,"column":6}},"loc":{"start":{"line":137,"column":22},"end":{"line":144,"column":6}},"line":137},"14":{"name":"(anonymous_14)","decl":{"start":{"line":155,"column":28},"end":{"line":155,"column":29}},"loc":{"start":{"line":155,"column":42},"end":{"line":174,"column":1}},"line":155},"15":{"name":"(anonymous_15)","decl":{"start":{"line":160,"column":8},"end":{"line":160,"column":9}},"loc":{"start":{"line":160,"column":25},"end":{"line":172,"column":9}},"line":160},"16":{"name":"(anonymous_16)","decl":{"start":{"line":181,"column":26},"end":{"line":181,"column":27}},"loc":{"start":{"line":181,"column":49},"end":{"line":220,"column":1}},"line":181},"17":{"name":"(anonymous_17)","decl":{"start":{"line":213,"column":33},"end":{"line":213,"column":34}},"loc":{"start":{"line":213,"column":51},"end":{"line":219,"column":5}},"line":213},"18":{"name":"(anonymous_18)","decl":{"start":{"line":227,"column":26},"end":{"line":227,"column":27}},"loc":{"start":{"line":227,"column":50},"end":{"line":273,"column":1}},"line":227},"19":{"name":"(anonymous_19)","decl":{"start":{"line":228,"column":23},"end":{"line":228,"column":24}},"loc":{"start":{"line":228,"column":44},"end":{"line":272,"column":5}},"line":228},"20":{"name":"(anonymous_20)","decl":{"start":{"line":265,"column":46},"end":{"line":265,"column":47}},"loc":{"start":{"line":265,"column":64},"end":{"line":271,"column":9}},"line":265}},"branchMap":{"0":{"loc":{"start":{"line":8,"column":2},"end":{"line":11,"column":3}},"type":"if","locations":[{"start":{"line":8,"column":2},"end":{"line":11,"column":3}},{"start":{},"end":{}}],"line":8},"1":{"loc":{"start":{"line":24,"column":3},"end":{"line":44,"column":4}},"type":"if","locations":[{"start":{"line":24,"column":3},"end":{"line":44,"column":4}},{"start":{"line":28,"column":10},"end":{"line":44,"column":4}}],"line":24},"2":{"loc":{"start":{"line":28,"column":10},"end":{"line":44,"column":4}},"type":"if","locations":[{"start":{"line":28,"column":10},"end":{"line":44,"column":4}},{"start":{"line":31,"column":10},"end":{"line":44,"column":4}}],"line":28},"3":{"loc":{"start":{"line":36,"column":6},"end":{"line":40,"column":7}},"type":"if","locations":[{"start":{"line":36,"column":6},"end":{"line":40,"column":7}},{"start":{},"end":{}}],"line":36},"4":{"loc":{"start":{"line":58,"column":3},"end":{"line":78,"column":4}},"type":"if","locations":[{"start":{"line":58,"column":3},"end":{"line":78,"column":4}},{"start":{"line":62,"column":10},"end":{"line":78,"column":4}}],"line":58},"5":{"loc":{"start":{"line":62,"column":10},"end":{"line":78,"column":4}},"type":"if","locations":[{"start":{"line":62,"column":10},"end":{"line":78,"column":4}},{"start":{"line":65,"column":10},"end":{"line":78,"column":4}}],"line":62},"6":{"loc":{"start":{"line":70,"column":6},"end":{"line":74,"column":7}},"type":"if","locations":[{"start":{"line":70,"column":6},"end":{"line":74,"column":7}},{"start":{},"end":{}}],"line":70},"7":{"loc":{"start":{"line":92,"column":3},"end":{"line":112,"column":4}},"type":"if","locations":[{"start":{"line":92,"column":3},"end":{"line":112,"column":4}},{"start":{"line":96,"column":10},"end":{"line":112,"column":4}}],"line":92},"8":{"loc":{"start":{"line":96,"column":10},"end":{"line":112,"column":4}},"type":"if","locations":[{"start":{"line":96,"column":10},"end":{"line":112,"column":4}},{"start":{"line":99,"column":10},"end":{"line":112,"column":4}}],"line":96},"9":{"loc":{"start":{"line":104,"column":6},"end":{"line":108,"column":7}},"type":"if","locations":[{"start":{"line":104,"column":6},"end":{"line":108,"column":7}},{"start":{},"end":{}}],"line":104},"10":{"loc":{"start":{"line":126,"column":3},"end":{"line":146,"column":4}},"type":"if","locations":[{"start":{"line":126,"column":3},"end":{"line":146,"column":4}},{"start":{"line":130,"column":10},"end":{"line":146,"column":4}}],"line":126},"11":{"loc":{"start":{"line":130,"column":10},"end":{"line":146,"column":4}},"type":"if","locations":[{"start":{"line":130,"column":10},"end":{"line":146,"column":4}},{"start":{"line":133,"column":10},"end":{"line":146,"column":4}}],"line":130},"12":{"loc":{"start":{"line":138,"column":6},"end":{"line":142,"column":7}},"type":"if","locations":[{"start":{"line":138,"column":6},"end":{"line":142,"column":7}},{"start":{},"end":{}}],"line":138},"13":{"loc":{"start":{"line":161,"column":12},"end":{"line":165,"column":13}},"type":"if","locations":[{"start":{"line":161,"column":12},"end":{"line":165,"column":13}},{"start":{},"end":{}}],"line":161},"14":{"loc":{"start":{"line":166,"column":12},"end":{"line":170,"column":13}},"type":"if","locations":[{"start":{"line":166,"column":12},"end":{"line":170,"column":13}},{"start":{},"end":{}}],"line":166},"15":{"loc":{"start":{"line":214,"column":8},"end":{"line":218,"column":9}},"type":"if","locations":[{"start":{"line":214,"column":8},"end":{"line":218,"column":9}},{"start":{"line":216,"column":15},"end":{"line":218,"column":9}}],"line":214},"16":{"loc":{"start":{"line":229,"column":8},"end":{"line":232,"column":9}},"type":"if","locations":[{"start":{"line":229,"column":8},"end":{"line":232,"column":9}},{"start":{},"end":{}}],"line":229},"17":{"loc":{"start":{"line":266,"column":12},"end":{"line":270,"column":13}},"type":"if","locations":[{"start":{"line":266,"column":12},"end":{"line":270,"column":13}},{"start":{"line":268,"column":19},"end":{"line":270,"column":13}}],"line":266}},"s":{"0":4,"1":4,"2":2,"3":2,"4":1,"5":1,"6":1,"7":4,"8":4,"9":4,"10":4,"11":1,"12":1,"13":3,"14":1,"15":1,"16":2,"17":2,"18":1,"19":1,"20":1,"21":4,"22":4,"23":4,"24":4,"25":1,"26":1,"27":3,"28":1,"29":1,"30":2,"31":2,"32":1,"33":1,"34":1,"35":4,"36":4,"37":4,"38":4,"39":1,"40":1,"41":3,"42":1,"43":1,"44":2,"45":2,"46":1,"47":1,"48":1,"49":4,"50":4,"51":4,"52":4,"53":1,"54":1,"55":3,"56":1,"57":1,"58":2,"59":2,"60":1,"61":1,"62":1,"63":4,"64":3,"65":3,"66":3,"67":1,"68":1,"69":2,"70":1,"71":1,"72":1,"73":4,"74":2,"75":2,"76":2,"77":2,"78":1,"79":1,"80":4,"81":3,"82":3,"83":1,"84":1,"85":2,"86":2,"87":2,"88":1,"89":1,"90":4},"f":{"0":2,"1":2,"2":4,"3":4,"4":2,"5":4,"6":4,"7":2,"8":4,"9":4,"10":2,"11":4,"12":4,"13":2,"14":3,"15":3,"16":2,"17":2,"18":3,"19":3,"20":2},"b":{"0":[1,1],"1":[1,3],"2":[1,2],"3":[1,1],"4":[1,3],"5":[1,2],"6":[1,1],"7":[1,3],"8":[1,2],"9":[1,1],"10":[1,3],"11":[1,2],"12":[1,1],"13":[1,2],"14":[1,1],"15":[1,1],"16":[1,2],"17":[1,1]},"_coverageSchema":"1a1c01bbd47fc00a2c39e90264f33305004495a9","hash":"599bf528d1c7c302fe08a2d54e1cbe356a0cbe20"}
,"C:\\Users\\mrder\\OneDrive\\Documents\\College Stuff\\TAMU YEAR 3\\CSCE331\\project-3-full-stack-agile-web-project-3-903-13\\api\\services\\menuitems.js": {"path":"C:\\Users\\mrder\\OneDrive\\Documents\\College Stuff\\TAMU YEAR 3\\CSCE331\\project-3-full-stack-agile-web-project-3-903-13\\api\\services\\menuitems.js","statementMap":{"0":{"start":{"line":1,"column":11},"end":{"line":1,"column":34}},"1":{"start":{"line":3,"column":26},"end":{"line":11,"column":1}},"2":{"start":{"line":4,"column":1},"end":{"line":10,"column":3}},"3":{"start":{"line":5,"column":2},"end":{"line":8,"column":3}},"4":{"start":{"line":6,"column":3},"end":{"line":6,"column":49}},"5":{"start":{"line":7,"column":3},"end":{"line":7,"column":10}},"6":{"start":{"line":9,"column":2},"end":{"line":9,"column":36}},"7":{"start":{"line":13,"column":36},"end":{"line":39,"column":1}},"8":{"start":{"line":14,"column":22},"end":{"line":14,"column":31}},"9":{"start":{"line":15,"column":1},"end":{"line":38,"column":3}},"10":{"start":{"line":18,"column":2},"end":{"line":37,"column":3}},"11":{"start":{"line":19,"column":3},"end":{"line":19,"column":40}},"12":{"start":{"line":20,"column":3},"end":{"line":20,"column":10}},"13":{"start":{"line":21,"column":9},"end":{"line":37,"column":3}},"14":{"start":{"line":22,"column":3},"end":{"line":22,"column":46}},"15":{"start":{"line":23,"column":3},"end":{"line":23,"column":10}},"16":{"start":{"line":25,"column":18},"end":{"line":25,"column":39}},"17":{"start":{"line":26,"column":3},"end":{"line":36,"column":4}},"18":{"start":{"line":29,"column":4},"end":{"line":33,"column":5}},"19":{"start":{"line":30,"column":5},"end":{"line":30,"column":58}},"20":{"start":{"line":31,"column":5},"end":{"line":31,"column":51}},"21":{"start":{"line":32,"column":5},"end":{"line":32,"column":12}},"22":{"start":{"line":34,"column":4},"end":{"line":34,"column":39}},"23":{"start":{"line":41,"column":20},"end":{"line":101,"column":1}},"24":{"start":{"line":42,"column":83},"end":{"line":42,"column":91}},"25":{"start":{"line":43,"column":4},"end":{"line":100,"column":6}},"26":{"start":{"line":47,"column":12},"end":{"line":98,"column":13}},"27":{"start":{"line":48,"column":16},"end":{"line":48,"column":69}},"28":{"start":{"line":49,"column":16},"end":{"line":49,"column":62}},"29":{"start":{"line":50,"column":16},"end":{"line":50,"column":23}},"30":{"start":{"line":51,"column":19},"end":{"line":98,"column":13}},"31":{"start":{"line":52,"column":16},"end":{"line":52,"column":60}},"32":{"start":{"line":53,"column":16},"end":{"line":53,"column":23}},"33":{"start":{"line":55,"column":16},"end":{"line":97,"column":6}},"34":{"start":{"line":59,"column":6},"end":{"line":63,"column":7}},"35":{"start":{"line":60,"column":7},"end":{"line":60,"column":57}},"36":{"start":{"line":61,"column":7},"end":{"line":61,"column":53}},"37":{"start":{"line":62,"column":7},"end":{"line":62,"column":14}},"38":{"start":{"line":65,"column":21},"end":{"line":65,"column":42}},"39":{"start":{"line":67,"column":6},"end":{"line":80,"column":7}},"40":{"start":{"line":68,"column":7},"end":{"line":79,"column":9}},"41":{"start":{"line":72,"column":9},"end":{"line":76,"column":10}},"42":{"start":{"line":73,"column":10},"end":{"line":73,"column":61}},"43":{"start":{"line":74,"column":10},"end":{"line":74,"column":75}},"44":{"start":{"line":75,"column":10},"end":{"line":75,"column":17}},"45":{"start":{"line":83,"column":37},"end":{"line":83,"column":110}},"46":{"start":{"line":84,"column":21},"end":{"line":84,"column":102}},"47":{"start":{"line":84,"column":51},"end":{"line":84,"column":101}},"48":{"start":{"line":85,"column":6},"end":{"line":94,"column":7}},"49":{"start":{"line":85,"column":19},"end":{"line":85,"column":20}},"50":{"start":{"line":86,"column":7},"end":{"line":93,"column":10}},"51":{"start":{"line":87,"column":8},"end":{"line":91,"column":9}},"52":{"start":{"line":88,"column":9},"end":{"line":88,"column":60}},"53":{"start":{"line":89,"column":9},"end":{"line":89,"column":55}},"54":{"start":{"line":90,"column":9},"end":{"line":90,"column":16}},"55":{"start":{"line":95,"column":6},"end":{"line":95,"column":59}},"56":{"start":{"line":107,"column":28},"end":{"line":136,"column":1}},"57":{"start":{"line":108,"column":35},"end":{"line":108,"column":43}},"58":{"start":{"line":109,"column":1},"end":{"line":134,"column":3}},"59":{"start":{"line":112,"column":3},"end":{"line":132,"column":4}},"60":{"start":{"line":113,"column":4},"end":{"line":113,"column":21}},"61":{"start":{"line":114,"column":4},"end":{"line":114,"column":20}},"62":{"start":{"line":115,"column":4},"end":{"line":115,"column":11}},"63":{"start":{"line":116,"column":10},"end":{"line":132,"column":4}},"64":{"start":{"line":117,"column":4},"end":{"line":117,"column":47}},"65":{"start":{"line":118,"column":4},"end":{"line":118,"column":11}},"66":{"start":{"line":120,"column":4},"end":{"line":131,"column":6}},"67":{"start":{"line":124,"column":6},"end":{"line":128,"column":7}},"68":{"start":{"line":125,"column":7},"end":{"line":125,"column":24}},"69":{"start":{"line":126,"column":7},"end":{"line":126,"column":23}},"70":{"start":{"line":127,"column":7},"end":{"line":127,"column":14}},"71":{"start":{"line":129,"column":6},"end":{"line":129,"column":72}},"72":{"start":{"line":138,"column":26},"end":{"line":167,"column":1}},"73":{"start":{"line":139,"column":33},"end":{"line":139,"column":41}},"74":{"start":{"line":140,"column":1},"end":{"line":165,"column":3}},"75":{"start":{"line":143,"column":3},"end":{"line":163,"column":4}},"76":{"start":{"line":144,"column":4},"end":{"line":144,"column":21}},"77":{"start":{"line":145,"column":4},"end":{"line":145,"column":20}},"78":{"start":{"line":146,"column":4},"end":{"line":146,"column":11}},"79":{"start":{"line":147,"column":10},"end":{"line":163,"column":4}},"80":{"start":{"line":148,"column":4},"end":{"line":148,"column":47}},"81":{"start":{"line":149,"column":4},"end":{"line":149,"column":11}},"82":{"start":{"line":151,"column":4},"end":{"line":162,"column":6}},"83":{"start":{"line":155,"column":6},"end":{"line":159,"column":7}},"84":{"start":{"line":156,"column":7},"end":{"line":156,"column":24}},"85":{"start":{"line":157,"column":7},"end":{"line":157,"column":23}},"86":{"start":{"line":158,"column":7},"end":{"line":158,"column":14}},"87":{"start":{"line":160,"column":6},"end":{"line":160,"column":75}},"88":{"start":{"line":169,"column":29},"end":{"line":215,"column":1}},"89":{"start":{"line":170,"column":38},"end":{"line":170,"column":46}},"90":{"start":{"line":171,"column":1},"end":{"line":213,"column":3}},"91":{"start":{"line":175,"column":3},"end":{"line":211,"column":4}},"92":{"start":{"line":176,"column":4},"end":{"line":176,"column":21}},"93":{"start":{"line":177,"column":4},"end":{"line":177,"column":20}},"94":{"start":{"line":178,"column":4},"end":{"line":178,"column":11}},"95":{"start":{"line":179,"column":10},"end":{"line":211,"column":4}},"96":{"start":{"line":180,"column":4},"end":{"line":180,"column":47}},"97":{"start":{"line":181,"column":4},"end":{"line":181,"column":11}},"98":{"start":{"line":183,"column":19},"end":{"line":183,"column":40}},"99":{"start":{"line":184,"column":4},"end":{"line":210,"column":6}},"100":{"start":{"line":188,"column":6},"end":{"line":207,"column":7}},"101":{"start":{"line":189,"column":7},"end":{"line":189,"column":24}},"102":{"start":{"line":190,"column":7},"end":{"line":190,"column":23}},"103":{"start":{"line":191,"column":7},"end":{"line":191,"column":14}},"104":{"start":{"line":194,"column":38},"end":{"line":194,"column":111}},"105":{"start":{"line":195,"column":22},"end":{"line":195,"column":103}},"106":{"start":{"line":195,"column":52},"end":{"line":195,"column":102}},"107":{"start":{"line":196,"column":7},"end":{"line":205,"column":8}},"108":{"start":{"line":196,"column":20},"end":{"line":196,"column":21}},"109":{"start":{"line":197,"column":8},"end":{"line":204,"column":11}},"110":{"start":{"line":198,"column":9},"end":{"line":202,"column":10}},"111":{"start":{"line":199,"column":10},"end":{"line":199,"column":61}},"112":{"start":{"line":200,"column":10},"end":{"line":200,"column":56}},"113":{"start":{"line":201,"column":10},"end":{"line":201,"column":17}},"114":{"start":{"line":206,"column":7},"end":{"line":206,"column":79}},"115":{"start":{"line":217,"column":23},"end":{"line":273,"column":1}},"116":{"start":{"line":218,"column":25},"end":{"line":218,"column":33}},"117":{"start":{"line":220,"column":1},"end":{"line":271,"column":3}},"118":{"start":{"line":224,"column":3},"end":{"line":269,"column":4}},"119":{"start":{"line":225,"column":4},"end":{"line":225,"column":50}},"120":{"start":{"line":226,"column":4},"end":{"line":226,"column":11}},"121":{"start":{"line":227,"column":10},"end":{"line":269,"column":4}},"122":{"start":{"line":228,"column":4},"end":{"line":228,"column":48}},"123":{"start":{"line":230,"column":19},"end":{"line":230,"column":40}},"124":{"start":{"line":231,"column":4},"end":{"line":268,"column":6}},"125":{"start":{"line":235,"column":6},"end":{"line":266,"column":7}},"126":{"start":{"line":236,"column":7},"end":{"line":236,"column":72}},"127":{"start":{"line":237,"column":7},"end":{"line":237,"column":53}},"128":{"start":{"line":238,"column":7},"end":{"line":238,"column":14}},"129":{"start":{"line":240,"column":7},"end":{"line":264,"column":8}},"130":{"start":{"line":244,"column":9},"end":{"line":262,"column":10}},"131":{"start":{"line":245,"column":10},"end":{"line":245,"column":77}},"132":{"start":{"line":246,"column":10},"end":{"line":246,"column":56}},"133":{"start":{"line":247,"column":10},"end":{"line":247,"column":17}},"134":{"start":{"line":249,"column":10},"end":{"line":261,"column":12}},"135":{"start":{"line":253,"column":12},"end":{"line":259,"column":13}},"136":{"start":{"line":254,"column":13},"end":{"line":254,"column":76}},"137":{"start":{"line":255,"column":13},"end":{"line":255,"column":59}},"138":{"start":{"line":256,"column":13},"end":{"line":256,"column":20}},"139":{"start":{"line":258,"column":13},"end":{"line":258,"column":90}},"140":{"start":{"line":276,"column":0},"end":{"line":285,"column":1}}},"fnMap":{"0":{"name":"(anonymous_0)","decl":{"start":{"line":3,"column":26},"end":{"line":3,"column":27}},"loc":{"start":{"line":3,"column":39},"end":{"line":11,"column":1}},"line":3},"1":{"name":"(anonymous_1)","decl":{"start":{"line":4,"column":37},"end":{"line":4,"column":38}},"loc":{"start":{"line":4,"column":54},"end":{"line":10,"column":2}},"line":4},"2":{"name":"(anonymous_2)","decl":{"start":{"line":13,"column":36},"end":{"line":13,"column":37}},"loc":{"start":{"line":13,"column":49},"end":{"line":39,"column":1}},"line":13},"3":{"name":"(anonymous_3)","decl":{"start":{"line":17,"column":1},"end":{"line":17,"column":2}},"loc":{"start":{"line":17,"column":17},"end":{"line":38,"column":2}},"line":17},"4":{"name":"(anonymous_4)","decl":{"start":{"line":28,"column":3},"end":{"line":28,"column":4}},"loc":{"start":{"line":28,"column":21},"end":{"line":35,"column":4}},"line":28},"5":{"name":"(anonymous_5)","decl":{"start":{"line":41,"column":20},"end":{"line":41,"column":21}},"loc":{"start":{"line":41,"column":34},"end":{"line":101,"column":1}},"line":41},"6":{"name":"(anonymous_6)","decl":{"start":{"line":46,"column":8},"end":{"line":46,"column":9}},"loc":{"start":{"line":46,"column":25},"end":{"line":99,"column":9}},"line":46},"7":{"name":"(anonymous_7)","decl":{"start":{"line":58,"column":5},"end":{"line":58,"column":6}},"loc":{"start":{"line":58,"column":22},"end":{"line":96,"column":6}},"line":58},"8":{"name":"(anonymous_8)","decl":{"start":{"line":71,"column":8},"end":{"line":71,"column":9}},"loc":{"start":{"line":71,"column":17},"end":{"line":77,"column":9}},"line":71},"9":{"name":"(anonymous_9)","decl":{"start":{"line":84,"column":37},"end":{"line":84,"column":38}},"loc":{"start":{"line":84,"column":51},"end":{"line":84,"column":101}},"line":84},"10":{"name":"(anonymous_10)","decl":{"start":{"line":86,"column":51},"end":{"line":86,"column":52}},"loc":{"start":{"line":86,"column":68},"end":{"line":93,"column":8}},"line":86},"11":{"name":"(anonymous_11)","decl":{"start":{"line":107,"column":28},"end":{"line":107,"column":29}},"loc":{"start":{"line":107,"column":42},"end":{"line":136,"column":1}},"line":107},"12":{"name":"(anonymous_12)","decl":{"start":{"line":111,"column":2},"end":{"line":111,"column":3}},"loc":{"start":{"line":111,"column":19},"end":{"line":133,"column":3}},"line":111},"13":{"name":"(anonymous_13)","decl":{"start":{"line":123,"column":5},"end":{"line":123,"column":6}},"loc":{"start":{"line":123,"column":22},"end":{"line":130,"column":6}},"line":123},"14":{"name":"(anonymous_14)","decl":{"start":{"line":138,"column":26},"end":{"line":138,"column":27}},"loc":{"start":{"line":138,"column":40},"end":{"line":167,"column":1}},"line":138},"15":{"name":"(anonymous_15)","decl":{"start":{"line":142,"column":2},"end":{"line":142,"column":3}},"loc":{"start":{"line":142,"column":19},"end":{"line":164,"column":3}},"line":142},"16":{"name":"(anonymous_16)","decl":{"start":{"line":154,"column":5},"end":{"line":154,"column":6}},"loc":{"start":{"line":154,"column":22},"end":{"line":161,"column":6}},"line":154},"17":{"name":"(anonymous_17)","decl":{"start":{"line":169,"column":29},"end":{"line":169,"column":30}},"loc":{"start":{"line":169,"column":43},"end":{"line":215,"column":1}},"line":169},"18":{"name":"(anonymous_18)","decl":{"start":{"line":174,"column":2},"end":{"line":174,"column":3}},"loc":{"start":{"line":174,"column":19},"end":{"line":212,"column":3}},"line":174},"19":{"name":"(anonymous_19)","decl":{"start":{"line":187,"column":5},"end":{"line":187,"column":6}},"loc":{"start":{"line":187,"column":14},"end":{"line":209,"column":6}},"line":187},"20":{"name":"(anonymous_20)","decl":{"start":{"line":195,"column":38},"end":{"line":195,"column":39}},"loc":{"start":{"line":195,"column":52},"end":{"line":195,"column":102}},"line":195},"21":{"name":"(anonymous_21)","decl":{"start":{"line":197,"column":52},"end":{"line":197,"column":53}},"loc":{"start":{"line":197,"column":69},"end":{"line":204,"column":9}},"line":197},"22":{"name":"(anonymous_22)","decl":{"start":{"line":217,"column":23},"end":{"line":217,"column":24}},"loc":{"start":{"line":217,"column":37},"end":{"line":273,"column":1}},"line":217},"23":{"name":"(anonymous_23)","decl":{"start":{"line":223,"column":2},"end":{"line":223,"column":3}},"loc":{"start":{"line":223,"column":19},"end":{"line":270,"column":3}},"line":223},"24":{"name":"(anonymous_24)","decl":{"start":{"line":234,"column":5},"end":{"line":234,"column":6}},"loc":{"start":{"line":234,"column":14},"end":{"line":267,"column":6}},"line":234},"25":{"name":"(anonymous_25)","decl":{"start":{"line":243,"column":8},"end":{"line":243,"column":9}},"loc":{"start":{"line":243,"column":25},"end":{"line":263,"column":9}},"line":243},"26":{"name":"(anonymous_26)","decl":{"start":{"line":252,"column":11},"end":{"line":252,"column":12}},"loc":{"start":{"line":252,"column":28},"end":{"line":260,"column":12}},"line":252}},"branchMap":{"0":{"loc":{"start":{"line":5,"column":2},"end":{"line":8,"column":3}},"type":"if","locations":[{"start":{"line":5,"column":2},"end":{"line":8,"column":3}},{"start":{},"end":{}}],"line":5},"1":{"loc":{"start":{"line":18,"column":2},"end":{"line":37,"column":3}},"type":"if","locations":[{"start":{"line":18,"column":2},"end":{"line":37,"column":3}},{"start":{"line":21,"column":9},"end":{"line":37,"column":3}}],"line":18},"2":{"loc":{"start":{"line":21,"column":9},"end":{"line":37,"column":3}},"type":"if","locations":[{"start":{"line":21,"column":9},"end":{"line":37,"column":3}},{"start":{"line":24,"column":9},"end":{"line":37,"column":3}}],"line":21},"3":{"loc":{"start":{"line":29,"column":4},"end":{"line":33,"column":5}},"type":"if","locations":[{"start":{"line":29,"column":4},"end":{"line":33,"column":5}},{"start":{},"end":{}}],"line":29},"4":{"loc":{"start":{"line":47,"column":12},"end":{"line":98,"column":13}},"type":"if","locations":[{"start":{"line":47,"column":12},"end":{"line":98,"column":13}},{"start":{"line":51,"column":19},"end":{"line":98,"column":13}}],"line":47},"5":{"loc":{"start":{"line":51,"column":19},"end":{"line":98,"column":13}},"type":"if","locations":[{"start":{"line":51,"column":19},"end":{"line":98,"column":13}},{"start":{"line":54,"column":19},"end":{"line":98,"column":13}}],"line":51},"6":{"loc":{"start":{"line":59,"column":6},"end":{"line":63,"column":7}},"type":"if","locations":[{"start":{"line":59,"column":6},"end":{"line":63,"column":7}},{"start":{},"end":{}}],"line":59},"7":{"loc":{"start":{"line":67,"column":6},"end":{"line":80,"column":7}},"type":"if","locations":[{"start":{"line":67,"column":6},"end":{"line":80,"column":7}},{"start":{},"end":{}}],"line":67},"8":{"loc":{"start":{"line":72,"column":9},"end":{"line":76,"column":10}},"type":"if","locations":[{"start":{"line":72,"column":9},"end":{"line":76,"column":10}},{"start":{},"end":{}}],"line":72},"9":{"loc":{"start":{"line":87,"column":8},"end":{"line":91,"column":9}},"type":"if","locations":[{"start":{"line":87,"column":8},"end":{"line":91,"column":9}},{"start":{},"end":{}}],"line":87},"10":{"loc":{"start":{"line":112,"column":3},"end":{"line":132,"column":4}},"type":"if","locations":[{"start":{"line":112,"column":3},"end":{"line":132,"column":4}},{"start":{"line":116,"column":10},"end":{"line":132,"column":4}}],"line":112},"11":{"loc":{"start":{"line":116,"column":10},"end":{"line":132,"column":4}},"type":"if","locations":[{"start":{"line":116,"column":10},"end":{"line":132,"column":4}},{"start":{"line":119,"column":10},"end":{"line":132,"column":4}}],"line":116},"12":{"loc":{"start":{"line":124,"column":6},"end":{"line":128,"column":7}},"type":"if","locations":[{"start":{"line":124,"column":6},"end":{"line":128,"column":7}},{"start":{},"end":{}}],"line":124},"13":{"loc":{"start":{"line":143,"column":3},"end":{"line":163,"column":4}},"type":"if","locations":[{"start":{"line":143,"column":3},"end":{"line":163,"column":4}},{"start":{"line":147,"column":10},"end":{"line":163,"column":4}}],"line":143},"14":{"loc":{"start":{"line":147,"column":10},"end":{"line":163,"column":4}},"type":"if","locations":[{"start":{"line":147,"column":10},"end":{"line":163,"column":4}},{"start":{"line":150,"column":10},"end":{"line":163,"column":4}}],"line":147},"15":{"loc":{"start":{"line":155,"column":6},"end":{"line":159,"column":7}},"type":"if","locations":[{"start":{"line":155,"column":6},"end":{"line":159,"column":7}},{"start":{},"end":{}}],"line":155},"16":{"loc":{"start":{"line":175,"column":3},"end":{"line":211,"column":4}},"type":"if","locations":[{"start":{"line":175,"column":3},"end":{"line":211,"column":4}},{"start":{"line":179,"column":10},"end":{"line":211,"column":4}}],"line":175},"17":{"loc":{"start":{"line":179,"column":10},"end":{"line":211,"column":4}},"type":"if","locations":[{"start":{"line":179,"column":10},"end":{"line":211,"column":4}},{"start":{"line":182,"column":10},"end":{"line":211,"column":4}}],"line":179},"18":{"loc":{"start":{"line":188,"column":6},"end":{"line":207,"column":7}},"type":"if","locations":[{"start":{"line":188,"column":6},"end":{"line":207,"column":7}},{"start":{"line":192,"column":13},"end":{"line":207,"column":7}}],"line":188},"19":{"loc":{"start":{"line":198,"column":9},"end":{"line":202,"column":10}},"type":"if","locations":[{"start":{"line":198,"column":9},"end":{"line":202,"column":10}},{"start":{},"end":{}}],"line":198},"20":{"loc":{"start":{"line":224,"column":3},"end":{"line":269,"column":4}},"type":"if","locations":[{"start":{"line":224,"column":3},"end":{"line":269,"column":4}},{"start":{"line":227,"column":10},"end":{"line":269,"column":4}}],"line":224},"21":{"loc":{"start":{"line":227,"column":10},"end":{"line":269,"column":4}},"type":"if","locations":[{"start":{"line":227,"column":10},"end":{"line":269,"column":4}},{"start":{"line":229,"column":10},"end":{"line":269,"column":4}}],"line":227},"22":{"loc":{"start":{"line":235,"column":6},"end":{"line":266,"column":7}},"type":"if","locations":[{"start":{"line":235,"column":6},"end":{"line":266,"column":7}},{"start":{"line":239,"column":13},"end":{"line":266,"column":7}}],"line":235},"23":{"loc":{"start":{"line":244,"column":9},"end":{"line":262,"column":10}},"type":"if","locations":[{"start":{"line":244,"column":9},"end":{"line":262,"column":10}},{"start":{"line":248,"column":16},"end":{"line":262,"column":10}}],"line":244},"24":{"loc":{"start":{"line":253,"column":12},"end":{"line":259,"column":13}},"type":"if","locations":[{"start":{"line":253,"column":12},"end":{"line":259,"column":13}},{"start":{"line":257,"column":19},"end":{"line":259,"column":13}}],"line":253}},"s":{"0":3,"1":3,"2":2,"3":2,"4":1,"5":1,"6":1,"7":3,"8":4,"9":4,"10":4,"11":1,"12":1,"13":3,"14":1,"15":1,"16":2,"17":2,"18":2,"19":1,"20":1,"21":1,"22":1,"23":3,"24":5,"25":5,"26":5,"27":1,"28":1,"29":1,"30":4,"31":1,"32":1,"33":3,"34":3,"35":1,"36":1,"37":1,"38":2,"39":2,"40":2,"41":2,"42":1,"43":1,"44":1,"45":2,"46":2,"47":3,"48":2,"49":2,"50":3,"51":3,"52":1,"53":1,"54":1,"55":2,"56":3,"57":4,"58":4,"59":4,"60":1,"61":1,"62":1,"63":3,"64":1,"65":1,"66":2,"67":2,"68":1,"69":1,"70":1,"71":1,"72":3,"73":4,"74":4,"75":4,"76":1,"77":1,"78":1,"79":3,"80":1,"81":1,"82":2,"83":2,"84":1,"85":1,"86":1,"87":1,"88":3,"89":5,"90":5,"91":5,"92":1,"93":1,"94":1,"95":4,"96":1,"97":1,"98":3,"99":3,"100":3,"101":1,"102":1,"103":1,"104":2,"105":2,"106":4,"107":2,"108":2,"109":4,"110":4,"111":1,"112":1,"113":1,"114":2,"115":3,"116":6,"117":6,"118":6,"119":1,"120":1,"121":5,"122":1,"123":4,"124":4,"125":4,"126":1,"127":1,"128":1,"129":3,"130":3,"131":1,"132":1,"133":1,"134":2,"135":2,"136":1,"137":1,"138":1,"139":1,"140":3},"f":{"0":2,"1":2,"2":4,"3":4,"4":2,"5":5,"6":5,"7":3,"8":2,"9":3,"10":3,"11":4,"12":4,"13":2,"14":4,"15":4,"16":2,"17":5,"18":5,"19":3,"20":4,"21":4,"22":6,"23":6,"24":4,"25":3,"26":2},"b":{"0":[1,1],"1":[1,3],"2":[1,2],"3":[1,1],"4":[1,4],"5":[1,3],"6":[1,2],"7":[2,0],"8":[1,1],"9":[1,2],"10":[1,3],"11":[1,2],"12":[1,1],"13":[1,3],"14":[1,2],"15":[1,1],"16":[1,4],"17":[1,3],"18":[1,2],"19":[1,3],"20":[1,5],"21":[1,4],"22":[1,3],"23":[1,2],"24":[1,1]},"_coverageSchema":"1a1c01bbd47fc00a2c39e90264f33305004495a9","hash":"317a6c3d41090409f58c868be05f0396b47b7c6b"}
,"C:\\Users\\mrder\\OneDrive\\Documents\\College Stuff\\TAMU YEAR 3\\CSCE331\\project-3-full-stack-agile-web-project-3-903-13\\api\\services\\transactions.js": {"path":"C:\\Users\\mrder\\OneDrive\\Documents\\College Stuff\\TAMU YEAR 3\\CSCE331\\project-3-full-stack-agile-web-project-3-903-13\\api\\services\\transactions.js","statementMap":{"0":{"start":{"line":1,"column":21},"end":{"line":1,"column":39}},"1":{"start":{"line":2,"column":11},"end":{"line":2,"column":34}},"2":{"start":{"line":4,"column":30},"end":{"line":12,"column":1}},"3":{"start":{"line":5,"column":15},"end":{"line":5,"column":19}},"4":{"start":{"line":6,"column":1},"end":{"line":10,"column":4}},"5":{"start":{"line":7,"column":2},"end":{"line":9,"column":3}},"6":{"start":{"line":8,"column":3},"end":{"line":8,"column":18}},"7":{"start":{"line":11,"column":1},"end":{"line":11,"column":15}},"8":{"start":{"line":14,"column":26},"end":{"line":23,"column":1}},"9":{"start":{"line":15,"column":19},"end":{"line":15,"column":46}},"10":{"start":{"line":17,"column":1},"end":{"line":22,"column":2}},"11":{"start":{"line":18,"column":18},"end":{"line":18,"column":174}},"12":{"start":{"line":19,"column":2},"end":{"line":19,"column":38}},"13":{"start":{"line":21,"column":2},"end":{"line":21,"column":18}},"14":{"start":{"line":25,"column":29},"end":{"line":34,"column":1}},"15":{"start":{"line":26,"column":4},"end":{"line":33,"column":5}},"16":{"start":{"line":27,"column":8},"end":{"line":32,"column":9}},"17":{"start":{"line":28,"column":12},"end":{"line":28,"column":111}},"18":{"start":{"line":31,"column":12},"end":{"line":31,"column":22}},"19":{"start":{"line":36,"column":27},"end":{"line":48,"column":1}},"20":{"start":{"line":37,"column":1},"end":{"line":47,"column":3}},"21":{"start":{"line":39,"column":2},"end":{"line":46,"column":3}},"22":{"start":{"line":40,"column":19},"end":{"line":40,"column":108}},"23":{"start":{"line":41,"column":3},"end":{"line":43,"column":5}},"24":{"start":{"line":42,"column":4},"end":{"line":42,"column":131}},"25":{"start":{"line":45,"column":3},"end":{"line":45,"column":19}},"26":{"start":{"line":50,"column":27},"end":{"line":61,"column":1}},"27":{"start":{"line":51,"column":1},"end":{"line":60,"column":3}},"28":{"start":{"line":52,"column":2},"end":{"line":59,"column":3}},"29":{"start":{"line":53,"column":19},"end":{"line":53,"column":108}},"30":{"start":{"line":54,"column":3},"end":{"line":56,"column":5}},"31":{"start":{"line":55,"column":4},"end":{"line":55,"column":131}},"32":{"start":{"line":58,"column":3},"end":{"line":58,"column":19}},"33":{"start":{"line":63,"column":26},"end":{"line":88,"column":1}},"34":{"start":{"line":64,"column":19},"end":{"line":64,"column":37}},"35":{"start":{"line":65,"column":19},"end":{"line":65,"column":37}},"36":{"start":{"line":66,"column":23},"end":{"line":66,"column":45}},"37":{"start":{"line":68,"column":1},"end":{"line":71,"column":2}},"38":{"start":{"line":69,"column":2},"end":{"line":69,"column":50}},"39":{"start":{"line":70,"column":2},"end":{"line":70,"column":8}},"40":{"start":{"line":73,"column":15},"end":{"line":73,"column":51}},"41":{"start":{"line":75,"column":1},"end":{"line":78,"column":2}},"42":{"start":{"line":76,"column":2},"end":{"line":76,"column":63}},"43":{"start":{"line":77,"column":2},"end":{"line":77,"column":8}},"44":{"start":{"line":80,"column":1},"end":{"line":87,"column":2}},"45":{"start":{"line":81,"column":24},"end":{"line":81,"column":68}},"46":{"start":{"line":82,"column":2},"end":{"line":82,"column":68}},"47":{"start":{"line":83,"column":2},"end":{"line":83,"column":52}},"48":{"start":{"line":84,"column":2},"end":{"line":84,"column":35}},"49":{"start":{"line":86,"column":2},"end":{"line":86,"column":20}},"50":{"start":{"line":91,"column":26},"end":{"line":105,"column":1}},"51":{"start":{"line":92,"column":37},"end":{"line":92,"column":49}},"52":{"start":{"line":94,"column":1},"end":{"line":104,"column":2}},"53":{"start":{"line":97,"column":18},"end":{"line":97,"column":96}},"54":{"start":{"line":98,"column":19},"end":{"line":98,"column":100}},"55":{"start":{"line":99,"column":2},"end":{"line":99,"column":32}},"56":{"start":{"line":100,"column":2},"end":{"line":100,"column":50}},"57":{"start":{"line":103,"column":2},"end":{"line":103,"column":18}},"58":{"start":{"line":109,"column":26},"end":{"line":134,"column":1}},"59":{"start":{"line":111,"column":55},"end":{"line":111,"column":67}},"60":{"start":{"line":112,"column":15},"end":{"line":112,"column":91}},"61":{"start":{"line":112,"column":53},"end":{"line":112,"column":87}},"62":{"start":{"line":113,"column":19},"end":{"line":113,"column":35}},"63":{"start":{"line":114,"column":21},"end":{"line":114,"column":40}},"64":{"start":{"line":116,"column":1},"end":{"line":116,"column":28}},"65":{"start":{"line":117,"column":1},"end":{"line":117,"column":28}},"66":{"start":{"line":118,"column":1},"end":{"line":118,"column":27}},"67":{"start":{"line":121,"column":1},"end":{"line":133,"column":2}},"68":{"start":{"line":123,"column":18},"end":{"line":123,"column":96}},"69":{"start":{"line":124,"column":2},"end":{"line":124,"column":41}},"70":{"start":{"line":127,"column":19},"end":{"line":127,"column":146}},"71":{"start":{"line":128,"column":2},"end":{"line":128,"column":58}},"72":{"start":{"line":129,"column":2},"end":{"line":129,"column":35}},"73":{"start":{"line":132,"column":2},"end":{"line":132,"column":20}},"74":{"start":{"line":139,"column":27},"end":{"line":160,"column":1}},"75":{"start":{"line":140,"column":26},"end":{"line":140,"column":142}},"76":{"start":{"line":141,"column":25},"end":{"line":141,"column":68}},"77":{"start":{"line":142,"column":14},"end":{"line":142,"column":51}},"78":{"start":{"line":143,"column":16},"end":{"line":143,"column":50}},"79":{"start":{"line":145,"column":15},"end":{"line":150,"column":22}},"80":{"start":{"line":152,"column":1},"end":{"line":158,"column":2}},"81":{"start":{"line":153,"column":18},"end":{"line":153,"column":39}},"82":{"start":{"line":154,"column":2},"end":{"line":154,"column":97}},"83":{"start":{"line":157,"column":2},"end":{"line":157,"column":11}},"84":{"start":{"line":165,"column":32},"end":{"line":185,"column":1}},"85":{"start":{"line":166,"column":30},"end":{"line":166,"column":42}},"86":{"start":{"line":168,"column":1},"end":{"line":184,"column":2}},"87":{"start":{"line":169,"column":16},"end":{"line":174,"column":7}},"88":{"start":{"line":176,"column":17},"end":{"line":176,"column":60}},"89":{"start":{"line":177,"column":25},"end":{"line":177,"column":55}},"90":{"start":{"line":177,"column":48},"end":{"line":177,"column":54}},"91":{"start":{"line":179,"column":27},"end":{"line":179,"column":68}},"92":{"start":{"line":180,"column":2},"end":{"line":180,"column":45}},"93":{"start":{"line":183,"column":2},"end":{"line":183,"column":13}},"94":{"start":{"line":187,"column":28},"end":{"line":200,"column":1}},"95":{"start":{"line":188,"column":15},"end":{"line":188,"column":85}},"96":{"start":{"line":190,"column":1},"end":{"line":199,"column":2}},"97":{"start":{"line":191,"column":17},"end":{"line":191,"column":38}},"98":{"start":{"line":192,"column":25},"end":{"line":192,"column":66}},"99":{"start":{"line":192,"column":48},"end":{"line":192,"column":65}},"100":{"start":{"line":194,"column":27},"end":{"line":194,"column":68}},"101":{"start":{"line":195,"column":2},"end":{"line":195,"column":45}},"102":{"start":{"line":198,"column":2},"end":{"line":198,"column":13}},"103":{"start":{"line":202,"column":22},"end":{"line":213,"column":1}},"104":{"start":{"line":203,"column":25},"end":{"line":203,"column":37}},"105":{"start":{"line":205,"column":15},"end":{"line":205,"column":101}},"106":{"start":{"line":207,"column":1},"end":{"line":212,"column":2}},"107":{"start":{"line":208,"column":2},"end":{"line":208,"column":18}},"108":{"start":{"line":211,"column":2},"end":{"line":211,"column":13}},"109":{"start":{"line":216,"column":28},"end":{"line":222,"column":1}},"110":{"start":{"line":217,"column":37},"end":{"line":219,"column":6}},"111":{"start":{"line":218,"column":8},"end":{"line":218,"column":44}},"112":{"start":{"line":221,"column":4},"end":{"line":221,"column":49}},"113":{"start":{"line":224,"column":0},"end":{"line":239,"column":1}}},"fnMap":{"0":{"name":"(anonymous_0)","decl":{"start":{"line":4,"column":30},"end":{"line":4,"column":31}},"loc":{"start":{"line":4,"column":49},"end":{"line":12,"column":1}},"line":4},"1":{"name":"(anonymous_1)","decl":{"start":{"line":6,"column":23},"end":{"line":6,"column":24}},"loc":{"start":{"line":6,"column":36},"end":{"line":10,"column":2}},"line":6},"2":{"name":"(anonymous_2)","decl":{"start":{"line":14,"column":26},"end":{"line":14,"column":27}},"loc":{"start":{"line":14,"column":58},"end":{"line":23,"column":1}},"line":14},"3":{"name":"(anonymous_3)","decl":{"start":{"line":25,"column":29},"end":{"line":25,"column":30}},"loc":{"start":{"line":25,"column":58},"end":{"line":34,"column":1}},"line":25},"4":{"name":"(anonymous_4)","decl":{"start":{"line":36,"column":27},"end":{"line":36,"column":28}},"loc":{"start":{"line":36,"column":52},"end":{"line":48,"column":1}},"line":36},"5":{"name":"(anonymous_5)","decl":{"start":{"line":37,"column":19},"end":{"line":37,"column":20}},"loc":{"start":{"line":37,"column":35},"end":{"line":47,"column":2}},"line":37},"6":{"name":"(anonymous_6)","decl":{"start":{"line":41,"column":20},"end":{"line":41,"column":21}},"loc":{"start":{"line":41,"column":35},"end":{"line":43,"column":4}},"line":41},"7":{"name":"(anonymous_7)","decl":{"start":{"line":50,"column":27},"end":{"line":50,"column":28}},"loc":{"start":{"line":50,"column":49},"end":{"line":61,"column":1}},"line":50},"8":{"name":"(anonymous_8)","decl":{"start":{"line":51,"column":16},"end":{"line":51,"column":17}},"loc":{"start":{"line":51,"column":32},"end":{"line":60,"column":2}},"line":51},"9":{"name":"(anonymous_9)","decl":{"start":{"line":54,"column":20},"end":{"line":54,"column":21}},"loc":{"start":{"line":54,"column":35},"end":{"line":56,"column":4}},"line":54},"10":{"name":"(anonymous_10)","decl":{"start":{"line":63,"column":26},"end":{"line":63,"column":27}},"loc":{"start":{"line":63,"column":45},"end":{"line":88,"column":1}},"line":63},"11":{"name":"(anonymous_11)","decl":{"start":{"line":91,"column":26},"end":{"line":91,"column":27}},"loc":{"start":{"line":91,"column":55},"end":{"line":105,"column":1}},"line":91},"12":{"name":"(anonymous_12)","decl":{"start":{"line":109,"column":26},"end":{"line":109,"column":27}},"loc":{"start":{"line":109,"column":55},"end":{"line":134,"column":1}},"line":109},"13":{"name":"(anonymous_13)","decl":{"start":{"line":112,"column":36},"end":{"line":112,"column":37}},"loc":{"start":{"line":112,"column":53},"end":{"line":112,"column":87}},"line":112},"14":{"name":"(anonymous_14)","decl":{"start":{"line":139,"column":27},"end":{"line":139,"column":28}},"loc":{"start":{"line":139,"column":52},"end":{"line":160,"column":1}},"line":139},"15":{"name":"(anonymous_15)","decl":{"start":{"line":165,"column":32},"end":{"line":165,"column":33}},"loc":{"start":{"line":165,"column":61},"end":{"line":185,"column":1}},"line":165},"16":{"name":"(anonymous_16)","decl":{"start":{"line":177,"column":41},"end":{"line":177,"column":42}},"loc":{"start":{"line":177,"column":48},"end":{"line":177,"column":54}},"line":177},"17":{"name":"(anonymous_17)","decl":{"start":{"line":187,"column":28},"end":{"line":187,"column":29}},"loc":{"start":{"line":187,"column":56},"end":{"line":200,"column":1}},"line":187},"18":{"name":"(anonymous_18)","decl":{"start":{"line":192,"column":41},"end":{"line":192,"column":42}},"loc":{"start":{"line":192,"column":48},"end":{"line":192,"column":65}},"line":192},"19":{"name":"(anonymous_19)","decl":{"start":{"line":202,"column":22},"end":{"line":202,"column":23}},"loc":{"start":{"line":202,"column":50},"end":{"line":213,"column":1}},"line":202},"20":{"name":"(anonymous_20)","decl":{"start":{"line":216,"column":28},"end":{"line":216,"column":29}},"loc":{"start":{"line":216,"column":53},"end":{"line":222,"column":1}},"line":216},"21":{"name":"(anonymous_21)","decl":{"start":{"line":217,"column":56},"end":{"line":217,"column":57}},"loc":{"start":{"line":217,"column":68},"end":{"line":219,"column":5}},"line":217}},"branchMap":{"0":{"loc":{"start":{"line":7,"column":2},"end":{"line":9,"column":3}},"type":"if","locations":[{"start":{"line":7,"column":2},"end":{"line":9,"column":3}},{"start":{},"end":{}}],"line":7},"1":{"loc":{"start":{"line":7,"column":6},"end":{"line":7,"column":64}},"type":"binary-expr","locations":[{"start":{"line":7,"column":6},"end":{"line":7,"column":30}},{"start":{"line":7,"column":34},"end":{"line":7,"column":64}}],"line":7},"2":{"loc":{"start":{"line":68,"column":1},"end":{"line":71,"column":2}},"type":"if","locations":[{"start":{"line":68,"column":1},"end":{"line":71,"column":2}},{"start":{},"end":{}}],"line":68},"3":{"loc":{"start":{"line":68,"column":5},"end":{"line":68,"column":47}},"type":"binary-expr","locations":[{"start":{"line":68,"column":5},"end":{"line":68,"column":15}},{"start":{"line":68,"column":19},"end":{"line":68,"column":29}},{"start":{"line":68,"column":33},"end":{"line":68,"column":47}}],"line":68},"4":{"loc":{"start":{"line":75,"column":1},"end":{"line":78,"column":2}},"type":"if","locations":[{"start":{"line":75,"column":1},"end":{"line":78,"column":2}},{"start":{},"end":{}}],"line":75}},"s":{"0":3,"1":3,"2":3,"3":6,"4":6,"5":9,"6":3,"7":6,"8":3,"9":3,"10":3,"11":3,"12":2,"13":1,"14":3,"15":3,"16":3,"17":3,"18":1,"19":3,"20":3,"21":3,"22":3,"23":1,"24":1,"25":1,"26":3,"27":3,"28":4,"29":4,"30":1,"31":0,"32":4,"33":3,"34":5,"35":5,"36":5,"37":5,"38":3,"39":3,"40":2,"41":2,"42":1,"43":1,"44":1,"45":1,"46":1,"47":1,"48":1,"49":0,"50":3,"51":4,"52":4,"53":4,"54":2,"55":1,"56":1,"57":3,"58":3,"59":2,"60":2,"61":2,"62":2,"63":2,"64":2,"65":2,"66":2,"67":2,"68":2,"69":1,"70":1,"71":0,"72":0,"73":2,"74":3,"75":2,"76":1,"77":1,"78":1,"79":1,"80":1,"81":1,"82":1,"83":0,"84":3,"85":1,"86":1,"87":1,"88":1,"89":0,"90":0,"91":0,"92":0,"93":1,"94":3,"95":0,"96":0,"97":0,"98":0,"99":0,"100":0,"101":0,"102":0,"103":3,"104":0,"105":0,"106":0,"107":0,"108":0,"109":3,"110":0,"111":0,"112":0,"113":3},"f":{"0":6,"1":9,"2":3,"3":3,"4":3,"5":3,"6":1,"7":3,"8":4,"9":0,"10":5,"11":4,"12":2,"13":2,"14":2,"15":1,"16":0,"17":0,"18":0,"19":0,"20":0,"21":0},"b":{"0":[3,6],"1":[9,7],"2":[3,2],"3":[5,4,3],"4":[1,1]},"_coverageSchema":"1a1c01bbd47fc00a2c39e90264f33305004495a9","hash":"ba54c33beb39e273071a447097e66d8413d53177"}
,"C:\\Users\\mrder\\OneDrive\\Documents\\College Stuff\\TAMU YEAR 3\\CSCE331\\project-3-full-stack-agile-web-project-3-903-13\\api\\services\\reports\\restockReport.js": {"path":"C:\\Users\\mrder\\OneDrive\\Documents\\College Stuff\\TAMU YEAR 3\\CSCE331\\project-3-full-stack-agile-web-project-3-903-13\\api\\services\\reports\\restockReport.js","statementMap":{"0":{"start":{"line":1,"column":11},"end":{"line":1,"column":37}},"1":{"start":{"line":3,"column":30},"end":{"line":17,"column":1}},"2":{"start":{"line":4,"column":1},"end":{"line":14,"column":2}},"3":{"start":{"line":7,"column":3},"end":{"line":10,"column":4}},"4":{"start":{"line":9,"column":4},"end":{"line":9,"column":14}},"5":{"start":{"line":12,"column":3},"end":{"line":12,"column":38}},"6":{"start":{"line":19,"column":23},"end":{"line":45,"column":1}},"7":{"start":{"line":29,"column":24},"end":{"line":33,"column":2}},"8":{"start":{"line":35,"column":4},"end":{"line":44,"column":7}},"9":{"start":{"line":36,"column":8},"end":{"line":40,"column":9}},"10":{"start":{"line":38,"column":12},"end":{"line":38,"column":72}},"11":{"start":{"line":39,"column":12},"end":{"line":39,"column":93}},"12":{"start":{"line":42,"column":8},"end":{"line":42,"column":67}},"13":{"start":{"line":43,"column":8},"end":{"line":43,"column":119}},"14":{"start":{"line":47,"column":0},"end":{"line":50,"column":1}}},"fnMap":{"0":{"name":"(anonymous_0)","decl":{"start":{"line":3,"column":30},"end":{"line":3,"column":31}},"loc":{"start":{"line":3,"column":43},"end":{"line":17,"column":1}},"line":3},"1":{"name":"(anonymous_1)","decl":{"start":{"line":5,"column":52},"end":{"line":5,"column":53}},"loc":{"start":{"line":6,"column":2},"end":{"line":13,"column":3}},"line":6},"2":{"name":"(anonymous_2)","decl":{"start":{"line":19,"column":23},"end":{"line":19,"column":24}},"loc":{"start":{"line":19,"column":43},"end":{"line":45,"column":1}},"line":19},"3":{"name":"(anonymous_3)","decl":{"start":{"line":35,"column":26},"end":{"line":35,"column":27}},"loc":{"start":{"line":35,"column":43},"end":{"line":44,"column":5}},"line":35}},"branchMap":{"0":{"loc":{"start":{"line":7,"column":3},"end":{"line":10,"column":4}},"type":"if","locations":[{"start":{"line":7,"column":3},"end":{"line":10,"column":4}},{"start":{},"end":{}}],"line":7},"1":{"loc":{"start":{"line":36,"column":8},"end":{"line":40,"column":9}},"type":"if","locations":[{"start":{"line":36,"column":8},"end":{"line":40,"column":9}},{"start":{},"end":{}}],"line":36}},"s":{"0":4,"1":4,"2":2,"3":2,"4":1,"5":1,"6":4,"7":2,"8":2,"9":2,"10":1,"11":1,"12":1,"13":1,"14":4},"f":{"0":2,"1":2,"2":2,"3":2},"b":{"0":[1,1],"1":[1,1]},"_coverageSchema":"1a1c01bbd47fc00a2c39e90264f33305004495a9","hash":"85f7efd12573a0f1c3c56905857e1e220ec7e85a"}
,"C:\\Users\\mrder\\OneDrive\\Documents\\College Stuff\\TAMU YEAR 3\\CSCE331\\project-3-full-stack-agile-web-project-3-903-13\\api\\services\\reports\\salesReport.js": {"path":"C:\\Users\\mrder\\OneDrive\\Documents\\College Stuff\\TAMU YEAR 3\\CSCE331\\project-3-full-stack-agile-web-project-3-903-13\\api\\services\\reports\\salesReport.js","statementMap":{"0":{"start":{"line":1,"column":11},"end":{"line":1,"column":37}},"1":{"start":{"line":4,"column":20},"end":{"line":4,"column":62}},"2":{"start":{"line":4,"column":30},"end":{"line":4,"column":62}},"3":{"start":{"line":5,"column":33},"end":{"line":5,"column":96}},"4":{"start":{"line":5,"column":57},"end":{"line":5,"column":96}},"5":{"start":{"line":7,"column":28},"end":{"line":32,"column":1}},"6":{"start":{"line":8,"column":4},"end":{"line":31,"column":7}},"7":{"start":{"line":9,"column":8},"end":{"line":12,"column":9}},"8":{"start":{"line":10,"column":12},"end":{"line":10,"column":69}},"9":{"start":{"line":11,"column":12},"end":{"line":11,"column":19}},"10":{"start":{"line":15,"column":12},"end":{"line":22,"column":38}},"11":{"start":{"line":24,"column":8},"end":{"line":30,"column":11}},"12":{"start":{"line":25,"column":12},"end":{"line":29,"column":13}},"13":{"start":{"line":26,"column":16},"end":{"line":26,"column":28}},"14":{"start":{"line":28,"column":16},"end":{"line":28,"column":38}},"15":{"start":{"line":34,"column":0},"end":{"line":36,"column":2}}},"fnMap":{"0":{"name":"(anonymous_0)","decl":{"start":{"line":4,"column":20},"end":{"line":4,"column":21}},"loc":{"start":{"line":4,"column":30},"end":{"line":4,"column":62}},"line":4},"1":{"name":"(anonymous_1)","decl":{"start":{"line":5,"column":33},"end":{"line":5,"column":34}},"loc":{"start":{"line":5,"column":57},"end":{"line":5,"column":96}},"line":5},"2":{"name":"(anonymous_2)","decl":{"start":{"line":7,"column":28},"end":{"line":7,"column":29}},"loc":{"start":{"line":7,"column":52},"end":{"line":32,"column":1}},"line":7},"3":{"name":"(anonymous_3)","decl":{"start":{"line":8,"column":23},"end":{"line":8,"column":24}},"loc":{"start":{"line":8,"column":44},"end":{"line":31,"column":5}},"line":8},"4":{"name":"(anonymous_4)","decl":{"start":{"line":24,"column":46},"end":{"line":24,"column":47}},"loc":{"start":{"line":24,"column":64},"end":{"line":30,"column":9}},"line":24}},"branchMap":{"0":{"loc":{"start":{"line":9,"column":8},"end":{"line":12,"column":9}},"type":"if","locations":[{"start":{"line":9,"column":8},"end":{"line":12,"column":9}},{"start":{},"end":{}}],"line":9},"1":{"loc":{"start":{"line":25,"column":12},"end":{"line":29,"column":13}},"type":"if","locations":[{"start":{"line":25,"column":12},"end":{"line":29,"column":13}},{"start":{"line":27,"column":19},"end":{"line":29,"column":13}}],"line":25}},"s":{"0":4,"1":4,"2":0,"3":4,"4":4,"5":4,"6":4,"7":4,"8":1,"9":1,"10":3,"11":3,"12":3,"13":1,"14":2,"15":4},"f":{"0":0,"1":4,"2":4,"3":4,"4":3},"b":{"0":[1,3],"1":[1,2]},"_coverageSchema":"1a1c01bbd47fc00a2c39e90264f33305004495a9","hash":"3c5e1b1e94bff55c8e8f360bc601e6cf98f59b50"}
,"C:\\Users\\mrder\\OneDrive\\Documents\\College Stuff\\TAMU YEAR 3\\CSCE331\\project-3-full-stack-agile-web-project-3-903-13\\api\\services\\reports\\whatSellsTogether.js": {"path":"C:\\Users\\mrder\\OneDrive\\Documents\\College Stuff\\TAMU YEAR 3\\CSCE331\\project-3-full-stack-agile-web-project-3-903-13\\api\\services\\reports\\whatSellsTogether.js","statementMap":{"0":{"start":{"line":1,"column":11},"end":{"line":1,"column":37}},"1":{"start":{"line":3,"column":23},"end":{"line":34,"column":1}},"2":{"start":{"line":4,"column":19},"end":{"line":4,"column":37}},"3":{"start":{"line":5,"column":17},"end":{"line":5,"column":33}},"4":{"start":{"line":10,"column":19},"end":{"line":12,"column":70}},"5":{"start":{"line":14,"column":1},"end":{"line":33,"column":3}},"6":{"start":{"line":15,"column":3},"end":{"line":32,"column":4}},"7":{"start":{"line":16,"column":4},"end":{"line":16,"column":19}},"8":{"start":{"line":17,"column":4},"end":{"line":17,"column":14}},"9":{"start":{"line":19,"column":24},"end":{"line":19,"column":241}},"10":{"start":{"line":20,"column":4},"end":{"line":31,"column":6}},"11":{"start":{"line":21,"column":5},"end":{"line":24,"column":6}},"12":{"start":{"line":22,"column":6},"end":{"line":22,"column":21}},"13":{"start":{"line":23,"column":6},"end":{"line":23,"column":15}},"14":{"start":{"line":25,"column":5},"end":{"line":25,"column":39}},"15":{"start":{"line":26,"column":5},"end":{"line":30,"column":7}},"16":{"start":{"line":27,"column":6},"end":{"line":29,"column":7}},"17":{"start":{"line":28,"column":7},"end":{"line":28,"column":16}},"18":{"start":{"line":36,"column":0},"end":{"line":38,"column":1}}},"fnMap":{"0":{"name":"(anonymous_0)","decl":{"start":{"line":3,"column":23},"end":{"line":3,"column":24}},"loc":{"start":{"line":3,"column":36},"end":{"line":34,"column":1}},"line":3},"1":{"name":"(anonymous_1)","decl":{"start":{"line":14,"column":21},"end":{"line":14,"column":22}},"loc":{"start":{"line":14,"column":39},"end":{"line":33,"column":2}},"line":14},"2":{"name":"(anonymous_2)","decl":{"start":{"line":20,"column":26},"end":{"line":20,"column":27}},"loc":{"start":{"line":20,"column":44},"end":{"line":31,"column":5}},"line":20},"3":{"name":"(anonymous_3)","decl":{"start":{"line":26,"column":33},"end":{"line":26,"column":34}},"loc":{"start":{"line":26,"column":51},"end":{"line":30,"column":6}},"line":26}},"branchMap":{"0":{"loc":{"start":{"line":15,"column":3},"end":{"line":32,"column":4}},"type":"if","locations":[{"start":{"line":15,"column":3},"end":{"line":32,"column":4}},{"start":{"line":18,"column":10},"end":{"line":32,"column":4}}],"line":15},"1":{"loc":{"start":{"line":21,"column":5},"end":{"line":24,"column":6}},"type":"if","locations":[{"start":{"line":21,"column":5},"end":{"line":24,"column":6}},{"start":{},"end":{}}],"line":21},"2":{"loc":{"start":{"line":27,"column":6},"end":{"line":29,"column":7}},"type":"if","locations":[{"start":{"line":27,"column":6},"end":{"line":29,"column":7}},{"start":{},"end":{}}],"line":27}},"s":{"0":4,"1":4,"2":2,"3":2,"4":2,"5":2,"6":2,"7":1,"8":1,"9":1,"10":1,"11":1,"12":0,"13":0,"14":1,"15":1,"16":1,"17":0,"18":4},"f":{"0":2,"1":2,"2":1,"3":1},"b":{"0":[1,1],"1":[0,1],"2":[0,1]},"_coverageSchema":"1a1c01bbd47fc00a2c39e90264f33305004495a9","hash":"4c2362f29492c8ec7e54e57ba9f59ca5ac4a947a"}
}
