TN:
SF:index.js
FN:43,startServer
FN:44,(anonymous_1)
FNF:2
FNH:1
FNDA:1,startServer
FNDA:0,(anonymous_1)
DA:1,3
DA:2,3
DA:3,3
DA:4,3
DA:6,3
DA:7,3
DA:14,3
DA:21,3
DA:22,3
DA:25,3
DA:26,3
DA:27,3
DA:28,3
DA:29,3
DA:30,3
DA:31,3
DA:34,3
DA:35,3
DA:36,3
DA:37,3
DA:38,3
DA:39,3
DA:41,3
DA:44,1
DA:45,0
DA:47,1
DA:50,3
DA:51,0
DA:54,3
DA:55,3
LF:30
LH:28
BRDA:50,0,0,0
BRDA:50,0,1,3
BRF:2
BRH:1
end_of_record
TN:
SF:config/db.js
FNF:0
FNH:0
DA:1,3
DA:3,3
DA:11,3
LF:3
LH:3
BRF:0
BRH:0
end_of_record
TN:
SF:routes/employees.js
FN:4,(anonymous_0)
FNF:1
FNH:0
FNDA:0,(anonymous_0)
DA:1,3
DA:2,3
DA:4,3
DA:5,0
DA:8,3
LF:5
LH:4
BRF:0
BRH:0
end_of_record
TN:
SF:routes/foodItems.js
FN:4,(anonymous_0)
FNF:1
FNH:0
FNDA:0,(anonymous_0)
DA:1,3
DA:2,3
DA:4,3
DA:5,0
DA:8,3
LF:5
LH:4
BRF:0
BRH:0
end_of_record
TN:
SF:routes/ingredients.js
FN:4,(anonymous_0)
FNF:1
FNH:0
FNDA:0,(anonymous_0)
DA:1,3
DA:2,3
DA:4,3
DA:5,0
DA:8,3
LF:5
LH:4
BRF:0
BRH:0
end_of_record
TN:
SF:routes/inventory.js
FN:12,(anonymous_0)
FNF:1
FNH:0
FNDA:0,(anonymous_0)
DA:1,3
DA:2,3
DA:4,3
DA:8,3
DA:12,3
DA:13,0
DA:15,0
DA:16,0
DA:17,0
DA:20,0
DA:21,0
DA:22,0
DA:24,0
DA:25,0
DA:28,3
DA:32,3
DA:35,3
DA:36,3
DA:37,3
DA:40,3
DA:42,3
LF:21
LH:12
BRDA:15,0,0,0
BRDA:15,0,1,0
BRDA:15,1,0,0
BRDA:15,1,1,0
BRF:4
BRH:0
end_of_record
TN:
SF:routes/menuItems.js
FNF:0
FNH:0
DA:1,3
DA:2,3
DA:3,3
DA:6,3
DA:9,3
DA:10,3
DA:13,3
DA:14,3
DA:15,3
DA:18,3
DA:21,3
LF:11
LH:11
BRF:0
BRH:0
end_of_record
TN:
SF:routes/reports.js
FN:11,(anonymous_0)
FNF:1
FNH:0
FNDA:0,(anonymous_0)
DA:1,3
DA:2,3
DA:3,3
DA:4,3
DA:5,3
DA:8,3
DA:11,3
DA:12,0
DA:14,0
DA:15,0
DA:16,0
DA:19,0
DA:20,0
DA:21,0
DA:23,0
DA:24,0
DA:28,3
DA:30,3
DA:33,3
LF:19
LH:10
BRDA:14,0,0,0
BRDA:14,0,1,0
BRDA:14,1,0,0
BRDA:14,1,1,0
BRF:4
BRH:0
end_of_record
TN:
SF:routes/transactions.js
FNF:0
FNH:0
DA:1,3
DA:2,3
DA:3,3
DA:6,3
DA:11,3
LF:5
LH:5
BRF:0
BRH:0
end_of_record
TN:
SF:services/inventory.js
FN:6,(anonymous_0)
FN:7,(anonymous_1)
FN:18,(anonymous_2)
FN:22,(anonymous_3)
FN:34,(anonymous_4)
FN:52,(anonymous_5)
FN:56,(anonymous_6)
FN:68,(anonymous_7)
FN:86,(anonymous_8)
FN:90,(anonymous_9)
FN:102,(anonymous_10)
FN:120,(anonymous_11)
FN:124,(anonymous_12)
FN:136,(anonymous_13)
FN:154,(anonymous_14)
FN:159,(anonymous_15)
FN:180,(anonymous_16)
FN:212,(anonymous_17)
FN:226,(anonymous_18)
FN:227,(anonymous_19)
FN:264,(anonymous_20)
FNF:21
FNH:0
FNDA:0,(anonymous_0)
FNDA:0,(anonymous_1)
FNDA:0,(anonymous_2)
FNDA:0,(anonymous_3)
FNDA:0,(anonymous_4)
FNDA:0,(anonymous_5)
FNDA:0,(anonymous_6)
FNDA:0,(anonymous_7)
FNDA:0,(anonymous_8)
FNDA:0,(anonymous_9)
FNDA:0,(anonymous_10)
FNDA:0,(anonymous_11)
FNDA:0,(anonymous_12)
FNDA:0,(anonymous_13)
FNDA:0,(anonymous_14)
FNDA:0,(anonymous_15)
FNDA:0,(anonymous_16)
FNDA:0,(anonymous_17)
FNDA:0,(anonymous_18)
FNDA:0,(anonymous_19)
FNDA:0,(anonymous_20)
DA:1,3
DA:6,3
DA:7,0
DA:8,0
DA:9,0
DA:11,0
DA:18,3
DA:19,0
DA:20,0
DA:23,0
DA:24,0
DA:25,0
DA:26,0
DA:27,0
DA:28,0
DA:29,0
DA:31,0
DA:35,0
DA:36,0
DA:37,0
DA:38,0
DA:40,0
DA:52,3
DA:53,0
DA:54,0
DA:57,0
DA:58,0
DA:59,0
DA:60,0
DA:61,0
DA:62,0
DA:63,0
DA:65,0
DA:69,0
DA:70,0
DA:71,0
DA:72,0
DA:74,0
DA:86,3
DA:87,0
DA:88,0
DA:91,0
DA:92,0
DA:93,0
DA:94,0
DA:95,0
DA:96,0
DA:97,0
DA:99,0
DA:103,0
DA:104,0
DA:105,0
DA:106,0
DA:108,0
DA:120,3
DA:121,0
DA:122,0
DA:125,0
DA:126,0
DA:127,0
DA:128,0
DA:129,0
DA:130,0
DA:131,0
DA:133,0
DA:137,0
DA:138,0
DA:139,0
DA:140,0
DA:142,0
DA:154,3
DA:155,0
DA:156,0
DA:160,0
DA:161,0
DA:162,0
DA:163,0
DA:165,0
DA:167,0
DA:168,0
DA:170,0
DA:180,3
DA:181,0
DA:210,0
DA:212,0
DA:213,0
DA:214,0
DA:216,0
DA:226,3
DA:227,0
DA:228,0
DA:229,0
DA:230,0
DA:234,0
DA:264,0
DA:265,0
DA:266,0
DA:268,0
DA:276,3
LF:99
LH:10
BRDA:8,0,0,0
BRDA:8,0,1,0
BRDA:23,1,0,0
BRDA:23,1,1,0
BRDA:27,2,0,0
BRDA:27,2,1,0
BRDA:35,3,0,0
BRDA:35,3,1,0
BRDA:57,4,0,0
BRDA:57,4,1,0
BRDA:61,5,0,0
BRDA:61,5,1,0
BRDA:69,6,0,0
BRDA:69,6,1,0
BRDA:91,7,0,0
BRDA:91,7,1,0
BRDA:95,8,0,0
BRDA:95,8,1,0
BRDA:103,9,0,0
BRDA:103,9,1,0
BRDA:125,10,0,0
BRDA:125,10,1,0
BRDA:129,11,0,0
BRDA:129,11,1,0
BRDA:137,12,0,0
BRDA:137,12,1,0
BRDA:160,13,0,0
BRDA:160,13,1,0
BRDA:165,14,0,0
BRDA:165,14,1,0
BRDA:213,15,0,0
BRDA:213,15,1,0
BRDA:228,16,0,0
BRDA:228,16,1,0
BRDA:265,17,0,0
BRDA:265,17,1,0
BRF:36
BRH:0
end_of_record
TN:
SF:services/menuitems.js
FN:3,(anonymous_0)
FN:4,(anonymous_1)
FN:13,(anonymous_2)
FN:17,(anonymous_3)
FN:28,(anonymous_4)
FN:41,(anonymous_5)
FN:46,(anonymous_6)
FN:58,(anonymous_7)
FN:71,(anonymous_8)
FN:84,(anonymous_9)
FN:86,(anonymous_10)
FN:107,(anonymous_11)
FN:111,(anonymous_12)
FN:123,(anonymous_13)
FN:138,(anonymous_14)
FN:142,(anonymous_15)
FN:154,(anonymous_16)
FN:169,(anonymous_17)
FN:174,(anonymous_18)
FN:187,(anonymous_19)
FN:195,(anonymous_20)
FN:197,(anonymous_21)
FN:217,(anonymous_22)
FN:223,(anonymous_23)
FN:234,(anonymous_24)
FN:243,(anonymous_25)
FN:252,(anonymous_26)
FNF:27
FNH:27
FNDA:1,(anonymous_0)
FNDA:1,(anonymous_1)
FNDA:1,(anonymous_2)
FNDA:1,(anonymous_3)
FNDA:1,(anonymous_4)
FNDA:3,(anonymous_5)
FNDA:3,(anonymous_6)
FNDA:2,(anonymous_7)
FNDA:1,(anonymous_8)
FNDA:2,(anonymous_9)
FNDA:2,(anonymous_10)
FNDA:1,(anonymous_11)
FNDA:1,(anonymous_12)
FNDA:1,(anonymous_13)
FNDA:1,(anonymous_14)
FNDA:1,(anonymous_15)
FNDA:1,(anonymous_16)
FNDA:1,(anonymous_17)
FNDA:1,(anonymous_18)
FNDA:1,(anonymous_19)
FNDA:1,(anonymous_20)
FNDA:1,(anonymous_21)
FNDA:3,(anonymous_22)
FNDA:3,(anonymous_23)
FNDA:2,(anonymous_24)
FNDA:2,(anonymous_25)
FNDA:2,(anonymous_26)
DA:1,3
DA:3,3
DA:4,1
DA:5,1
DA:6,0
DA:7,0
DA:9,1
DA:13,3
DA:14,1
DA:15,1
DA:18,1
DA:19,0
DA:20,0
DA:21,1
DA:22,0
DA:23,0
DA:25,1
DA:26,1
DA:29,1
DA:30,0
DA:31,0
DA:32,0
DA:34,1
DA:41,3
DA:42,3
DA:43,3
DA:47,3
DA:48,0
DA:49,0
DA:50,0
DA:51,3
DA:52,1
DA:53,1
DA:55,2
DA:59,2
DA:60,0
DA:61,0
DA:62,0
DA:65,2
DA:67,2
DA:68,1
DA:72,1
DA:73,0
DA:74,0
DA:75,0
DA:83,2
DA:84,2
DA:85,2
DA:86,2
DA:87,2
DA:88,0
DA:89,0
DA:90,0
DA:95,2
DA:107,3
DA:108,1
DA:109,1
DA:112,1
DA:113,0
DA:114,0
DA:115,0
DA:116,1
DA:117,0
DA:118,0
DA:120,1
DA:124,1
DA:125,0
DA:126,0
DA:127,0
DA:129,1
DA:138,3
DA:139,1
DA:140,1
DA:143,1
DA:144,0
DA:145,0
DA:146,0
DA:147,1
DA:148,0
DA:149,0
DA:151,1
DA:155,1
DA:156,0
DA:157,0
DA:158,0
DA:160,1
DA:169,3
DA:170,1
DA:171,1
DA:175,1
DA:176,0
DA:177,0
DA:178,0
DA:179,1
DA:180,0
DA:181,0
DA:183,1
DA:184,1
DA:188,1
DA:189,0
DA:190,0
DA:191,0
DA:194,1
DA:195,1
DA:196,1
DA:197,1
DA:198,1
DA:199,0
DA:200,0
DA:201,0
DA:206,1
DA:217,3
DA:218,3
DA:220,3
DA:224,3
DA:225,0
DA:226,0
DA:227,3
DA:228,1
DA:230,2
DA:231,2
DA:235,2
DA:236,0
DA:237,0
DA:238,0
DA:240,2
DA:244,2
DA:245,0
DA:246,0
DA:247,0
DA:249,2
DA:253,2
DA:254,0
DA:255,0
DA:256,0
DA:257,2
DA:259,0
DA:260,0
DA:262,2
DA:280,3
LF:140
LH:79
BRDA:5,0,0,0
BRDA:5,0,1,1
BRDA:18,1,0,0
BRDA:18,1,1,1
BRDA:21,2,0,0
BRDA:21,2,1,1
BRDA:29,3,0,0
BRDA:29,3,1,1
BRDA:47,4,0,0
BRDA:47,4,1,3
BRDA:51,5,0,1
BRDA:51,5,1,2
BRDA:59,6,0,0
BRDA:59,6,1,2
BRDA:67,7,0,1
BRDA:67,7,1,1
BRDA:72,8,0,0
BRDA:72,8,1,1
BRDA:87,9,0,0
BRDA:87,9,1,2
BRDA:112,10,0,0
BRDA:112,10,1,1
BRDA:116,11,0,0
BRDA:116,11,1,1
BRDA:124,12,0,0
BRDA:124,12,1,1
BRDA:143,13,0,0
BRDA:143,13,1,1
BRDA:147,14,0,0
BRDA:147,14,1,1
BRDA:155,15,0,0
BRDA:155,15,1,1
BRDA:175,16,0,0
BRDA:175,16,1,1
BRDA:179,17,0,0
BRDA:179,17,1,1
BRDA:188,18,0,0
BRDA:188,18,1,1
BRDA:198,19,0,0
BRDA:198,19,1,1
BRDA:224,20,0,0
BRDA:224,20,1,3
BRDA:227,21,0,1
BRDA:227,21,1,2
BRDA:235,22,0,0
BRDA:235,22,1,2
BRDA:244,23,0,0
BRDA:244,23,1,2
BRDA:253,24,0,0
BRDA:253,24,1,2
BRDA:257,25,0,0
BRDA:257,25,1,2
BRF:52
BRH:29
end_of_record
TN:
SF:services/transactions.js
FN:3,(anonymous_0)
FN:5,(anonymous_1)
FN:13,(anonymous_2)
FN:24,(anonymous_3)
FN:25,(anonymous_4)
FN:27,(anonymous_5)
FN:35,(anonymous_6)
FN:36,(anonymous_7)
FN:40,(anonymous_8)
FN:49,(anonymous_9)
FNF:10
FNH:8
FNDA:2,(anonymous_0)
FNDA:3,(anonymous_1)
FNDA:1,(anonymous_2)
FNDA:1,(anonymous_3)
FNDA:1,(anonymous_4)
FNDA:0,(anonymous_5)
FNDA:1,(anonymous_6)
FNDA:1,(anonymous_7)
FNDA:0,(anonymous_8)
FNDA:5,(anonymous_9)
DA:1,3
DA:3,3
DA:4,2
DA:5,2
DA:6,3
DA:7,1
DA:10,2
DA:13,3
DA:14,1
DA:16,1
DA:17,1
DA:18,1
DA:20,0
DA:24,3
DA:25,1
DA:27,1
DA:28,0
DA:29,0
DA:35,3
DA:36,1
DA:38,1
DA:39,1
DA:40,0
DA:41,0
DA:44,0
DA:49,3
DA:50,5
DA:51,5
DA:52,5
DA:54,5
DA:55,3
DA:56,3
DA:59,2
DA:60,2
DA:61,2
DA:62,1
DA:63,1
DA:66,1
DA:67,1
DA:68,1
DA:69,1
DA:70,1
DA:72,0
DA:76,3
LF:44
LH:37
BRDA:6,0,0,1
BRDA:6,0,1,2
BRDA:6,1,0,3
BRDA:6,1,1,2
BRDA:28,2,0,0
BRDA:28,2,1,0
BRDA:54,3,0,3
BRDA:54,3,1,2
BRDA:54,4,0,5
BRDA:54,4,1,4
BRDA:54,4,2,3
BRDA:61,5,0,1
BRDA:61,5,1,1
BRF:13
BRH:11
end_of_record
TN:
SF:services/reports/restockReport.js
FN:3,(anonymous_0)
FN:5,(anonymous_1)
FN:19,(anonymous_2)
FN:35,(anonymous_3)
FNF:4
FNH:0
FNDA:0,(anonymous_0)
FNDA:0,(anonymous_1)
FNDA:0,(anonymous_2)
FNDA:0,(anonymous_3)
DA:1,3
DA:3,3
DA:4,0
DA:7,0
DA:9,0
DA:12,0
DA:19,3
DA:29,0
DA:35,0
DA:36,0
DA:38,0
DA:39,0
DA:42,0
DA:43,0
DA:47,3
LF:15
LH:4
BRDA:7,0,0,0
BRDA:7,0,1,0
BRDA:36,1,0,0
BRDA:36,1,1,0
BRF:4
BRH:0
end_of_record
TN:
SF:services/reports/salesReport.js
FN:4,(anonymous_0)
FN:5,(anonymous_1)
FN:7,(anonymous_2)
FN:8,(anonymous_3)
FN:24,(anonymous_4)
FNF:5
FNH:0
FNDA:0,(anonymous_0)
FNDA:0,(anonymous_1)
FNDA:0,(anonymous_2)
FNDA:0,(anonymous_3)
FNDA:0,(anonymous_4)
DA:1,3
DA:4,3
DA:5,3
DA:7,3
DA:8,0
DA:9,0
DA:10,0
DA:11,0
DA:15,0
DA:24,0
DA:25,0
DA:26,0
DA:28,0
DA:34,3
LF:14
LH:5
BRDA:9,0,0,0
BRDA:9,0,1,0
BRDA:25,1,0,0
BRDA:25,1,1,0
BRF:4
BRH:0
end_of_record
TN:
SF:services/reports/whatSellsTogether.js
FN:3,(anonymous_0)
FN:14,(anonymous_1)
FN:20,(anonymous_2)
FN:26,(anonymous_3)
FNF:4
FNH:0
FNDA:0,(anonymous_0)
FNDA:0,(anonymous_1)
FNDA:0,(anonymous_2)
FNDA:0,(anonymous_3)
DA:1,3
DA:3,3
DA:4,0
DA:5,0
DA:10,0
DA:14,0
DA:15,0
DA:16,0
DA:17,0
DA:19,0
DA:20,0
DA:21,0
DA:22,0
DA:23,0
DA:25,0
DA:26,0
DA:27,0
DA:28,0
DA:36,3
LF:19
LH:3
BRDA:15,0,0,0
BRDA:15,0,1,0
BRDA:21,1,0,0
BRDA:21,1,1,0
BRDA:27,2,0,0
BRDA:27,2,1,0
BRF:6
BRH:0
end_of_record
